#
# There is insufficient memory for the Java Runtime Environment to continue.
# Native memory allocation (mmap) failed to map 65536 bytes for Failed to commit metaspace.
# Possible reasons:
#   The system is out of physical RAM or swap space
#   The process is running with CompressedOops enabled, and the Java Heap may be blocking the growth of the native heap
# Possible solutions:
#   Reduce memory load on the system
#   Increase physical memory or swap space
#   Check if swap backing store is full
#   Decrease Java heap size (-Xmx/-Xms)
#   Decrease number of Java threads
#   Decrease Java thread stack sizes (-Xss)
#   Set larger code cache with -XX:ReservedCodeCacheSize=
#   JVM is running with Unscaled Compressed Oops mode in which the Java heap is
#     placed in the first 4GB address space. The Java Heap base address is the
#     maximum limit for the native heap growth. Please use -XX:HeapBaseMinAddress
#     to set the Java Heap base and to place the Java Heap above 4GB virtual address.
# This output file may be truncated or incomplete.
#
#  Out of Memory Error (virtualSpaceNode.cpp:110), pid=15876, tid=13396
#
# JRE version: Java(TM) SE Runtime Environment (19.0.2+7) (build 19.0.2+7-44)
# Java VM: Java HotSpot(TM) 64-Bit Server VM (19.0.2+7-44, mixed mode, sharing, tiered, compressed oops, compressed class ptrs, g1 gc, windows-amd64)
# No core dump will be written. Minidumps are not enabled by default on client versions of Windows
#

---------------  S U M M A R Y ------------

Command Line: -Dfile.encoding=UTF-8 --module-path=D:\OneDrive\Documents\NetBeansProjects\Wellness\build\classes wellness.Openpage

Host: AMD Ryzen 5 4600H with Radeon Graphics         , 12 cores, 7G,  Windows 11 , 64 bit Build 22621 (10.0.22621.2506)
Time: Mon Nov  6 13:22:51 2023 India Standard Time elapsed time: 0.630385 seconds (0d 0h 0m 0s)

---------------  T H R E A D  ---------------

Current thread (0x000001fcaf7fe180):  JavaThread "AWT-EventQueue-0" [_thread_in_vm, id=13396, stack(0x00000040f0100000,0x00000040f0200000)]

Stack: [0x00000040f0100000,0x00000040f0200000]
Native frames: (J=compiled Java code, j=interpreted, Vv=VM code, C=native code)
V  [jvm.dll+0x6ee21a]
V  [jvm.dll+0x85765e]
V  [jvm.dll+0x85904e]
V  [jvm.dll+0x859703]
V  [jvm.dll+0x28298f]
V  [jvm.dll+0x8532db]
V  [jvm.dll+0x692cb6]
V  [jvm.dll+0x1f2937]
V  [jvm.dll+0x6956f2]
V  [jvm.dll+0x6954de]
V  [jvm.dll+0x6936de]
V  [jvm.dll+0x3c4eaf]
V  [jvm.dll+0x2161bb]
V  [jvm.dll+0x5a9ce0]
V  [jvm.dll+0x2257aa]
V  [jvm.dll+0x7cc802]
V  [jvm.dll+0x7cdc4a]
V  [jvm.dll+0x7ce3cd]
V  [jvm.dll+0x21f315]
V  [jvm.dll+0x2146ba]
V  [jvm.dll+0x5a9cb6]
V  [jvm.dll+0x2257aa]
V  [jvm.dll+0x7cc802]
V  [jvm.dll+0x7cdc4a]
V  [jvm.dll+0x7cdf78]
V  [jvm.dll+0x271e1b]
V  [jvm.dll+0x3dd21f]
C  0x000001fc9bfdd8ec

Java frames: (J=compiled Java code, j=interpreted, Vv=VM code)
j  javax.swing.text.html.HTMLEditorKit$HTMLFactory$BodyBlockView.layoutMinorAxis(II[I[I)V+8 java.desktop@19.0.2
j  javax.swing.text.BoxView.setSpanOnAxis(IF)V+118 java.desktop@19.0.2
j  javax.swing.text.BoxView.layout(II)V+4 java.desktop@19.0.2
j  javax.swing.text.BoxView.setSize(FF)V+37 java.desktop@19.0.2
j  javax.swing.text.BoxView.updateChildSizes()V+80 java.desktop@19.0.2
j  javax.swing.text.BoxView.setSpanOnAxis(IF)V+127 java.desktop@19.0.2
j  javax.swing.text.BoxView.layout(II)V+4 java.desktop@19.0.2
j  javax.swing.text.BoxView.setSize(FF)V+37 java.desktop@19.0.2
j  javax.swing.plaf.basic.BasicHTML$Renderer.setSize(FF)V+12 java.desktop@19.0.2
j  javax.swing.plaf.basic.BasicHTML$Renderer.<init>(Ljavax/swing/JComponent;Ljavax/swing/text/ViewFactory;Ljavax/swing/text/View;)V+45 java.desktop@19.0.2
j  javax.swing.plaf.basic.BasicHTML.createHTMLView(Ljavax/swing/JComponent;Ljava/lang/String;)Ljavax/swing/text/View;+98 java.desktop@19.0.2
j  javax.swing.plaf.basic.BasicHTML.updateRenderer(Ljavax/swing/JComponent;Ljava/lang/String;)V+40 java.desktop@19.0.2
j  javax.swing.plaf.basic.BasicButtonUI.installUI(Ljavax/swing/JComponent;)V+32 java.desktop@19.0.2
j  javax.swing.JComponent.setUI(Ljavax/swing/plaf/ComponentUI;)V+52 java.desktop@19.0.2
j  javax.swing.AbstractButton.setUI(Ljavax/swing/plaf/ButtonUI;)V+2 java.desktop@19.0.2
j  javax.swing.JCheckBox.updateUI()V+8 java.desktop@19.0.2
j  javax.swing.AbstractButton.init(Ljava/lang/String;Ljavax/swing/Icon;)V+19 java.desktop@19.0.2
j  javax.swing.JToggleButton.<init>(Ljava/lang/String;Ljavax/swing/Icon;Z)V+28 java.desktop@19.0.2
j  javax.swing.JCheckBox.<init>(Ljava/lang/String;Ljavax/swing/Icon;Z)V+4 java.desktop@19.0.2
j  javax.swing.JCheckBox.<init>(Ljava/lang/String;)V+4 java.desktop@19.0.2
j  wellness.Openpage.<init>()V+128
j  wellness.Openpage.lambda$main$0()V+4
j  wellness.Openpage$$Lambda$25+0x0000000801003138.run()V+0
j  java.awt.event.InvocationEvent.dispatch()V+47 java.desktop@19.0.2
j  java.awt.EventQueue.dispatchEventImpl(Ljava/awt/AWTEvent;Ljava/lang/Object;)V+21 java.desktop@19.0.2
j  java.awt.EventQueue$4.run()Ljava/lang/Void;+32 java.desktop@19.0.2
j  java.awt.EventQueue$4.run()Ljava/lang/Object;+1 java.desktop@19.0.2
j  java.security.AccessController.executePrivileged(Ljava/security/PrivilegedAction;Ljava/security/AccessControlContext;Ljava/lang/Class;)Ljava/lang/Object;+29 java.base@19.0.2
j  java.security.AccessController.doPrivileged(Ljava/security/PrivilegedAction;Ljava/security/AccessControlContext;)Ljava/lang/Object;+13 java.base@19.0.2
j  java.security.ProtectionDomain$JavaSecurityAccessImpl.doIntersectionPrivilege(Ljava/security/PrivilegedAction;Ljava/security/AccessControlContext;Ljava/security/AccessControlContext;)Ljava/lang/Object;+18 java.base@19.0.2
j  java.awt.EventQueue.dispatchEvent(Ljava/awt/AWTEvent;)V+46 java.desktop@19.0.2
j  java.awt.EventDispatchThread.pumpOneEventForFilters(I)V+81 java.desktop@19.0.2
j  java.awt.EventDispatchThread.pumpEventsForFilter(ILjava/awt/Conditional;Ljava/awt/EventFilter;)V+35 java.desktop@19.0.2
j  java.awt.EventDispatchThread.pumpEventsForHierarchy(ILjava/awt/Conditional;Ljava/awt/Component;)V+11 java.desktop@19.0.2
j  java.awt.EventDispatchThread.pumpEvents(ILjava/awt/Conditional;)V+4 java.desktop@19.0.2
j  java.awt.EventDispatchThread.pumpEvents(Ljava/awt/Conditional;)V+3 java.desktop@19.0.2
j  java.awt.EventDispatchThread.run()V+9 java.desktop@19.0.2
v  ~StubRoutines::call_stub 0x000001fc9bfb100e

---------------  P R O C E S S  ---------------

Threads class SMR info:
_java_thread_list=0x000001fcb2021ad0, length=17, elements={
0x000001fcab2c3c80, 0x000001fcab2c4870, 0x000001fcab2c5c10, 0x000001fcab2ca490,
0x000001fcab2cadc0, 0x000001fcab2cd700, 0x000001fcab2d3930, 0x000001fcab2d46b0,
0x000001fcab2deef0, 0x000001fcab29b680, 0x000001fcaf68a400, 0x000001fcaf74e980,
0x000001fcaf6dbda0, 0x000001fcaf6dc2e0, 0x000001fcaf7fe180, 0x000001fc8cb17890,
0x000001fcb2021ff0
}

Java Threads: ( => current thread )
  0x000001fcab2c3c80 JavaThread "Reference Handler" daemon [_thread_blocked, id=21856, stack(0x00000040ef200000,0x00000040ef300000)]
  0x000001fcab2c4870 JavaThread "Finalizer" daemon [_thread_blocked, id=21484, stack(0x00000040ef300000,0x00000040ef400000)]
  0x000001fcab2c5c10 JavaThread "Signal Dispatcher" daemon [_thread_blocked, id=20272, stack(0x00000040ef400000,0x00000040ef500000)]
  0x000001fcab2ca490 JavaThread "Attach Listener" daemon [_thread_blocked, id=16404, stack(0x00000040ef500000,0x00000040ef600000)]
  0x000001fcab2cadc0 JavaThread "Service Thread" daemon [_thread_blocked, id=7260, stack(0x00000040ef600000,0x00000040ef700000)]
  0x000001fcab2cd700 JavaThread "Monitor Deflation Thread" daemon [_thread_blocked, id=10256, stack(0x00000040ef700000,0x00000040ef800000)]
  0x000001fcab2d3930 JavaThread "C2 CompilerThread0" daemon [_thread_blocked, id=20384, stack(0x00000040ef800000,0x00000040ef900000)]
  0x000001fcab2d46b0 JavaThread "C1 CompilerThread0" daemon [_thread_in_vm, id=23232, stack(0x00000040ef900000,0x00000040efa00000)]
  0x000001fcab2deef0 JavaThread "Sweeper thread" daemon [_thread_blocked, id=2488, stack(0x00000040efa00000,0x00000040efb00000)]
  0x000001fcab29b680 JavaThread "Common-Cleaner" daemon [_thread_blocked, id=20436, stack(0x00000040efb00000,0x00000040efc00000)]
  0x000001fcaf68a400 JavaThread "Notification Thread" daemon [_thread_blocked, id=8824, stack(0x00000040efc00000,0x00000040efd00000)]
  0x000001fcaf74e980 JavaThread "Java2D Disposer" daemon [_thread_blocked, id=16812, stack(0x00000040efe00000,0x00000040eff00000)]
  0x000001fcaf6dbda0 JavaThread "AWT-Shutdown" [_thread_blocked, id=23780, stack(0x00000040eff00000,0x00000040f0000000)]
  0x000001fcaf6dc2e0 JavaThread "AWT-Windows" daemon [_thread_in_native, id=25140, stack(0x00000040f0000000,0x00000040f0100000)]
=>0x000001fcaf7fe180 JavaThread "AWT-EventQueue-0" [_thread_in_vm, id=13396, stack(0x00000040f0100000,0x00000040f0200000)]
  0x000001fc8cb17890 JavaThread "DestroyJavaVM" [_thread_blocked, id=5752, stack(0x00000040eeb00000,0x00000040eec00000)]
  0x000001fcb2021ff0 JavaThread "C2 CompilerThread1" daemon [_thread_blocked, id=11792, stack(0x00000040f0c00000,0x00000040f0d00000)]

Other Threads:
  0x000001fcab2aaca0 VMThread "VM Thread" [stack: 0x00000040ef100000,0x00000040ef200000] [id=9888]
  0x000001fcaf68a940 WatcherThread "VM Periodic Task Thread" [stack: 0x00000040efd00000,0x00000040efe00000] [id=15060]
  0x000001fc8cb751a0 WorkerThread "GC Thread#0" [stack: 0x00000040eec00000,0x00000040eed00000] [id=5828]
  0x000001fc8cb84e80 ConcurrentGCThread "G1 Main Marker" [stack: 0x00000040eed00000,0x00000040eee00000] [id=24200]
  0x000001fc8cb85a50 WorkerThread "G1 Conc#0" [stack: 0x00000040eee00000,0x00000040eef00000] [id=20300]
  0x000001fcab167500 ConcurrentGCThread "G1 Refine#0" [stack: 0x00000040eef00000,0x00000040ef000000] [id=11356]
  0x000001fc8cbde130 ConcurrentGCThread "G1 Service" [stack: 0x00000040ef000000,0x00000040ef100000] [id=11304]

Threads with active compile tasks:
C1 CompilerThread0      659  778       3       sun.font.FontDesignMetrics::getDefaultFrc (53 bytes)

VM state: not at safepoint (normal execution)

VM Mutex/Monitor currently owned by a thread:  ([mutex/lock_event])
[0x000001fc8cb113f0] Metaspace_lock - owner thread: 0x000001fcaf7fe180
[0x000001fc8cb13600] MethodData_lock - owner thread: 0x000001fcab2d46b0

Heap address: 0x0000000089400000, size: 1900 MB, Compressed Oops mode: 32-bit

CDS archive(s) mapped at: [0x0000000800000000-0x0000000800c40000-0x0000000800c40000), size 12845056, SharedBaseAddress: 0x0000000800000000, ArchiveRelocationMode: 0.
Compressed class space mapped at: 0x0000000801000000-0x0000000841000000, reserved size: 1073741824
Narrow klass base: 0x0000000800000000, Narrow klass shift: 0, Narrow klass range: 0x100000000

GC Precious Log:
 CardTable entry size: 512
 Card Set container configuration: InlinePtr #cards 5 size 8 Array Of Cards #cards 12 size 40 Howl #buckets 4 coarsen threshold 1843 Howl Bitmap #cards 512 size 80 coarsen threshold 460 Card regions per heap region 1 cards per card region 2048
 CPUs: 12 total, 12 available
 Memory: 7598M
 Large Page Support: Disabled
 NUMA Support: Disabled
 Compressed Oops: Enabled (32-bit)
 Heap Region Size: 1M
 Heap Min Capacity: 8M
 Heap Initial Capacity: 120M
 Heap Max Capacity: 1900M
 Pre-touch: Disabled
 Parallel Workers: 10
 Concurrent Workers: 3
 Concurrent Refinement Workers: 10
 Periodic GC: Disabled

Heap:
 garbage-first heap   total 122880K, used 6144K [0x0000000089400000, 0x0000000100000000)
  region size 1024K, 7 young (7168K), 0 survivors (0K)
 Metaspace       used 6952K, committed 7104K, reserved 1114112K
  class space    used 739K, committed 832K, reserved 1048576K

Heap Regions: E=young(eden), S=young(survivor), O=old, HS=humongous(starts), HC=humongous(continues), CS=collection set, F=free, OA=open archive, CA=closed archive, TAMS=top-at-mark-start (previous, next)
|   0|0x0000000089400000, 0x0000000089400000, 0x0000000089500000|  0%| F|  |TAMS 0x0000000089400000, 0x0000000089400000| Untracked 
|   1|0x0000000089500000, 0x0000000089500000, 0x0000000089600000|  0%| F|  |TAMS 0x0000000089500000, 0x0000000089500000| Untracked 
|   2|0x0000000089600000, 0x0000000089600000, 0x0000000089700000|  0%| F|  |TAMS 0x0000000089600000, 0x0000000089600000| Untracked 
|   3|0x0000000089700000, 0x0000000089700000, 0x0000000089800000|  0%| F|  |TAMS 0x0000000089700000, 0x0000000089700000| Untracked 
|   4|0x0000000089800000, 0x0000000089800000, 0x0000000089900000|  0%| F|  |TAMS 0x0000000089800000, 0x0000000089800000| Untracked 
|   5|0x0000000089900000, 0x0000000089900000, 0x0000000089a00000|  0%| F|  |TAMS 0x0000000089900000, 0x0000000089900000| Untracked 
|   6|0x0000000089a00000, 0x0000000089a00000, 0x0000000089b00000|  0%| F|  |TAMS 0x0000000089a00000, 0x0000000089a00000| Untracked 
|   7|0x0000000089b00000, 0x0000000089b00000, 0x0000000089c00000|  0%| F|  |TAMS 0x0000000089b00000, 0x0000000089b00000| Untracked 
|   8|0x0000000089c00000, 0x0000000089c00000, 0x0000000089d00000|  0%| F|  |TAMS 0x0000000089c00000, 0x0000000089c00000| Untracked 
|   9|0x0000000089d00000, 0x0000000089d00000, 0x0000000089e00000|  0%| F|  |TAMS 0x0000000089d00000, 0x0000000089d00000| Untracked 
|  10|0x0000000089e00000, 0x0000000089e00000, 0x0000000089f00000|  0%| F|  |TAMS 0x0000000089e00000, 0x0000000089e00000| Untracked 
|  11|0x0000000089f00000, 0x0000000089f00000, 0x000000008a000000|  0%| F|  |TAMS 0x0000000089f00000, 0x0000000089f00000| Untracked 
|  12|0x000000008a000000, 0x000000008a000000, 0x000000008a100000|  0%| F|  |TAMS 0x000000008a000000, 0x000000008a000000| Untracked 
|  13|0x000000008a100000, 0x000000008a100000, 0x000000008a200000|  0%| F|  |TAMS 0x000000008a100000, 0x000000008a100000| Untracked 
|  14|0x000000008a200000, 0x000000008a200000, 0x000000008a300000|  0%| F|  |TAMS 0x000000008a200000, 0x000000008a200000| Untracked 
|  15|0x000000008a300000, 0x000000008a300000, 0x000000008a400000|  0%| F|  |TAMS 0x000000008a300000, 0x000000008a300000| Untracked 
|  16|0x000000008a400000, 0x000000008a400000, 0x000000008a500000|  0%| F|  |TAMS 0x000000008a400000, 0x000000008a400000| Untracked 
|  17|0x000000008a500000, 0x000000008a500000, 0x000000008a600000|  0%| F|  |TAMS 0x000000008a500000, 0x000000008a500000| Untracked 
|  18|0x000000008a600000, 0x000000008a600000, 0x000000008a700000|  0%| F|  |TAMS 0x000000008a600000, 0x000000008a600000| Untracked 
|  19|0x000000008a700000, 0x000000008a700000, 0x000000008a800000|  0%| F|  |TAMS 0x000000008a700000, 0x000000008a700000| Untracked 
|  20|0x000000008a800000, 0x000000008a800000, 0x000000008a900000|  0%| F|  |TAMS 0x000000008a800000, 0x000000008a800000| Untracked 
|  21|0x000000008a900000, 0x000000008a900000, 0x000000008aa00000|  0%| F|  |TAMS 0x000000008a900000, 0x000000008a900000| Untracked 
|  22|0x000000008aa00000, 0x000000008aa00000, 0x000000008ab00000|  0%| F|  |TAMS 0x000000008aa00000, 0x000000008aa00000| Untracked 
|  23|0x000000008ab00000, 0x000000008ab00000, 0x000000008ac00000|  0%| F|  |TAMS 0x000000008ab00000, 0x000000008ab00000| Untracked 
|  24|0x000000008ac00000, 0x000000008ac00000, 0x000000008ad00000|  0%| F|  |TAMS 0x000000008ac00000, 0x000000008ac00000| Untracked 
|  25|0x000000008ad00000, 0x000000008ad00000, 0x000000008ae00000|  0%| F|  |TAMS 0x000000008ad00000, 0x000000008ad00000| Untracked 
|  26|0x000000008ae00000, 0x000000008ae00000, 0x000000008af00000|  0%| F|  |TAMS 0x000000008ae00000, 0x000000008ae00000| Untracked 
|  27|0x000000008af00000, 0x000000008af00000, 0x000000008b000000|  0%| F|  |TAMS 0x000000008af00000, 0x000000008af00000| Untracked 
|  28|0x000000008b000000, 0x000000008b000000, 0x000000008b100000|  0%| F|  |TAMS 0x000000008b000000, 0x000000008b000000| Untracked 
|  29|0x000000008b100000, 0x000000008b100000, 0x000000008b200000|  0%| F|  |TAMS 0x000000008b100000, 0x000000008b100000| Untracked 
|  30|0x000000008b200000, 0x000000008b200000, 0x000000008b300000|  0%| F|  |TAMS 0x000000008b200000, 0x000000008b200000| Untracked 
|  31|0x000000008b300000, 0x000000008b300000, 0x000000008b400000|  0%| F|  |TAMS 0x000000008b300000, 0x000000008b300000| Untracked 
|  32|0x000000008b400000, 0x000000008b400000, 0x000000008b500000|  0%| F|  |TAMS 0x000000008b400000, 0x000000008b400000| Untracked 
|  33|0x000000008b500000, 0x000000008b500000, 0x000000008b600000|  0%| F|  |TAMS 0x000000008b500000, 0x000000008b500000| Untracked 
|  34|0x000000008b600000, 0x000000008b600000, 0x000000008b700000|  0%| F|  |TAMS 0x000000008b600000, 0x000000008b600000| Untracked 
|  35|0x000000008b700000, 0x000000008b700000, 0x000000008b800000|  0%| F|  |TAMS 0x000000008b700000, 0x000000008b700000| Untracked 
|  36|0x000000008b800000, 0x000000008b800000, 0x000000008b900000|  0%| F|  |TAMS 0x000000008b800000, 0x000000008b800000| Untracked 
|  37|0x000000008b900000, 0x000000008b900000, 0x000000008ba00000|  0%| F|  |TAMS 0x000000008b900000, 0x000000008b900000| Untracked 
|  38|0x000000008ba00000, 0x000000008ba00000, 0x000000008bb00000|  0%| F|  |TAMS 0x000000008ba00000, 0x000000008ba00000| Untracked 
|  39|0x000000008bb00000, 0x000000008bb00000, 0x000000008bc00000|  0%| F|  |TAMS 0x000000008bb00000, 0x000000008bb00000| Untracked 
|  40|0x000000008bc00000, 0x000000008bc00000, 0x000000008bd00000|  0%| F|  |TAMS 0x000000008bc00000, 0x000000008bc00000| Untracked 
|  41|0x000000008bd00000, 0x000000008bd00000, 0x000000008be00000|  0%| F|  |TAMS 0x000000008bd00000, 0x000000008bd00000| Untracked 
|  42|0x000000008be00000, 0x000000008be00000, 0x000000008bf00000|  0%| F|  |TAMS 0x000000008be00000, 0x000000008be00000| Untracked 
|  43|0x000000008bf00000, 0x000000008bf00000, 0x000000008c000000|  0%| F|  |TAMS 0x000000008bf00000, 0x000000008bf00000| Untracked 
|  44|0x000000008c000000, 0x000000008c000000, 0x000000008c100000|  0%| F|  |TAMS 0x000000008c000000, 0x000000008c000000| Untracked 
|  45|0x000000008c100000, 0x000000008c100000, 0x000000008c200000|  0%| F|  |TAMS 0x000000008c100000, 0x000000008c100000| Untracked 
|  46|0x000000008c200000, 0x000000008c200000, 0x000000008c300000|  0%| F|  |TAMS 0x000000008c200000, 0x000000008c200000| Untracked 
|  47|0x000000008c300000, 0x000000008c300000, 0x000000008c400000|  0%| F|  |TAMS 0x000000008c300000, 0x000000008c300000| Untracked 
|  48|0x000000008c400000, 0x000000008c400000, 0x000000008c500000|  0%| F|  |TAMS 0x000000008c400000, 0x000000008c400000| Untracked 
|  49|0x000000008c500000, 0x000000008c500000, 0x000000008c600000|  0%| F|  |TAMS 0x000000008c500000, 0x000000008c500000| Untracked 
|  50|0x000000008c600000, 0x000000008c600000, 0x000000008c700000|  0%| F|  |TAMS 0x000000008c600000, 0x000000008c600000| Untracked 
|  51|0x000000008c700000, 0x000000008c700000, 0x000000008c800000|  0%| F|  |TAMS 0x000000008c700000, 0x000000008c700000| Untracked 
|  52|0x000000008c800000, 0x000000008c800000, 0x000000008c900000|  0%| F|  |TAMS 0x000000008c800000, 0x000000008c800000| Untracked 
|  53|0x000000008c900000, 0x000000008c900000, 0x000000008ca00000|  0%| F|  |TAMS 0x000000008c900000, 0x000000008c900000| Untracked 
|  54|0x000000008ca00000, 0x000000008ca00000, 0x000000008cb00000|  0%| F|  |TAMS 0x000000008ca00000, 0x000000008ca00000| Untracked 
|  55|0x000000008cb00000, 0x000000008cb00000, 0x000000008cc00000|  0%| F|  |TAMS 0x000000008cb00000, 0x000000008cb00000| Untracked 
|  56|0x000000008cc00000, 0x000000008cc00000, 0x000000008cd00000|  0%| F|  |TAMS 0x000000008cc00000, 0x000000008cc00000| Untracked 
|  57|0x000000008cd00000, 0x000000008cd00000, 0x000000008ce00000|  0%| F|  |TAMS 0x000000008cd00000, 0x000000008cd00000| Untracked 
|  58|0x000000008ce00000, 0x000000008ce00000, 0x000000008cf00000|  0%| F|  |TAMS 0x000000008ce00000, 0x000000008ce00000| Untracked 
|  59|0x000000008cf00000, 0x000000008cf00000, 0x000000008d000000|  0%| F|  |TAMS 0x000000008cf00000, 0x000000008cf00000| Untracked 
|  60|0x000000008d000000, 0x000000008d000000, 0x000000008d100000|  0%| F|  |TAMS 0x000000008d000000, 0x000000008d000000| Untracked 
|  61|0x000000008d100000, 0x000000008d100000, 0x000000008d200000|  0%| F|  |TAMS 0x000000008d100000, 0x000000008d100000| Untracked 
|  62|0x000000008d200000, 0x000000008d200000, 0x000000008d300000|  0%| F|  |TAMS 0x000000008d200000, 0x000000008d200000| Untracked 
|  63|0x000000008d300000, 0x000000008d300000, 0x000000008d400000|  0%| F|  |TAMS 0x000000008d300000, 0x000000008d300000| Untracked 
|  64|0x000000008d400000, 0x000000008d400000, 0x000000008d500000|  0%| F|  |TAMS 0x000000008d400000, 0x000000008d400000| Untracked 
|  65|0x000000008d500000, 0x000000008d500000, 0x000000008d600000|  0%| F|  |TAMS 0x000000008d500000, 0x000000008d500000| Untracked 
|  66|0x000000008d600000, 0x000000008d600000, 0x000000008d700000|  0%| F|  |TAMS 0x000000008d600000, 0x000000008d600000| Untracked 
|  67|0x000000008d700000, 0x000000008d700000, 0x000000008d800000|  0%| F|  |TAMS 0x000000008d700000, 0x000000008d700000| Untracked 
|  68|0x000000008d800000, 0x000000008d800000, 0x000000008d900000|  0%| F|  |TAMS 0x000000008d800000, 0x000000008d800000| Untracked 
|  69|0x000000008d900000, 0x000000008d900000, 0x000000008da00000|  0%| F|  |TAMS 0x000000008d900000, 0x000000008d900000| Untracked 
|  70|0x000000008da00000, 0x000000008da00000, 0x000000008db00000|  0%| F|  |TAMS 0x000000008da00000, 0x000000008da00000| Untracked 
|  71|0x000000008db00000, 0x000000008db00000, 0x000000008dc00000|  0%| F|  |TAMS 0x000000008db00000, 0x000000008db00000| Untracked 
|  72|0x000000008dc00000, 0x000000008dc00000, 0x000000008dd00000|  0%| F|  |TAMS 0x000000008dc00000, 0x000000008dc00000| Untracked 
|  73|0x000000008dd00000, 0x000000008dd00000, 0x000000008de00000|  0%| F|  |TAMS 0x000000008dd00000, 0x000000008dd00000| Untracked 
|  74|0x000000008de00000, 0x000000008de00000, 0x000000008df00000|  0%| F|  |TAMS 0x000000008de00000, 0x000000008de00000| Untracked 
|  75|0x000000008df00000, 0x000000008df00000, 0x000000008e000000|  0%| F|  |TAMS 0x000000008df00000, 0x000000008df00000| Untracked 
|  76|0x000000008e000000, 0x000000008e000000, 0x000000008e100000|  0%| F|  |TAMS 0x000000008e000000, 0x000000008e000000| Untracked 
|  77|0x000000008e100000, 0x000000008e100000, 0x000000008e200000|  0%| F|  |TAMS 0x000000008e100000, 0x000000008e100000| Untracked 
|  78|0x000000008e200000, 0x000000008e200000, 0x000000008e300000|  0%| F|  |TAMS 0x000000008e200000, 0x000000008e200000| Untracked 
|  79|0x000000008e300000, 0x000000008e300000, 0x000000008e400000|  0%| F|  |TAMS 0x000000008e300000, 0x000000008e300000| Untracked 
|  80|0x000000008e400000, 0x000000008e400000, 0x000000008e500000|  0%| F|  |TAMS 0x000000008e400000, 0x000000008e400000| Untracked 
|  81|0x000000008e500000, 0x000000008e500000, 0x000000008e600000|  0%| F|  |TAMS 0x000000008e500000, 0x000000008e500000| Untracked 
|  82|0x000000008e600000, 0x000000008e600000, 0x000000008e700000|  0%| F|  |TAMS 0x000000008e600000, 0x000000008e600000| Untracked 
|  83|0x000000008e700000, 0x000000008e700000, 0x000000008e800000|  0%| F|  |TAMS 0x000000008e700000, 0x000000008e700000| Untracked 
|  84|0x000000008e800000, 0x000000008e800000, 0x000000008e900000|  0%| F|  |TAMS 0x000000008e800000, 0x000000008e800000| Untracked 
|  85|0x000000008e900000, 0x000000008e900000, 0x000000008ea00000|  0%| F|  |TAMS 0x000000008e900000, 0x000000008e900000| Untracked 
|  86|0x000000008ea00000, 0x000000008ea00000, 0x000000008eb00000|  0%| F|  |TAMS 0x000000008ea00000, 0x000000008ea00000| Untracked 
|  87|0x000000008eb00000, 0x000000008eb00000, 0x000000008ec00000|  0%| F|  |TAMS 0x000000008eb00000, 0x000000008eb00000| Untracked 
|  88|0x000000008ec00000, 0x000000008ec00000, 0x000000008ed00000|  0%| F|  |TAMS 0x000000008ec00000, 0x000000008ec00000| Untracked 
|  89|0x000000008ed00000, 0x000000008ed00000, 0x000000008ee00000|  0%| F|  |TAMS 0x000000008ed00000, 0x000000008ed00000| Untracked 
|  90|0x000000008ee00000, 0x000000008ee00000, 0x000000008ef00000|  0%| F|  |TAMS 0x000000008ee00000, 0x000000008ee00000| Untracked 
|  91|0x000000008ef00000, 0x000000008ef00000, 0x000000008f000000|  0%| F|  |TAMS 0x000000008ef00000, 0x000000008ef00000| Untracked 
|  92|0x000000008f000000, 0x000000008f000000, 0x000000008f100000|  0%| F|  |TAMS 0x000000008f000000, 0x000000008f000000| Untracked 
|  93|0x000000008f100000, 0x000000008f100000, 0x000000008f200000|  0%| F|  |TAMS 0x000000008f100000, 0x000000008f100000| Untracked 
|  94|0x000000008f200000, 0x000000008f200000, 0x000000008f300000|  0%| F|  |TAMS 0x000000008f200000, 0x000000008f200000| Untracked 
|  95|0x000000008f300000, 0x000000008f300000, 0x000000008f400000|  0%| F|  |TAMS 0x000000008f300000, 0x000000008f300000| Untracked 
|  96|0x000000008f400000, 0x000000008f400000, 0x000000008f500000|  0%| F|  |TAMS 0x000000008f400000, 0x000000008f400000| Untracked 
|  97|0x000000008f500000, 0x000000008f500000, 0x000000008f600000|  0%| F|  |TAMS 0x000000008f500000, 0x000000008f500000| Untracked 
|  98|0x000000008f600000, 0x000000008f600000, 0x000000008f700000|  0%| F|  |TAMS 0x000000008f600000, 0x000000008f600000| Untracked 
|  99|0x000000008f700000, 0x000000008f700000, 0x000000008f800000|  0%| F|  |TAMS 0x000000008f700000, 0x000000008f700000| Untracked 
| 100|0x000000008f800000, 0x000000008f800000, 0x000000008f900000|  0%| F|  |TAMS 0x000000008f800000, 0x000000008f800000| Untracked 
| 101|0x000000008f900000, 0x000000008f900000, 0x000000008fa00000|  0%| F|  |TAMS 0x000000008f900000, 0x000000008f900000| Untracked 
| 102|0x000000008fa00000, 0x000000008fa00000, 0x000000008fb00000|  0%| F|  |TAMS 0x000000008fa00000, 0x000000008fa00000| Untracked 
| 103|0x000000008fb00000, 0x000000008fb00000, 0x000000008fc00000|  0%| F|  |TAMS 0x000000008fb00000, 0x000000008fb00000| Untracked 
| 104|0x000000008fc00000, 0x000000008fc00000, 0x000000008fd00000|  0%| F|  |TAMS 0x000000008fc00000, 0x000000008fc00000| Untracked 
| 105|0x000000008fd00000, 0x000000008fd00000, 0x000000008fe00000|  0%| F|  |TAMS 0x000000008fd00000, 0x000000008fd00000| Untracked 
| 106|0x000000008fe00000, 0x000000008fe00000, 0x000000008ff00000|  0%| F|  |TAMS 0x000000008fe00000, 0x000000008fe00000| Untracked 
| 107|0x000000008ff00000, 0x000000008ff00000, 0x0000000090000000|  0%| F|  |TAMS 0x000000008ff00000, 0x000000008ff00000| Untracked 
| 108|0x0000000090000000, 0x0000000090000000, 0x0000000090100000|  0%| F|  |TAMS 0x0000000090000000, 0x0000000090000000| Untracked 
| 109|0x0000000090100000, 0x0000000090100000, 0x0000000090200000|  0%| F|  |TAMS 0x0000000090100000, 0x0000000090100000| Untracked 
| 110|0x0000000090200000, 0x0000000090200000, 0x0000000090300000|  0%| F|  |TAMS 0x0000000090200000, 0x0000000090200000| Untracked 
| 111|0x0000000090300000, 0x0000000090300000, 0x0000000090400000|  0%| F|  |TAMS 0x0000000090300000, 0x0000000090300000| Untracked 
| 112|0x0000000090400000, 0x0000000090400000, 0x0000000090500000|  0%| F|  |TAMS 0x0000000090400000, 0x0000000090400000| Untracked 
| 113|0x0000000090500000, 0x00000000905ec0d0, 0x0000000090600000| 92%| E|  |TAMS 0x0000000090500000, 0x0000000090500000| Complete 
| 114|0x0000000090600000, 0x0000000090700000, 0x0000000090700000|100%| E|CS|TAMS 0x0000000090600000, 0x0000000090600000| Complete 
| 115|0x0000000090700000, 0x0000000090800000, 0x0000000090800000|100%| E|CS|TAMS 0x0000000090700000, 0x0000000090700000| Complete 
| 116|0x0000000090800000, 0x0000000090900000, 0x0000000090900000|100%| E|CS|TAMS 0x0000000090800000, 0x0000000090800000| Complete 
| 117|0x0000000090900000, 0x0000000090a00000, 0x0000000090a00000|100%| E|CS|TAMS 0x0000000090900000, 0x0000000090900000| Complete 
| 118|0x0000000090a00000, 0x0000000090b00000, 0x0000000090b00000|100%| E|CS|TAMS 0x0000000090a00000, 0x0000000090a00000| Complete 
| 119|0x0000000090b00000, 0x0000000090c00000, 0x0000000090c00000|100%| E|CS|TAMS 0x0000000090b00000, 0x0000000090b00000| Complete 

Card table byte_map: [0x000001fca43a0000,0x000001fca4760000] _byte_map_base: 0x000001fca3f56000

Marking Bits (Prev, Next): (CMBitMap*) 0x000001fc8cb757d0, (CMBitMap*) 0x000001fc8cb75810
 Prev Bits: [0x000001fca4b20000, 0x000001fca68d0000)
 Next Bits: [0x000001fca68d0000, 0x000001fca8680000)

Polling page: 0x000001fc8c2e0000

Metaspace:

Usage:
  Non-class:      6.07 MB used.
      Class:    739.48 KB used.
       Both:      6.79 MB used.

Virtual space:
  Non-class space:       64.00 MB reserved,       6.12 MB ( 10%) committed,  1 nodes.
      Class space:        1.00 GB reserved,     832.00 KB ( <1%) committed,  1 nodes.
             Both:        1.06 GB reserved,       6.94 MB ( <1%) committed. 

Chunk freelists:
   Non-Class:  1.00 MB
       Class:  3.11 MB
        Both:  4.11 MB

MaxMetaspaceSize: unlimited
CompressedClassSpaceSize: 1.00 GB
Initial GC threshold: 21.00 MB
Current GC threshold: 21.00 MB
CDS: on
MetaspaceReclaimPolicy: balanced
 - commit_granule_bytes: 65536.
 - commit_granule_words: 8192.
 - virtual_space_node_default_size: 8388608.
 - enlarge_chunks_in_place: 1.
 - new_chunks_are_fully_committed: 0.
 - uncommit_free_chunks: 1.
 - use_allocation_guard: 0.


Internal statistics:

num_allocs_failed_limit: 0.
num_arena_births: 138.
num_arena_deaths: 0.
num_vsnodes_births: 2.
num_vsnodes_deaths: 0.
num_space_committed: 111.
num_space_uncommitted: 0.
num_chunks_returned_to_freelist: 0.
num_chunks_taken_from_freelist: 151.
num_chunk_merges: 0.
num_chunk_splits: 102.
num_chunks_enlarged: 67.
num_inconsistent_stats: 0.

CodeHeap 'non-profiled nmethods': size=120000Kb used=226Kb max_used=226Kb free=119773Kb
 bounds [0x000001fc9c550000, 0x000001fc9c7c0000, 0x000001fca3a80000]
CodeHeap 'profiled nmethods': size=120000Kb used=1076Kb max_used=1076Kb free=118923Kb
 bounds [0x000001fc94a80000, 0x000001fc94cf0000, 0x000001fc9bfb0000]
CodeHeap 'non-nmethods': size=5760Kb used=1325Kb max_used=1339Kb free=4434Kb
 bounds [0x000001fc9bfb0000, 0x000001fc9c220000, 0x000001fc9c550000]
 total_blobs=1331 nmethods=771 adapters=471
 compilation: enabled
              stopped_count=0, restarted_count=0
 full_count=0

Compilation events (20 events):
Event: 0.610 Thread 0x000001fcab2d46b0 nmethod 762 0x000001fc9c587b90 code [0x000001fc9c587d20, 0x000001fc9c587dd8]
Event: 0.610 Thread 0x000001fcab2d46b0  763       1       sun.font.SunFontManager::usingAlternateCompositeFonts (5 bytes)
Event: 0.610 Thread 0x000001fcab2d46b0 nmethod 763 0x000001fc9c587e90 code [0x000001fc9c588020, 0x000001fc9c5880f8]
Event: 0.610 Thread 0x000001fcab2d46b0  764       1       java.awt.FontMetrics::getFont (5 bytes)
Event: 0.610 Thread 0x000001fcab2d46b0 nmethod 764 0x000001fc9c588190 code [0x000001fc9c588320, 0x000001fc9c5883d8]
Event: 0.610 Thread 0x000001fcab2d46b0  765       1       sun.font.FontDesignMetrics::getFontRenderContext (5 bytes)
Event: 0.610 Thread 0x000001fcab2d46b0 nmethod 765 0x000001fc9c588490 code [0x000001fc9c588620, 0x000001fc9c5886d8]
Event: 0.610 Thread 0x000001fcab2d46b0  766       1       javax.swing.text.View::getParent (5 bytes)
Event: 0.610 Thread 0x000001fcab2d46b0 nmethod 766 0x000001fc9c588790 code [0x000001fc9c588920, 0x000001fc9c5889d8]
Event: 0.610 Thread 0x000001fcab2d46b0  767       3       java.awt.font.FontRenderContext::equals (127 bytes)
Event: 0.611 Thread 0x000001fcab2d46b0 nmethod 767 0x000001fc94b86290 code [0x000001fc94b86580, 0x000001fc94b87798]
Event: 0.611 Thread 0x000001fcab2d46b0  768       3       java.awt.Font::equals (131 bytes)
Event: 0.612 Thread 0x000001fcab2d46b0 nmethod 768 0x000001fc94b87b10 code [0x000001fc94b87d40, 0x000001fc94b884c8]
Event: 0.612 Thread 0x000001fcab2d46b0  769   !   3       sun.font.FontManagerFactory::getInstance (41 bytes)
Event: 0.613 Thread 0x000001fcab2d46b0 nmethod 769 0x000001fc94b88690 code [0x000001fc94b888c0, 0x000001fc94b891b8]
Event: 0.613 Thread 0x000001fcab2d46b0  776   !   3       sun.font.FontDesignMetrics::getMetrics (265 bytes)
Event: 0.615 Thread 0x000001fcab2d46b0 nmethod 776 0x000001fc94b89590 code [0x000001fc94b899e0, 0x000001fc94b8be28]
Event: 0.615 Thread 0x000001fcab2d46b0  781       3       sun.font.FontUtilities::isComplexText (38 bytes)
Event: 0.615 Thread 0x000001fcab2d46b0 nmethod 781 0x000001fc94b8ca10 code [0x000001fc94b8cbe0, 0x000001fc94b8cfe8]
Event: 0.615 Thread 0x000001fcab2d46b0  778       3       sun.font.FontDesignMetrics::getDefaultFrc (53 bytes)

GC Heap History (0 events):
No events

Dll operation events (8 events):
Event: 0.012 Loaded shared library C:\Program Files\Java\jdk-19\bin\java.dll
Event: 0.025 Loaded shared library C:\Program Files\Java\jdk-19\bin\jsvml.dll
Event: 0.094 Loaded shared library C:\Program Files\Java\jdk-19\bin\net.dll
Event: 0.096 Loaded shared library C:\Program Files\Java\jdk-19\bin\nio.dll
Event: 0.135 Loaded shared library C:\Program Files\Java\jdk-19\bin\jimage.dll
Event: 0.156 Loaded shared library C:\Program Files\Java\jdk-19\bin\awt.dll
Event: 0.500 Loaded shared library C:\Program Files\Java\jdk-19\bin\freetype.dll
Event: 0.501 Loaded shared library C:\Program Files\Java\jdk-19\bin\fontmanager.dll

Deoptimization events (20 events):
Event: 0.558 Thread 0x000001fcaf7fe180 Uncommon trap: trap_request=0xffffffde fr.pc=0x000001fc9c57ff04 relative=0x0000000000000984
Event: 0.558 Thread 0x000001fcaf7fe180 Uncommon trap: reason=class_check action=maybe_recompile pc=0x000001fc9c57ff04 method=java.util.HashMap.putVal(ILjava/lang/Object;Ljava/lang/Object;ZZ)Ljava/lang/Object; @ 253 c2
Event: 0.558 Thread 0x000001fcaf7fe180 DEOPT PACKING pc=0x000001fc9c57ff04 sp=0x00000040f01fdf80
Event: 0.558 Thread 0x000001fcaf7fe180 DEOPT UNPACKING pc=0x000001fc9c016da3 sp=0x00000040f01fdea0 mode 2
Event: 0.559 Thread 0x000001fcaf7fe180 Uncommon trap: trap_request=0xffffffde fr.pc=0x000001fc9c56053c relative=0x000000000000019c
Event: 0.559 Thread 0x000001fcaf7fe180 Uncommon trap: reason=class_check action=maybe_recompile pc=0x000001fc9c56053c method=java.lang.String.equals(Ljava/lang/Object;)Z @ 8 c2
Event: 0.559 Thread 0x000001fcaf7fe180 DEOPT PACKING pc=0x000001fc9c56053c sp=0x00000040f01fda50
Event: 0.559 Thread 0x000001fcaf7fe180 DEOPT UNPACKING pc=0x000001fc9c016da3 sp=0x00000040f01fd9f8 mode 2
Event: 0.560 Thread 0x000001fcaf7fe180 Uncommon trap: trap_request=0xffffffde fr.pc=0x000001fc9c56053c relative=0x000000000000019c
Event: 0.560 Thread 0x000001fcaf7fe180 Uncommon trap: reason=class_check action=maybe_recompile pc=0x000001fc9c56053c method=java.lang.String.equals(Ljava/lang/Object;)Z @ 8 c2
Event: 0.560 Thread 0x000001fcaf7fe180 DEOPT PACKING pc=0x000001fc9c56053c sp=0x00000040f01fdc50
Event: 0.560 Thread 0x000001fcaf7fe180 DEOPT UNPACKING pc=0x000001fc9c016da3 sp=0x00000040f01fdbf8 mode 2
Event: 0.561 Thread 0x000001fcaf7fe180 Uncommon trap: trap_request=0xffffffde fr.pc=0x000001fc9c56053c relative=0x000000000000019c
Event: 0.561 Thread 0x000001fcaf7fe180 Uncommon trap: reason=class_check action=maybe_recompile pc=0x000001fc9c56053c method=java.lang.String.equals(Ljava/lang/Object;)Z @ 8 c2
Event: 0.561 Thread 0x000001fcaf7fe180 DEOPT PACKING pc=0x000001fc9c56053c sp=0x00000040f01fe320
Event: 0.561 Thread 0x000001fcaf7fe180 DEOPT UNPACKING pc=0x000001fc9c016da3 sp=0x00000040f01fe2c8 mode 2
Event: 0.562 Thread 0x000001fcaf7fe180 Uncommon trap: trap_request=0xffffffde fr.pc=0x000001fc9c56053c relative=0x000000000000019c
Event: 0.562 Thread 0x000001fcaf7fe180 Uncommon trap: reason=class_check action=maybe_recompile pc=0x000001fc9c56053c method=java.lang.String.equals(Ljava/lang/Object;)Z @ 8 c2
Event: 0.562 Thread 0x000001fcaf7fe180 DEOPT PACKING pc=0x000001fc9c56053c sp=0x00000040f01fe130
Event: 0.562 Thread 0x000001fcaf7fe180 DEOPT UNPACKING pc=0x000001fc9c016da3 sp=0x00000040f01fe0d8 mode 2

Classes loaded (20 events):
Event: 0.588 Loading class javax/swing/text/Utilities
Event: 0.588 Loading class javax/swing/text/Utilities done
Event: 0.589 Loading class sun/font/CompositeGlyphMapper
Event: 0.589 Loading class sun/font/CompositeGlyphMapper done
Event: 0.598 Loading class jdk/internal/foreign/MemorySessionImpl
Event: 0.598 Loading class java/lang/foreign/MemorySession
Event: 0.598 Loading class java/lang/foreign/SegmentAllocator
Event: 0.598 Loading class java/lang/foreign/SegmentAllocator done
Event: 0.598 Loading class java/lang/foreign/MemorySession done
Event: 0.599 Loading class jdk/internal/foreign/MemorySessionImpl done
Event: 0.607 Loading class javax/swing/text/WhitespaceBasedBreakIterator
Event: 0.607 Loading class java/text/BreakIterator
Event: 0.607 Loading class java/text/BreakIterator done
Event: 0.607 Loading class javax/swing/text/WhitespaceBasedBreakIterator done
Event: 0.610 Loading class javax/swing/text/ComponentView
Event: 0.610 Loading class javax/swing/text/ComponentView done
Event: 0.614 Loading class javax/swing/JEditorPane
Event: 0.614 Loading class javax/swing/text/JTextComponent
Event: 0.615 Loading class javax/swing/Scrollable
Event: 0.615 Loading class javax/swing/Scrollable done

Classes unloaded (0 events):
No events

Classes redefined (0 events):
No events

Internal exceptions (13 events):
Event: 0.098 Thread 0x000001fc8cb17890 Exception <a 'sun/nio/fs/WindowsException'{0x0000000090a44f50}> (0x0000000090a44f50) 
thrown [s\open\src\hotspot\share\prims\jni.cpp, line 517]
Event: 0.099 Thread 0x000001fc8cb17890 Exception <a 'sun/nio/fs/WindowsException'{0x0000000090a45460}> (0x0000000090a45460) 
thrown [s\open\src\hotspot\share\prims\jni.cpp, line 517]
Event: 0.101 Thread 0x000001fc8cb17890 Exception <a 'sun/nio/fs/WindowsException'{0x0000000090a47660}> (0x0000000090a47660) 
thrown [s\open\src\hotspot\share\prims\jni.cpp, line 517]
Event: 0.143 Thread 0x000001fc8cb17890 Exception <a 'java/lang/ClassNotFoundException'{0x000000009096ebf0}: sun/awt/resources/spi/awtProvider> (0x000000009096ebf0) 
thrown [s\open\src\hotspot\share\classfile\systemDictionary.cpp, line 255]
Event: 0.173 Thread 0x000001fc8cb17890 Exception <a 'java/io/FileNotFoundException'{0x00000000909c6418}> (0x00000000909c6418) 
thrown [s\open\src\hotspot\share\prims\jni.cpp, line 517]
Event: 0.181 Thread 0x000001fc8cb17890 Exception <a 'java/io/FileNotFoundException'{0x00000000909f2be8}> (0x00000000909f2be8) 
thrown [s\open\src\hotspot\share\prims\jni.cpp, line 517]
Event: 0.221 Thread 0x000001fc8cb17890 Exception <a 'java/lang/NoSuchMethodError'{0x00000000908268a8}: 'java.lang.Object java.lang.invoke.DirectMethodHandle$Holder.invokeStaticInit(java.lang.Object)'> (0x00000000908268a8) 
thrown [s\open\src\hotspot\share\interpreter\linkResolver.cpp, line 774]
Event: 0.367 Thread 0x000001fcaf7fe180 Exception <a 'java/lang/NoSuchMethodError'{0x0000000090757a68}: 'void java.lang.invoke.DirectMethodHandle$Holder.invokeSpecial(java.lang.Object, java.lang.Object, java.lang.Object)'> (0x0000000090757a68) 
thrown [s\open\src\hotspot\share\interpreter\linkResolver.cpp, line 774]
Event: 0.381 Thread 0x000001fcaf7fe180 Exception <a 'java/lang/NoSuchMethodError'{0x0000000090782940}: 'java.lang.Object java.lang.invoke.DirectMethodHandle$Holder.newInvokeSpecial(java.lang.Object, java.lang.Object, java.lang.Object, java.lang.Object, java.lang.Object)'> (0x0000000090782940) 
thrown [s\open\src\hotspot\share\interpreter\linkResolver.cpp, line 774]
Event: 0.390 Thread 0x000001fcaf7fe180 Exception <a 'java/lang/NoSuchMethodError'{0x00000000907b4028}: 'java.lang.Object java.lang.invoke.DirectMethodHandle$Holder.invokeStatic(java.lang.Object, int, java.lang.Object)'> (0x00000000907b4028) 
thrown [s\open\src\hotspot\share\interpreter\linkResolver.cpp, line 774]
Event: 0.428 Thread 0x000001fcaf7fe180 Exception <a 'java/lang/ClassNotFoundException'{0x000000009066ff10}: com/sun/swing/internal/plaf/metal/resources/spi/metalProvider> (0x000000009066ff10) 
thrown [s\open\src\hotspot\share\classfile\systemDictionary.cpp, line 255]
Event: 0.430 Thread 0x000001fcaf7fe180 Exception <a 'java/lang/ClassNotFoundException'{0x0000000090673e40}: com/sun/swing/internal/plaf/basic/resources/spi/basicProvider> (0x0000000090673e40) 
thrown [s\open\src\hotspot\share\classfile\systemDictionary.cpp, line 255]
Event: 0.443 Thread 0x000001fcaf7fe180 Exception <a 'java/lang/NoSuchMethodError'{0x0000000090693e30}: 'int java.lang.invoke.Invokers$Holder.invokeExact_MT(java.lang.Object, java.lang.Object)'> (0x0000000090693e30) 
thrown [s\open\src\hotspot\share\interpreter\linkResolver.cpp, line 774]

VM Operations (4 events):
Event: 0.103 Executing VM operation: HandshakeAllThreads
Event: 0.103 Executing VM operation: HandshakeAllThreads done
Event: 0.572 Executing VM operation: HandshakeAllThreads
Event: 0.572 Executing VM operation: HandshakeAllThreads done

Events (19 events):
Event: 0.026 Thread 0x000001fc8cb17890 Thread added: 0x000001fc8cb17890
Event: 0.043 Thread 0x000001fcab2c3c80 Thread added: 0x000001fcab2c3c80
Event: 0.043 Thread 0x000001fcab2c4870 Thread added: 0x000001fcab2c4870
Event: 0.044 Thread 0x000001fcab2c5c10 Thread added: 0x000001fcab2c5c10
Event: 0.044 Thread 0x000001fcab2ca490 Thread added: 0x000001fcab2ca490
Event: 0.044 Thread 0x000001fcab2cadc0 Thread added: 0x000001fcab2cadc0
Event: 0.044 Thread 0x000001fcab2cd700 Thread added: 0x000001fcab2cd700
Event: 0.044 Thread 0x000001fcab2d3930 Thread added: 0x000001fcab2d3930
Event: 0.044 Thread 0x000001fcab2d46b0 Thread added: 0x000001fcab2d46b0
Event: 0.045 Thread 0x000001fcab2deef0 Thread added: 0x000001fcab2deef0
Event: 0.078 Thread 0x000001fcab29b680 Thread added: 0x000001fcab29b680
Event: 0.118 Thread 0x000001fcaf68a400 Thread added: 0x000001fcaf68a400
Event: 0.223 Thread 0x000001fcaf74e980 Thread added: 0x000001fcaf74e980
Event: 0.224 Thread 0x000001fcaf6dbda0 Thread added: 0x000001fcaf6dbda0
Event: 0.227 Thread 0x000001fcaf6dc2e0 Thread added: 0x000001fcaf6dc2e0
Event: 0.247 Thread 0x000001fcaf7fe180 Thread added: 0x000001fcaf7fe180
Event: 0.248 Thread 0x000001fc8cb17890 Thread exited: 0x000001fc8cb17890
Event: 0.248 Thread 0x000001fc8cb17890 Thread added: 0x000001fc8cb17890
Event: 0.530 Thread 0x000001fcb2021ff0 Thread added: 0x000001fcb2021ff0


Dynamic libraries:
0x00007ff65d530000 - 0x00007ff65d540000 	C:\Program Files\Java\jdk-19\bin\java.exe
0x00007ffc53410000 - 0x00007ffc53627000 	C:\WINDOWS\SYSTEM32\ntdll.dll
0x00007ffc51e60000 - 0x00007ffc51f24000 	C:\WINDOWS\System32\KERNEL32.DLL
0x00007ffc50b30000 - 0x00007ffc50ed7000 	C:\WINDOWS\System32\KERNELBASE.dll
0x00007ffc50940000 - 0x00007ffc50a51000 	C:\WINDOWS\System32\ucrtbase.dll
0x00007ffc36640000 - 0x00007ffc3665b000 	C:\Program Files\Java\jdk-19\bin\VCRUNTIME140.dll
0x00007ffc2c4f0000 - 0x00007ffc2c508000 	C:\Program Files\Java\jdk-19\bin\jli.dll
0x00007ffc52260000 - 0x00007ffc52310000 	C:\WINDOWS\System32\ADVAPI32.dll
0x00007ffc515e0000 - 0x00007ffc51687000 	C:\WINDOWS\System32\msvcrt.dll
0x00007ffc51f30000 - 0x00007ffc51fd6000 	C:\WINDOWS\System32\sechost.dll
0x00007ffc53100000 - 0x00007ffc53217000 	C:\WINDOWS\System32\RPCRT4.dll
0x00007ffc53220000 - 0x00007ffc533ce000 	C:\WINDOWS\System32\USER32.dll
0x00007ffc50a60000 - 0x00007ffc50a86000 	C:\WINDOWS\System32\win32u.dll
0x00007ffc3df20000 - 0x00007ffc3e1b3000 	C:\WINDOWS\WinSxS\amd64_microsoft.windows.common-controls_6595b64144ccf1df_6.0.22621.2506_none_270c5ae97388e100\COMCTL32.dll
0x00007ffc515b0000 - 0x00007ffc515d9000 	C:\WINDOWS\System32\GDI32.dll
0x00007ffc51050000 - 0x00007ffc51169000 	C:\WINDOWS\System32\gdi32full.dll
0x00007ffc50a90000 - 0x00007ffc50b2a000 	C:\WINDOWS\System32\msvcp_win.dll
0x00007ffc48030000 - 0x00007ffc4803a000 	C:\WINDOWS\SYSTEM32\VERSION.dll
0x00007ffc51db0000 - 0x00007ffc51de1000 	C:\WINDOWS\System32\IMM32.DLL
0x00007ffc39370000 - 0x00007ffc3937c000 	C:\Program Files\Java\jdk-19\bin\vcruntime140_1.dll
0x00007ffbdc690000 - 0x00007ffbdc71e000 	C:\Program Files\Java\jdk-19\bin\msvcp140.dll
0x00007ffbd7c50000 - 0x00007ffbd8910000 	C:\Program Files\Java\jdk-19\bin\server\jvm.dll
0x00007ffc39520000 - 0x00007ffc39529000 	C:\WINDOWS\SYSTEM32\WSOCK32.dll
0x00007ffc493f0000 - 0x00007ffc49424000 	C:\WINDOWS\SYSTEM32\WINMM.dll
0x00007ffc521e0000 - 0x00007ffc52251000 	C:\WINDOWS\System32\WS2_32.dll
0x00007ffc4f880000 - 0x00007ffc4f898000 	C:\WINDOWS\SYSTEM32\kernel.appcore.dll
0x00007ffc37120000 - 0x00007ffc3712a000 	C:\Program Files\Java\jdk-19\bin\jimage.dll
0x00007ffc45010000 - 0x00007ffc45243000 	C:\WINDOWS\SYSTEM32\DBGHELP.DLL
0x00007ffc519c0000 - 0x00007ffc51d49000 	C:\WINDOWS\System32\combase.dll
0x00007ffc51690000 - 0x00007ffc51767000 	C:\WINDOWS\System32\OLEAUT32.dll
0x00007ffc468c0000 - 0x00007ffc468f2000 	C:\WINDOWS\SYSTEM32\dbgcore.DLL
0x00007ffc508c0000 - 0x00007ffc5093a000 	C:\WINDOWS\System32\bcryptPrimitives.dll
0x00007ffc31ec0000 - 0x00007ffc31ee6000 	C:\Program Files\Java\jdk-19\bin\java.dll
0x00007ffbd7b70000 - 0x00007ffbd7c47000 	C:\Program Files\Java\jdk-19\bin\jsvml.dll
0x00007ffc52790000 - 0x00007ffc52fe9000 	C:\WINDOWS\System32\SHELL32.dll
0x00007ffc4e680000 - 0x00007ffc4ef74000 	C:\WINDOWS\SYSTEM32\windows.storage.dll
0x00007ffc4e530000 - 0x00007ffc4e66e000 	C:\WINDOWS\SYSTEM32\wintypes.dll
0x00007ffc52050000 - 0x00007ffc52143000 	C:\WINDOWS\System32\SHCORE.dll
0x00007ffc51d50000 - 0x00007ffc51dae000 	C:\WINDOWS\System32\shlwapi.dll
0x00007ffc506c0000 - 0x00007ffc506e6000 	C:\WINDOWS\SYSTEM32\profapi.dll
0x00007ffc31ea0000 - 0x00007ffc31eb3000 	C:\Program Files\Java\jdk-19\bin\net.dll
0x00007ffc4b4d0000 - 0x00007ffc4b607000 	C:\WINDOWS\SYSTEM32\WINHTTP.dll
0x00007ffc4fd00000 - 0x00007ffc4fd69000 	C:\WINDOWS\system32\mswsock.dll
0x00007ffc2f620000 - 0x00007ffc2f636000 	C:\Program Files\Java\jdk-19\bin\nio.dll
0x00007ffbd78b0000 - 0x00007ffbd7a41000 	C:\Program Files\Java\jdk-19\bin\awt.dll
0x00007ffc4da90000 - 0x00007ffc4db27000 	C:\WINDOWS\SYSTEM32\apphelp.dll
0x00007ffc4db90000 - 0x00007ffc4dc3b000 	C:\WINDOWS\system32\uxtheme.dll
0x00007ffc51870000 - 0x00007ffc519bf000 	C:\WINDOWS\System32\MSCTF.dll
0x00007ffc51340000 - 0x00007ffc514e0000 	C:\WINDOWS\System32\ole32.dll
0x00007ffc4de10000 - 0x00007ffc4de3b000 	C:\WINDOWS\system32\DWMAPI.DLL
0x00007ffbf5440000 - 0x00007ffbf5540000 	C:\WINDOWS\system32\opengl32.dll
0x00007ffbf4e60000 - 0x00007ffbf4e8d000 	C:\WINDOWS\SYSTEM32\GLU32.dll
0x00007ffc4de80000 - 0x00007ffc4deb6000 	C:\WINDOWS\SYSTEM32\dxcore.dll
0x00007ffbf62a0000 - 0x00007ffbf6449000 	C:\WINDOWS\system32\d3d9.dll
0x00007ffc48040000 - 0x00007ffc481fb000 	C:\WINDOWS\System32\DriverStore\FileRepository\u0382030.inf_amd64_c27c1f19988d7c7e\B381533\aticfx64.dll
0x00007ffc39630000 - 0x00007ffc39664000 	C:\WINDOWS\System32\DriverStore\FileRepository\u0382030.inf_amd64_c27c1f19988d7c7e\B381533\atiu9p64.dll
0x00007ffbd9e60000 - 0x00007ffbdabb5000 	C:\WINDOWS\System32\DriverStore\FileRepository\u0382030.inf_amd64_c27c1f19988d7c7e\B381533\atiumd64.dll
0x00000000621a0000 - 0x00000000630c6000 	C:\WINDOWS\System32\DriverStore\FileRepository\u0382030.inf_amd64_c27c1f19988d7c7e\B381533\atiumd6a.dll
0x00007ffc52310000 - 0x00007ffc52784000 	C:\WINDOWS\System32\SETUPAPI.dll
0x00007ffc4f5e0000 - 0x00007ffc4f62d000 	C:\WINDOWS\SYSTEM32\POWRPROF.dll
0x00007ffc4f5a0000 - 0x00007ffc4f5b3000 	C:\WINDOWS\SYSTEM32\UMPDC.dll
0x00007ffc47e40000 - 0x00007ffc47e75000 	C:\WINDOWS\SYSTEM32\amdihk64.dll
0x00007ffc4b480000 - 0x00007ffc4b4ca000 	C:\WINDOWS\SYSTEM32\directxdatabasehelper.dll
0x00007ffbd7820000 - 0x00007ffbd78a6000 	C:\Program Files\Java\jdk-19\bin\freetype.dll
0x00007ffbd7750000 - 0x00007ffbd7816000 	C:\Program Files\Java\jdk-19\bin\fontmanager.dll

dbghelp: loaded successfully - version: 4.0.5 - missing functions: none
symbol engine: initialized successfully - sym options: 0x614 - pdb path: .;C:\Program Files\Java\jdk-19\bin;C:\WINDOWS\SYSTEM32;C:\WINDOWS\WinSxS\amd64_microsoft.windows.common-controls_6595b64144ccf1df_6.0.22621.2506_none_270c5ae97388e100;C:\Program Files\Java\jdk-19\bin\server;C:\WINDOWS\System32\DriverStore\FileRepository\u0382030.inf_amd64_c27c1f19988d7c7e\B381533

VM Arguments:
jvm_args: -Dfile.encoding=UTF-8 --module-path=D:\OneDrive\Documents\NetBeansProjects\Wellness\build\classes 
java_command: wellness.Openpage
java_class_path (initial): D:\OneDrive\Documents\NetBeansProjects\Wellness\build\classes
Launcher Type: SUN_STANDARD

[Global flags]
     intx CICompilerCount                          = 4                                         {product} {ergonomic}
     uint ConcGCThreads                            = 3                                         {product} {ergonomic}
     uint G1ConcRefinementThreads                  = 10                                        {product} {ergonomic}
   size_t G1HeapRegionSize                         = 1048576                                   {product} {ergonomic}
    uintx GCDrainStackTargetSize                   = 64                                        {product} {ergonomic}
   size_t InitialHeapSize                          = 125829120                                 {product} {ergonomic}
   size_t MarkStackSize                            = 4194304                                   {product} {ergonomic}
   size_t MaxHeapSize                              = 1992294400                                {product} {ergonomic}
   size_t MaxNewSize                               = 1195376640                                {product} {ergonomic}
   size_t MinHeapDeltaBytes                        = 1048576                                   {product} {ergonomic}
   size_t MinHeapSize                              = 8388608                                   {product} {ergonomic}
    uintx NonNMethodCodeHeapSize                   = 5839372                                {pd product} {ergonomic}
    uintx NonProfiledCodeHeapSize                  = 122909434                              {pd product} {ergonomic}
    uintx ProfiledCodeHeapSize                     = 122909434                              {pd product} {ergonomic}
    uintx ReservedCodeCacheSize                    = 251658240                              {pd product} {ergonomic}
     bool SegmentedCodeCache                       = true                                      {product} {ergonomic}
   size_t SoftMaxHeapSize                          = 1992294400                             {manageable} {ergonomic}
     bool UseCompressedClassPointers               = true                           {product lp64_product} {ergonomic}
     bool UseCompressedOops                        = true                           {product lp64_product} {ergonomic}
     bool UseG1GC                                  = true                                      {product} {ergonomic}
     bool UseLargePagesIndividualAllocation        = false                                  {pd product} {ergonomic}

Logging:
Log output configuration:
 #0: stdout all=warning uptime,level,tags foldmultilines=false
 #1: stderr all=off uptime,level,tags foldmultilines=false

Environment Variables:
JAVA_HOME=C:\Program Files\Java\jdk-19
PATH=C:\Program Files\Java\jdk-19\bin;C:\Program Files\Common Files\Oracle\Java\javapath;D:\Scripts\;D:\;C:\Windows\system32;C:\Windows;C:\Windows\System32\Wbem;C:\Windows\System32\WindowsPowerShell\v1.0\;C:\Windows\System32\OpenSSH\;C:\Program Files (x86)\NVIDIA Corporation\PhysX\Common;C:\Program Files\NVIDIA Corporation\NVIDIA NvDLISR;C:\WINDOWS\system32;C:\WINDOWS;C:\WINDOWS\System32\Wbem;C:\WINDOWS\System32\WindowsPowerShell\v1.0\;C:\WINDOWS\System32\OpenSSH\;C:\Program Files\Git\cmd;C:\Program Files\MySQL\MySQL Shell 8.0\bin\;C:\Users\91630\AppData\Local\Microsoft\WindowsApps;C:\Program Files\JetBrains\IntelliJ IDEA Community Edition 2023.1.3\bin;;C:\Users\91630\AppData\Local\Programs\Microsoft VS Code\bin
USERNAME=91630
OS=Windows_NT
PROCESSOR_IDENTIFIER=AMD64 Family 23 Model 96 Stepping 1, AuthenticAMD
TMP=C:\Users\91630\AppData\Local\Temp
TEMP=C:\Users\91630\AppData\Local\Temp



---------------  S Y S T E M  ---------------

OS:
 Windows 11 , 64 bit Build 22621 (10.0.22621.2506)
OS uptime: 4 days 22:11 hours
Hyper-V role detected

CPU: total 12 (initial active 12) (12 cores per cpu, 2 threads per core) family 23 model 96 stepping 1 microcode 0x0, cx8, cmov, fxsr, ht, mmx, 3dnowpref, sse, sse2, sse3, ssse3, sse4a, sse4.1, sse4.2, popcnt, lzcnt, tsc, tscinvbit, avx, avx2, aes, clmul, bmi1, bmi2, adx, sha, fma, vzeroupper, clflush, clflushopt, hv, rdtscp, rdpid

Memory: 4k page, system-wide physical 7598M (779M free)
TotalPageFile size 15790M (AvailPageFile size 3M)
current process WorkingSet (physical memory assigned to process): 62M, peak: 62M
current process commit charge ("private bytes"): 233M, peak: 233M

vm_info: Java HotSpot(TM) 64-Bit Server VM (19.0.2+7-44) for windows-amd64 JRE (19.0.2+7-44), built on 2022-11-30T18:02:09Z by "mach5one" with MS VC++ 17.1 (VS2022)

END.
