#
# There is insufficient memory for the Java Runtime Environment to continue.
# Native memory allocation (mmap) failed to map 65536 bytes for Failed to commit metaspace.
# Possible reasons:
#   The system is out of physical RAM or swap space
#   The process is running with CompressedOops enabled, and the Java Heap may be blocking the growth of the native heap
# Possible solutions:
#   Reduce memory load on the system
#   Increase physical memory or swap space
#   Check if swap backing store is full
#   Decrease Java heap size (-Xmx/-Xms)
#   Decrease number of Java threads
#   Decrease Java thread stack sizes (-Xss)
#   Set larger code cache with -XX:ReservedCodeCacheSize=
#   JVM is running with Unscaled Compressed Oops mode in which the Java heap is
#     placed in the first 4GB address space. The Java Heap base address is the
#     maximum limit for the native heap growth. Please use -XX:HeapBaseMinAddress
#     to set the Java Heap base and to place the Java Heap above 4GB virtual address.
# This output file may be truncated or incomplete.
#
#  Out of Memory Error (virtualSpaceNode.cpp:110), pid=21848, tid=12664
#
# JRE version: Java(TM) SE Runtime Environment (19.0.2+7) (build 19.0.2+7-44)
# Java VM: Java HotSpot(TM) 64-Bit Server VM (19.0.2+7-44, mixed mode, sharing, tiered, compressed oops, compressed class ptrs, g1 gc, windows-amd64)
# No core dump will be written. Minidumps are not enabled by default on client versions of Windows
#

---------------  S U M M A R Y ------------

Command Line: -Dfile.encoding=UTF-8 --module-path=D:\OneDrive\Documents\NetBeansProjects\Wellness\build\classes wellness.Openpage

Host: AMD Ryzen 5 4600H with Radeon Graphics         , 12 cores, 7G,  Windows 11 , 64 bit Build 22621 (10.0.22621.2506)
Time: Mon Nov  6 13:22:08 2023 India Standard Time elapsed time: 332.682493 seconds (0d 0h 5m 32s)

---------------  T H R E A D  ---------------

Current thread (0x000001be5c225160):  JavaThread "AWT-EventQueue-0" [_thread_in_vm, id=12664, stack(0x000000a69cc00000,0x000000a69cd00000)]

Stack: [0x000000a69cc00000,0x000000a69cd00000]
Native frames: (J=compiled Java code, j=interpreted, Vv=VM code, C=native code)
V  [jvm.dll+0x6ee21a]
V  [jvm.dll+0x85765e]
V  [jvm.dll+0x85904e]
V  [jvm.dll+0x859703]
V  [jvm.dll+0x28298f]
V  [jvm.dll+0x8532db]
V  [jvm.dll+0x692cb6]
V  [jvm.dll+0x692d1a]
V  [jvm.dll+0x695613]
V  [jvm.dll+0x6954de]
V  [jvm.dll+0x6936de]
V  [jvm.dll+0x26e12f]
V  [jvm.dll+0x69dcc5]
V  [jvm.dll+0x21e072]
V  [jvm.dll+0x21e5a5]
V  [jvm.dll+0x21ef01]
V  [jvm.dll+0x2146a1]
V  [jvm.dll+0x5a9cb6]
V  [jvm.dll+0x2257aa]
V  [jvm.dll+0x7cc802]
V  [jvm.dll+0x7cdc4a]
V  [jvm.dll+0x7cdf78]
V  [jvm.dll+0x271e1b]
V  [jvm.dll+0x3da25e]
C  0x000001be4cf1d307

Java frames: (J=compiled Java code, j=interpreted, Vv=VM code)
j  java.awt.GraphicsConfiguration.createCompatibleImage(II)Ljava/awt/image/BufferedImage;+13 java.desktop@19.0.2
j  java.awt.GraphicsConfiguration.createCompatibleImage(III)Ljava/awt/image/BufferedImage;+14 java.desktop@19.0.2
j  sun.awt.image.SunVolatileImage.getBackupImage(DD)Ljava/awt/image/BufferedImage;+36 java.desktop@19.0.2
j  sun.awt.image.VolatileSurfaceManager.getBackupSurface()Lsun/java2d/SurfaceData;+38 java.desktop@19.0.2
j  sun.awt.image.VolatileSurfaceManager.displayChanged()V+33 java.desktop@19.0.2
j  sun.awt.SunDisplayChanger.notifyListeners()V+108 java.desktop@19.0.2
j  sun.awt.Win32GraphicsEnvironment.displayChanged()V+291 java.desktop@19.0.2
j  sun.awt.windows.WToolkit.lambda$displayChanged$4()V+15 java.desktop@19.0.2
j  sun.awt.windows.WToolkit$$Lambda$142+0x00000008010a0ef0.run()V+0 java.desktop@19.0.2
j  java.awt.event.InvocationEvent.dispatch()V+47 java.desktop@19.0.2
j  java.awt.EventQueue.dispatchEventImpl(Ljava/awt/AWTEvent;Ljava/lang/Object;)V+21 java.desktop@19.0.2
j  java.awt.EventQueue$4.run()Ljava/lang/Void;+32 java.desktop@19.0.2
j  java.awt.EventQueue$4.run()Ljava/lang/Object;+1 java.desktop@19.0.2
J 790 c1 java.security.ProtectionDomain$JavaSecurityAccessImpl.doIntersectionPrivilege(Ljava/security/PrivilegedAction;Ljava/security/AccessControlContext;Ljava/security/AccessControlContext;)Ljava/lang/Object; java.base@19.0.2 (22 bytes) @ 0x000001be45acdd54 [0x000001be45acdac0+0x0000000000000294]
j  java.awt.EventQueue.dispatchEvent(Ljava/awt/AWTEvent;)V+46 java.desktop@19.0.2
j  java.awt.EventDispatchThread.pumpOneEventForFilters(I)V+81 java.desktop@19.0.2
j  java.awt.EventDispatchThread.pumpEventsForFilter(ILjava/awt/Conditional;Ljava/awt/EventFilter;)V+35 java.desktop@19.0.2
j  java.awt.EventDispatchThread.pumpEventsForHierarchy(ILjava/awt/Conditional;Ljava/awt/Component;)V+11 java.desktop@19.0.2
j  java.awt.EventDispatchThread.pumpEvents(ILjava/awt/Conditional;)V+4 java.desktop@19.0.2
j  java.awt.EventDispatchThread.pumpEvents(Ljava/awt/Conditional;)V+3 java.desktop@19.0.2
j  java.awt.EventDispatchThread.run()V+9 java.desktop@19.0.2
v  ~StubRoutines::call_stub 0x000001be4cef100e

Compiled method (c1)  332722  790       3       java.security.ProtectionDomain$JavaSecurityAccessImpl::doIntersectionPrivilege (22 bytes)
 total in heap  [0x000001be45acd890,0x000001be45ace250] = 2496
 relocation     [0x000001be45acd9f0,0x000001be45acdaa8] = 184
 main code      [0x000001be45acdac0,0x000001be45acdfa0] = 1248
 stub code      [0x000001be45acdfa0,0x000001be45ace038] = 152
 metadata       [0x000001be45ace038,0x000001be45ace058] = 32
 scopes data    [0x000001be45ace058,0x000001be45ace138] = 224
 scopes pcs     [0x000001be45ace138,0x000001be45ace238] = 256
 dependencies   [0x000001be45ace238,0x000001be45ace240] = 8
 nul chk table  [0x000001be45ace240,0x000001be45ace250] = 16

[Constant Pool (empty)]

[MachCode]
[Entry Point]
  # {method} {0x000000080013e110} 'doIntersectionPrivilege' '(Ljava/security/PrivilegedAction;Ljava/security/AccessControlContext;Ljava/security/AccessControlContext;)Ljava/lang/Object;' in 'java/security/ProtectionDomain$JavaSecurityAccessImpl'
  # this:     rdx:rdx   = 'java/security/ProtectionDomain$JavaSecurityAccessImpl'
  # parm0:    r8:r8     = 'java/security/PrivilegedAction'
  # parm1:    r9:r9     = 'java/security/AccessControlContext'
  # parm2:    rdi:rdi   = 'java/security/AccessControlContext'
  #           [sp+0xa0]  (sp of caller)
  0x000001be45acdac0: 448b 5208 | 49bb 0000 | 0000 0800 | 0000 4d03 | d34c 3bd0 

  0x000001be45acdad4: ;   {runtime_call ic_miss_stub}
  0x000001be45acdad4: 0f85 a63c | 4807 660f | 1f44 0000 
[Verified Entry Point]
  0x000001be45acdae0: 8984 2400 | 90ff ff55 | 4881 ec90 

  0x000001be45acdaec: ;   {metadata(method data for {method} {0x000000080013e110} 'doIntersectionPrivilege' '(Ljava/security/PrivilegedAction;Ljava/security/AccessControlContext;Ljava/security/AccessControlContext;)Ljava/lang/Object;' in 'java/security/ProtectionDomain$JavaSecurityAccessImpl')}
  0x000001be45acdaec: 0000 0048 | bed0 5c83 | 5cbe 0100 | 008b 9ecc | 0000 0083 | c302 899e | cc00 0000 | 81e3 fe07 
  0x000001be45acdb0c: 0000 83fb | 000f 8472 | 0300 0049 

  0x000001be45acdb18: ;   {metadata(method data for {method} {0x000000080013e110} 'doIntersectionPrivilege' '(Ljava/security/PrivilegedAction;Ljava/security/AccessControlContext;Ljava/security/AccessControlContext;)Ljava/lang/Object;' in 'java/security/ProtectionDomain$JavaSecurityAccessImpl')}
  0x000001be45acdb18: 83f8 0048 | bad0 5c83 | 5cbe 0100 | 0048 be20 | 0100 0000 | 0000 000f | 840a 0000 | 0048 be10 
  0x000001be45acdb38: 0100 0000 | 0000 0048 | 8b1c 3248 | 8d5b 0148 | 891c 320f | 84a2 0200 | 004c 8944 

  0x000001be45acdb54: ;   {metadata(method data for {method} {0x000000080013e110} 'doIntersectionPrivilege' '(Ljava/security/PrivilegedAction;Ljava/security/AccessControlContext;Ljava/security/AccessControlContext;)Ljava/lang/Object;' in 'java/security/ProtectionDomain$JavaSecurityAccessImpl')}
  0x000001be45acdb54: 2460 48ba | d05c 835c | be01 0000 | 4883 8240 | 0100 0001 | 488b d74d 

  0x000001be45acdb6c: ;   {static_call}
  0x000001be45acdb6c: 8bc1 90e8 

  0x000001be45acdb70: ; ImmutableOopMap {[96]=Oop }
                      ;*invokestatic getCombinedACC {reexecute=0 rethrow=0 return_oop=0}
                      ; - java.security.ProtectionDomain$JavaSecurityAccessImpl::doIntersectionPrivilege@15 (line 88)
  0x000001be45acdb70: ec08 0000 

  0x000001be45acdb74: ;   {metadata(method data for {method} {0x000000080013e110} 'doIntersectionPrivilege' '(Ljava/security/PrivilegedAction;Ljava/security/AccessControlContext;Ljava/security/AccessControlContext;)Ljava/lang/Object;' in 'java/security/ProtectionDomain$JavaSecurityAccessImpl')}
  0x000001be45acdb74: 48be d05c | 835c be01 | 0000 4883 | 8650 0100 

  0x000001be45acdb84: ;   {metadata(method data for {method} {0x0000000800063690} 'doPrivileged' '(Ljava/security/PrivilegedAction;Ljava/security/AccessControlContext;)Ljava/lang/Object;' in 'java/security/AccessController')}
  0x000001be45acdb84: 0001 48be | 485b 835c | be01 0000 | 8bbe cc00 | 0000 83c7 | 0289 becc | 0000 0081 | e7fe ff1f 
  0x000001be45acdba4: 0083 ff00 | 0f84 fc02 

  0x000001be45acdbac: ;   {metadata(method data for {method} {0x0000000800063690} 'doPrivileged' '(Ljava/security/PrivilegedAction;Ljava/security/AccessControlContext;)Ljava/lang/Object;' in 'java/security/AccessController')}
  0x000001be45acdbac: 0000 48be | 485b 835c | be01 0000 | 4883 8610 | 0100 0001 | 4889 4424 

  0x000001be45acdbc4: ;   {static_call}
  0x000001be45acdbc4: 6866 90e8 

  0x000001be45acdbc8: ; ImmutableOopMap {[96]=Oop [104]=Oop }
                      ;*invokestatic getCallerClass {reexecute=0 rethrow=0 return_oop=0}
                      ; - java.security.AccessController::doPrivileged@0 (line 397)
                      ; - java.security.ProtectionDomain$JavaSecurityAccessImpl::doIntersectionPrivilege@18 (line 86)
  0x000001be45acdbc8: 948b 9f07 

  0x000001be45acdbcc: ;   {metadata(method data for {method} {0x0000000800063690} 'doPrivileged' '(Ljava/security/PrivilegedAction;Ljava/security/AccessControlContext;)Ljava/lang/Object;' in 'java/security/AccessController')}
  0x000001be45acdbcc: 48ba 485b | 835c be01 | 0000 4883 | 8220 0100 | 0001 488b | 5424 684c | 8bc0 4889 | 4424 700f 
  0x000001be45acdbec: ;   {static_call}
  0x000001be45acdbec: 1f40 00e8 

  0x000001be45acdbf0: ; ImmutableOopMap {[96]=Oop [112]=Oop }
                      ;*invokestatic checkContext {reexecute=0 rethrow=0 return_oop=0}
                      ; - java.security.AccessController::doPrivileged@6 (line 398)
                      ; - java.security.ProtectionDomain$JavaSecurityAccessImpl::doIntersectionPrivilege@18 (line 86)
  0x000001be45acdbf0: cced ffff | 4889 4424 

  0x000001be45acdbf8: ;   {metadata(method data for {method} {0x0000000800063690} 'doPrivileged' '(Ljava/security/PrivilegedAction;Ljava/security/AccessControlContext;)Ljava/lang/Object;' in 'java/security/AccessController')}
  0x000001be45acdbf8: 7848 ba48 | 5b83 5cbe | 0100 0048 | 8382 3001 

  0x000001be45acdc08: ;   {metadata(method data for {method} {0x00000008000633c0} 'executePrivileged' '(Ljava/security/PrivilegedAction;Ljava/security/AccessControlContext;Ljava/lang/Class;)Ljava/lang/Object;' in 'java/security/AccessController')}
  0x000001be45acdc08: 0000 0148 | baa0 954f | 5cbe 0100 | 008b b2cc | 0000 0083 | c602 89b2 | cc00 0000 | 81e6 feff 
  0x000001be45acdc28: 1f00 83fe | 000f 8498 | 0200 0048 

  0x000001be45acdc34: ;   {metadata(method data for {method} {0x00000008000633c0} 'executePrivileged' '(Ljava/security/PrivilegedAction;Ljava/security/AccessControlContext;Ljava/lang/Class;)Ljava/lang/Object;' in 'java/security/AccessController')}
  0x000001be45acdc34: 83f8 0048 | baa0 954f | 5cbe 0100 | 0048 be10 | 0100 0000 | 0000 000f | 840a 0000 | 0048 be20 
  0x000001be45acdc54: 0100 0000 | 0000 0048 | 8b3c 3248 | 8d7f 0148 | 893c 320f | 841f 0000 

  0x000001be45acdc6c: ;   {metadata(method data for {method} {0x00000008000633c0} 'executePrivileged' '(Ljava/security/PrivilegedAction;Ljava/security/AccessControlContext;Ljava/lang/Class;)Ljava/lang/Object;' in 'java/security/AccessController')}
  0x000001be45acdc6c: 0048 baa0 | 954f 5cbe | 0100 0048 | 8382 3001 | 0000 0148 | 8bd0 0f1f 

  0x000001be45acdc84: ;   {static_call}
  0x000001be45acdc84: 4400 00e8 

  0x000001be45acdc88: ; ImmutableOopMap {[96]=Oop [112]=Oop [120]=Oop }
                      ;*invokestatic ensureMaterializedForStackWalk {reexecute=0 rethrow=0 return_oop=0}
                      ; - java.security.AccessController::executePrivileged@5 (line 772)
                      ; - java.security.AccessController::doPrivileged@13 (line 399)
                      ; - java.security.ProtectionDomain$JavaSecurityAccessImpl::doIntersectionPrivilege@18 (line 86)
  0x000001be45acdc88: b4bd 9f07 

  0x000001be45acdc8c: ;   {metadata(method data for {method} {0x00000008000633c0} 'executePrivileged' '(Ljava/security/PrivilegedAction;Ljava/security/AccessControlContext;Ljava/lang/Class;)Ljava/lang/Object;' in 'java/security/AccessController')}
  0x000001be45acdc8c: 48ba a095 | 4f5c be01 | 0000 ff82 | 4001 0000 | 4c8b 4424 | 6049 3b00 

  0x000001be45acdca4: ;   {metadata(method data for {method} {0x00000008000633c0} 'executePrivileged' '(Ljava/security/PrivilegedAction;Ljava/security/AccessControlContext;Ljava/lang/Class;)Ljava/lang/Object;' in 'java/security/AccessController')}
  0x000001be45acdca4: 498b d048 | bea0 954f | 5cbe 0100 | 008b 5208 | 49ba 0000 | 0000 0800 | 0000 4903 | d248 3b96 
  0x000001be45acdcc4: b001 0000 | 750d 4883 | 86b8 0100 | 0001 e966 | 0000 0048 | 3b96 c001 | 0000 750d | 4883 86c8 
  0x000001be45acdce4: 0100 0001 | e950 0000 | 0048 81be | b001 0000 | 0000 0000 | 7517 4889 | 96b0 0100 | 0048 c786 
  0x000001be45acdd04: b801 0000 | 0100 0000 | e92c 0000 | 0048 81be | c001 0000 | 0000 0000 | 7517 4889 | 96c0 0100 
  0x000001be45acdd24: 0048 c786 | c801 0000 | 0100 0000 | e908 0000 | 0048 8386 | a001 0000 | 0149 8bd0 | 0f1f 4400 
  0x000001be45acdd44: 0048 b880 | df08 63be 

  0x000001be45acdd4c: ;   {virtual_call}
  0x000001be45acdd4c: 0100 00e8 

  0x000001be45acdd50: ; ImmutableOopMap {[112]=Oop [120]=Oop }
                      ;*invokeinterface run {reexecute=0 rethrow=0 return_oop=0}
                      ; - java.security.AccessController::executePrivileged@29 (line 776)
                      ; - java.security.AccessController::doPrivileged@13 (line 399)
                      ; - java.security.ProtectionDomain$JavaSecurityAccessImpl::doIntersectionPrivilege@18 (line 86)
  0x000001be45acdd50: bc8b 5307 

  0x000001be45acdd54: ;   {metadata(method data for {method} {0x00000008000633c0} 'executePrivileged' '(Ljava/security/PrivilegedAction;Ljava/security/AccessControlContext;Ljava/lang/Class;)Ljava/lang/Object;' in 'java/security/AccessController')}
  0x000001be45acdd54: 48ba a095 | 4f5c be01 | 0000 ff82 | d801 0000 | 488b 5424 

  0x000001be45acdd68: ;   {metadata(method data for {method} {0x00000008000633c0} 'executePrivileged' '(Ljava/security/PrivilegedAction;Ljava/security/AccessControlContext;Ljava/lang/Class;)Ljava/lang/Object;' in 'java/security/AccessController')}
  0x000001be45acdd68: 7048 bea0 | 954f 5cbe | 0100 0048 | 8386 3802 

  0x000001be45acdd78: ;   {metadata(method data for {method} {0x00000008000462d8} 'reachabilityFence' '(Ljava/lang/Object;)V' in 'java/lang/ref/Reference')}
  0x000001be45acdd78: 0000 0148 | be50 da4c | 5cbe 0100 | 008b becc | 0000 0083 | c702 89be | cc00 0000 | 81e7 feff 
  0x000001be45acdd98: 1f00 83ff | 000f 844e 

  0x000001be45acdda0: ;   {metadata(method data for {method} {0x00000008000633c0} 'executePrivileged' '(Ljava/security/PrivilegedAction;Ljava/security/AccessControlContext;Ljava/lang/Class;)Ljava/lang/Object;' in 'java/security/AccessController')}
  0x000001be45acdda0: 0100 0048 | baa0 954f | 5cbe 0100 | 0048 8382 | 4802 0000 

  0x000001be45acddb4: ;   {metadata(method data for {method} {0x00000008000462d8} 'reachabilityFence' '(Ljava/lang/Object;)V' in 'java/lang/ref/Reference')}
  0x000001be45acddb4: 0148 ba50 | da4c 5cbe | 0100 008b | b2cc 0000 | 0083 c602 | 89b2 cc00 | 0000 81e6 | feff 1f00 
  0x000001be45acddd4: 83fe 000f | 8435 0100 | 0048 81c4 | 9000 0000 

  0x000001be45acdde4: ;   {poll_return}
  0x000001be45acdde4: 5d49 3ba7 | 7803 0000 | 0f87 4101 | 0000 c30f | 1f44 0000 

  0x000001be45acddf8: ;   {no_reloc}
  0x000001be45acddf8: e95b 0100 | 0000 0000 | 0000 498b | 87f8 0000 | 0048 8d78 | 3049 3bbf | 0801 0000 | 0f87 4801 
  0x000001be45acde18: 0000 4989 | bff8 0000 | 0048 c700 | 0100 0000 | 488b ca49 | ba00 0000 | 0008 0000 | 0049 2bca 
  0x000001be45acde38: 8948 0848 | 33c9 8948 | 0c48 33c9 | 4889 4810 | 4889 4818 | 4889 4820 | 4889 4828 

  0x000001be45acde54: ;   {metadata(method data for {method} {0x000000080013e110} 'doIntersectionPrivilege' '(Ljava/security/PrivilegedAction;Ljava/security/AccessControlContext;Ljava/security/AccessControlContext;)Ljava/lang/Object;' in 'java/security/ProtectionDomain$JavaSecurityAccessImpl')}
  0x000001be45acde54: 488b d048 | bed0 5c83 | 5cbe 0100 | 0048 8386 | 3001 0000 | 0148 8bd0 | 4889 8424 | 8000 0000 
  0x000001be45acde74: ;   {optimized virtual_call}
  0x000001be45acde74: 6666 90e8 

  0x000001be45acde78: ; ImmutableOopMap {[128]=Oop }
                      ;*invokespecial <init> {reexecute=0 rethrow=0 return_oop=0}
                      ; - java.security.ProtectionDomain$JavaSecurityAccessImpl::doIntersectionPrivilege@8 (line 83)
  0x000001be45acde78: 043c 4807 | 488b 8424 | 8000 0000 | e903 0100 

  0x000001be45acde88: ;   {metadata({method} {0x000000080013e110} 'doIntersectionPrivilege' '(Ljava/security/PrivilegedAction;Ljava/security/AccessControlContext;Ljava/security/AccessControlContext;)Ljava/lang/Object;' in 'java/security/ProtectionDomain$JavaSecurityAccessImpl')}
  0x000001be45acde88: 0049 ba08 | e113 0008 | 0000 004c | 8954 2408 | 48c7 0424 | ffff ffff 

  0x000001be45acdea0: ;   {runtime_call counter_overflow Runtime1 stub}
  0x000001be45acdea0: e85b 2453 

  0x000001be45acdea4: ; ImmutableOopMap {rdx=Oop r8=Oop r9=Oop rdi=Oop }
                      ;*synchronization entry
                      ; - java.security.ProtectionDomain$JavaSecurityAccessImpl::doIntersectionPrivilege@-1 (line 82)
  0x000001be45acdea4: 07e9 6dfc 

  0x000001be45acdea8: ;   {metadata({method} {0x0000000800063690} 'doPrivileged' '(Ljava/security/PrivilegedAction;Ljava/security/AccessControlContext;)Ljava/lang/Object;' in 'java/security/AccessController')}
  0x000001be45acdea8: ffff 49ba | 8836 0600 | 0800 0000 | 4c89 5424 | 0848 c704 | 24ff ffff 

  0x000001be45acdec0: ;   {runtime_call counter_overflow Runtime1 stub}
  0x000001be45acdec0: ffe8 3a24 

  0x000001be45acdec4: ; ImmutableOopMap {rax=Oop [96]=Oop }
                      ;*synchronization entry
                      ; - java.security.AccessController::doPrivileged@-1 (line 397)
                      ; - java.security.ProtectionDomain$JavaSecurityAccessImpl::doIntersectionPrivilege@18 (line 86)
  0x000001be45acdec4: 5307 e9e3 

  0x000001be45acdec8: ;   {metadata({method} {0x00000008000633c0} 'executePrivileged' '(Ljava/security/PrivilegedAction;Ljava/security/AccessControlContext;Ljava/lang/Class;)Ljava/lang/Object;' in 'java/security/AccessController')}
  0x000001be45acdec8: fcff ff49 | bab8 3306 | 0008 0000 | 004c 8954 | 2408 48c7 | 0424 ffff 

  0x000001be45acdee0: ;   {runtime_call counter_overflow Runtime1 stub}
  0x000001be45acdee0: ffff e819 

  0x000001be45acdee4: ; ImmutableOopMap {rax=Oop [96]=Oop [112]=Oop [120]=Oop }
                      ;*synchronization entry
                      ; - java.security.AccessController::executePrivileged@-1 (line 771)
                      ; - java.security.AccessController::doPrivileged@13 (line 399)
                      ; - java.security.ProtectionDomain$JavaSecurityAccessImpl::doIntersectionPrivilege@18 (line 86)
  0x000001be45acdee4: 2453 07e9 | 47fd ffff 

  0x000001be45acdeec: ;   {runtime_call throw_null_pointer_exception Runtime1 stub}
  0x000001be45acdeec: e82f c152 

  0x000001be45acdef0: ; ImmutableOopMap {r8=Oop [112]=Oop [120]=Oop }
                      ;*invokeinterface run {reexecute=0 rethrow=0 return_oop=0}
                      ; - java.security.AccessController::executePrivileged@29 (line 776)
                      ; - java.security.AccessController::doPrivileged@13 (line 399)
                      ; - java.security.ProtectionDomain$JavaSecurityAccessImpl::doIntersectionPrivilege@18 (line 86)
                      ;   {metadata({method} {0x00000008000462d8} 'reachabilityFence' '(Ljava/lang/Object;)V' in 'java/lang/ref/Reference')}
  0x000001be45acdef0: 0749 bad0 | 6204 0008 | 0000 004c | 8954 2408 | 48c7 0424 | ffff ffff 

  0x000001be45acdf08: ;   {runtime_call counter_overflow Runtime1 stub}
  0x000001be45acdf08: e8f3 2353 

  0x000001be45acdf0c: ; ImmutableOopMap {rax=Oop rdx=Oop }
                      ;*synchronization entry
                      ; - java.lang.ref.Reference::reachabilityFence@-1 (line 627)
                      ; - java.security.AccessController::executePrivileged@56 (line 781)
                      ; - java.security.AccessController::doPrivileged@13 (line 399)
                      ; - java.security.ProtectionDomain$JavaSecurityAccessImpl::doIntersectionPrivilege@18 (line 86)
  0x000001be45acdf0c: 07e9 91fe 

  0x000001be45acdf10: ;   {metadata({method} {0x00000008000462d8} 'reachabilityFence' '(Ljava/lang/Object;)V' in 'java/lang/ref/Reference')}
  0x000001be45acdf10: ffff 49ba | d062 0400 | 0800 0000 | 4c89 5424 | 0848 c704 | 24ff ffff 

  0x000001be45acdf28: ;   {runtime_call counter_overflow Runtime1 stub}
  0x000001be45acdf28: ffe8 d223 

  0x000001be45acdf2c: ; ImmutableOopMap {rax=Oop }
                      ;*synchronization entry
                      ; - java.lang.ref.Reference::reachabilityFence@-1 (line 627)
                      ; - java.security.AccessController::executePrivileged@60 (line 782)
                      ; - java.security.AccessController::doPrivileged@13 (line 399)
                      ; - java.security.ProtectionDomain$JavaSecurityAccessImpl::doIntersectionPrivilege@18 (line 86)
  0x000001be45acdf2c: 5307 e9aa 

  0x000001be45acdf30: ;   {internal_word}
  0x000001be45acdf30: feff ff49 | bae5 ddac | 45be 0100 | 004d 8997 | 9003 0000 

  0x000001be45acdf44: ;   {runtime_call SafepointBlob}
  0x000001be45acdf44: e9b7 9e48 

  0x000001be45acdf48: ;   {metadata(NULL)}
  0x000001be45acdf48: 0748 ba00 | 0000 0000 | 0000 00b8 | 000f 050a 

  0x000001be45acdf58: ;   {runtime_call load_klass_patching Runtime1 stub}
  0x000001be45acdf58: e823 1353 

  0x000001be45acdf5c: ; ImmutableOopMap {}
                      ;*new {reexecute=1 rethrow=0 return_oop=0}
                      ; - (reexecute) java.security.ProtectionDomain$JavaSecurityAccessImpl::doIntersectionPrivilege@4 (line 83)
  0x000001be45acdf5c: 07e9 96fe | ffff 488b 

  0x000001be45acdf64: ;   {runtime_call fast_new_instance Runtime1 stub}
  0x000001be45acdf64: d2e8 96c9 

  0x000001be45acdf68: ; ImmutableOopMap {}
                      ;*new {reexecute=0 rethrow=0 return_oop=0}
                      ; - java.security.ProtectionDomain$JavaSecurityAccessImpl::doIntersectionPrivilege@4 (line 83)
  0x000001be45acdf68: 5207 e9e5 | feff ff49 | 8b87 2004 | 0000 49c7 | 8720 0400 | 0000 0000 | 0049 c787 | 2804 0000 
  0x000001be45acdf88: 0000 0000 | 4881 c490 | 0000 005d 

  0x000001be45acdf94: ;   {runtime_call unwind_exception Runtime1 stub}
  0x000001be45acdf94: e9e7 e049 | 07f4 f4f4 | f4f4 f4f4 
[Stub Code]
  0x000001be45acdfa0: ;   {no_reloc}
  0x000001be45acdfa0: 0f1f 4400 

  0x000001be45acdfa4: ;   {static_stub}
  0x000001be45acdfa4: 0048 bb00 | 0000 0000 

  0x000001be45acdfac: ;   {runtime_call}
  0x000001be45acdfac: 0000 00e9 | fbff ffff 

  0x000001be45acdfb4: ;   {static_stub}
  0x000001be45acdfb4: 9048 bb00 | 0000 0000 

  0x000001be45acdfbc: ;   {runtime_call}
  0x000001be45acdfbc: 0000 00e9 | fbff ffff 

  0x000001be45acdfc4: ;   {static_stub}
  0x000001be45acdfc4: 9048 bb00 | 0000 0000 

  0x000001be45acdfcc: ;   {runtime_call}
  0x000001be45acdfcc: 0000 00e9 | fbff ffff 

  0x000001be45acdfd4: ;   {static_stub}
  0x000001be45acdfd4: 9048 bb00 | 0000 0000 

  0x000001be45acdfdc: ;   {runtime_call}
  0x000001be45acdfdc: 0000 00e9 | fbff ffff 

  0x000001be45acdfe4: ;   {static_stub}
  0x000001be45acdfe4: 9048 bb00 | 0000 0000 

  0x000001be45acdfec: ;   {runtime_call}
  0x000001be45acdfec: 0000 00e9 | fbff ffff 

  0x000001be45acdff4: ;   {static_stub}
  0x000001be45acdff4: 9048 bb00 | 0000 0000 

  0x000001be45acdffc: ;   {runtime_call}
  0x000001be45acdffc: 0000 00e9 | fbff ffff 
[Exception Handler]
  0x000001be45ace004: ;   {runtime_call handle_exception_from_callee Runtime1 stub}
  0x000001be45ace004: e8f7 e652 

  0x000001be45ace008: ;   {external_word}
  0x000001be45ace008: 0748 b928 | 495b d8fb | 7f00 0048 

  0x000001be45ace014: ;   {runtime_call}
  0x000001be45ace014: 83e4 f049 | bab0 f826 | d8fb 7f00 | 0041 ffd2 

  0x000001be45ace024: ;   {section_word}
  0x000001be45ace024: f449 ba25 | e0ac 45be | 0100 0041 

  0x000001be45ace030: ;   {runtime_call DeoptimizationBlob}
  0x000001be45ace030: 52e9 6a90 | 4807 f4f4 
[/MachCode]


---------------  P R O C E S S  ---------------

Threads class SMR info:
_java_thread_list=0x000001be62faeb60, length=17, elements={
0x000001be5c204030, 0x000001be5c204ac0, 0x000001be5c209a30, 0x000001be5c20b370,
0x000001be5c20bca0, 0x000001be5c2165f0, 0x000001be5c21a9b0, 0x000001be5c21d120,
0x000001be5c2256b0, 0x000001be5c224c10, 0x000001be5c2246c0, 0x000001be5c224170,
0x000001be5c225c00, 0x000001be5c222c30, 0x000001be5c225160, 0x000001be5c223c20,
0x000001be5c2236d0
}

Java Threads: ( => current thread )
  0x000001be5c204030 JavaThread "Reference Handler" daemon [_thread_blocked, id=22844, stack(0x000000a69bd00000,0x000000a69be00000)]
  0x000001be5c204ac0 JavaThread "Finalizer" daemon [_thread_blocked, id=3056, stack(0x000000a69be00000,0x000000a69bf00000)]
  0x000001be5c209a30 JavaThread "Signal Dispatcher" daemon [_thread_blocked, id=13668, stack(0x000000a69bf00000,0x000000a69c000000)]
  0x000001be5c20b370 JavaThread "Attach Listener" daemon [_thread_blocked, id=21048, stack(0x000000a69c000000,0x000000a69c100000)]
  0x000001be5c20bca0 JavaThread "Service Thread" daemon [_thread_blocked, id=8212, stack(0x000000a69c100000,0x000000a69c200000)]
  0x000001be5c2165f0 JavaThread "Monitor Deflation Thread" daemon [_thread_blocked, id=8832, stack(0x000000a69c200000,0x000000a69c300000)]
  0x000001be5c21a9b0 JavaThread "C2 CompilerThread0" daemon [_thread_blocked, id=21560, stack(0x000000a69c300000,0x000000a69c400000)]
  0x000001be5c21d120 JavaThread "C1 CompilerThread0" daemon [_thread_blocked, id=9612, stack(0x000000a69c400000,0x000000a69c500000)]
  0x000001be5c2256b0 JavaThread "Sweeper thread" daemon [_thread_blocked, id=22560, stack(0x000000a69c500000,0x000000a69c600000)]
  0x000001be5c224c10 JavaThread "Common-Cleaner" daemon [_thread_blocked, id=19968, stack(0x000000a69c600000,0x000000a69c700000)]
  0x000001be5c2246c0 JavaThread "Notification Thread" daemon [_thread_blocked, id=5872, stack(0x000000a69c700000,0x000000a69c800000)]
  0x000001be5c224170 JavaThread "Java2D Disposer" daemon [_thread_blocked, id=11608, stack(0x000000a69c900000,0x000000a69ca00000)]
  0x000001be5c225c00 JavaThread "AWT-Shutdown" [_thread_blocked, id=14976, stack(0x000000a69ca00000,0x000000a69cb00000)]
  0x000001be5c222c30 JavaThread "AWT-Windows" daemon [_thread_in_native, id=21288, stack(0x000000a69cb00000,0x000000a69cc00000)]
=>0x000001be5c225160 JavaThread "AWT-EventQueue-0" [_thread_in_vm, id=12664, stack(0x000000a69cc00000,0x000000a69cd00000)]
  0x000001be5c223c20 JavaThread "DestroyJavaVM" [_thread_blocked, id=21736, stack(0x000000a69b600000,0x000000a69b700000)]
  0x000001be5c2236d0 JavaThread "D3D Screen Updater" daemon [_thread_blocked, id=25552, stack(0x000000a69d900000,0x000000a69da00000)]

Other Threads:
  0x000001be5c1e93f0 VMThread "VM Thread" [stack: 0x000000a69bc00000,0x000000a69bd00000] [id=18640]
  0x000001be60591ec0 WatcherThread "VM Periodic Task Thread" [stack: 0x000000a69c800000,0x000000a69c900000] [id=7676]
  0x000001be3dab40a0 WorkerThread "GC Thread#0" [stack: 0x000000a69b700000,0x000000a69b800000] [id=23900]
  0x000001be3dac3c90 ConcurrentGCThread "G1 Main Marker" [stack: 0x000000a69b800000,0x000000a69b900000] [id=9376]
  0x000001be3dac45d0 WorkerThread "G1 Conc#0" [stack: 0x000000a69b900000,0x000000a69ba00000] [id=22256]
  0x000001be5c0a7500 ConcurrentGCThread "G1 Refine#0" [stack: 0x000000a69ba00000,0x000000a69bb00000] [id=15916]
  0x000001be5c0a9e60 ConcurrentGCThread "G1 Service" [stack: 0x000000a69bb00000,0x000000a69bc00000] [id=14444]

Threads with active compile tasks:

VM state: not at safepoint (normal execution)

VM Mutex/Monitor currently owned by a thread:  ([mutex/lock_event])
[0x000001be3da51750] Metaspace_lock - owner thread: 0x000001be5c225160

Heap address: 0x0000000089400000, size: 1900 MB, Compressed Oops mode: 32-bit

CDS archive(s) mapped at: [0x0000000800000000-0x0000000800c40000-0x0000000800c40000), size 12845056, SharedBaseAddress: 0x0000000800000000, ArchiveRelocationMode: 0.
Compressed class space mapped at: 0x0000000801000000-0x0000000841000000, reserved size: 1073741824
Narrow klass base: 0x0000000800000000, Narrow klass shift: 0, Narrow klass range: 0x100000000

GC Precious Log:
 CardTable entry size: 512
 Card Set container configuration: InlinePtr #cards 5 size 8 Array Of Cards #cards 12 size 40 Howl #buckets 4 coarsen threshold 1843 Howl Bitmap #cards 512 size 80 coarsen threshold 460 Card regions per heap region 1 cards per card region 2048
 CPUs: 12 total, 12 available
 Memory: 7598M
 Large Page Support: Disabled
 NUMA Support: Disabled
 Compressed Oops: Enabled (32-bit)
 Heap Region Size: 1M
 Heap Min Capacity: 8M
 Heap Initial Capacity: 120M
 Heap Max Capacity: 1900M
 Pre-touch: Disabled
 Parallel Workers: 10
 Concurrent Workers: 3
 Concurrent Refinement Workers: 10
 Periodic GC: Disabled

Heap:
 garbage-first heap   total 122880K, used 7168K [0x0000000089400000, 0x0000000100000000)
  region size 1024K, 8 young (8192K), 0 survivors (0K)
 Metaspace       used 6915K, committed 7104K, reserved 1114112K
  class space    used 756K, committed 896K, reserved 1048576K

Heap Regions: E=young(eden), S=young(survivor), O=old, HS=humongous(starts), HC=humongous(continues), CS=collection set, F=free, OA=open archive, CA=closed archive, TAMS=top-at-mark-start (previous, next)
|   0|0x0000000089400000, 0x0000000089400000, 0x0000000089500000|  0%| F|  |TAMS 0x0000000089400000, 0x0000000089400000| Untracked 
|   1|0x0000000089500000, 0x0000000089500000, 0x0000000089600000|  0%| F|  |TAMS 0x0000000089500000, 0x0000000089500000| Untracked 
|   2|0x0000000089600000, 0x0000000089600000, 0x0000000089700000|  0%| F|  |TAMS 0x0000000089600000, 0x0000000089600000| Untracked 
|   3|0x0000000089700000, 0x0000000089700000, 0x0000000089800000|  0%| F|  |TAMS 0x0000000089700000, 0x0000000089700000| Untracked 
|   4|0x0000000089800000, 0x0000000089800000, 0x0000000089900000|  0%| F|  |TAMS 0x0000000089800000, 0x0000000089800000| Untracked 
|   5|0x0000000089900000, 0x0000000089900000, 0x0000000089a00000|  0%| F|  |TAMS 0x0000000089900000, 0x0000000089900000| Untracked 
|   6|0x0000000089a00000, 0x0000000089a00000, 0x0000000089b00000|  0%| F|  |TAMS 0x0000000089a00000, 0x0000000089a00000| Untracked 
|   7|0x0000000089b00000, 0x0000000089b00000, 0x0000000089c00000|  0%| F|  |TAMS 0x0000000089b00000, 0x0000000089b00000| Untracked 
|   8|0x0000000089c00000, 0x0000000089c00000, 0x0000000089d00000|  0%| F|  |TAMS 0x0000000089c00000, 0x0000000089c00000| Untracked 
|   9|0x0000000089d00000, 0x0000000089d00000, 0x0000000089e00000|  0%| F|  |TAMS 0x0000000089d00000, 0x0000000089d00000| Untracked 
|  10|0x0000000089e00000, 0x0000000089e00000, 0x0000000089f00000|  0%| F|  |TAMS 0x0000000089e00000, 0x0000000089e00000| Untracked 
|  11|0x0000000089f00000, 0x0000000089f00000, 0x000000008a000000|  0%| F|  |TAMS 0x0000000089f00000, 0x0000000089f00000| Untracked 
|  12|0x000000008a000000, 0x000000008a000000, 0x000000008a100000|  0%| F|  |TAMS 0x000000008a000000, 0x000000008a000000| Untracked 
|  13|0x000000008a100000, 0x000000008a100000, 0x000000008a200000|  0%| F|  |TAMS 0x000000008a100000, 0x000000008a100000| Untracked 
|  14|0x000000008a200000, 0x000000008a200000, 0x000000008a300000|  0%| F|  |TAMS 0x000000008a200000, 0x000000008a200000| Untracked 
|  15|0x000000008a300000, 0x000000008a300000, 0x000000008a400000|  0%| F|  |TAMS 0x000000008a300000, 0x000000008a300000| Untracked 
|  16|0x000000008a400000, 0x000000008a400000, 0x000000008a500000|  0%| F|  |TAMS 0x000000008a400000, 0x000000008a400000| Untracked 
|  17|0x000000008a500000, 0x000000008a500000, 0x000000008a600000|  0%| F|  |TAMS 0x000000008a500000, 0x000000008a500000| Untracked 
|  18|0x000000008a600000, 0x000000008a600000, 0x000000008a700000|  0%| F|  |TAMS 0x000000008a600000, 0x000000008a600000| Untracked 
|  19|0x000000008a700000, 0x000000008a700000, 0x000000008a800000|  0%| F|  |TAMS 0x000000008a700000, 0x000000008a700000| Untracked 
|  20|0x000000008a800000, 0x000000008a800000, 0x000000008a900000|  0%| F|  |TAMS 0x000000008a800000, 0x000000008a800000| Untracked 
|  21|0x000000008a900000, 0x000000008a900000, 0x000000008aa00000|  0%| F|  |TAMS 0x000000008a900000, 0x000000008a900000| Untracked 
|  22|0x000000008aa00000, 0x000000008aa00000, 0x000000008ab00000|  0%| F|  |TAMS 0x000000008aa00000, 0x000000008aa00000| Untracked 
|  23|0x000000008ab00000, 0x000000008ab00000, 0x000000008ac00000|  0%| F|  |TAMS 0x000000008ab00000, 0x000000008ab00000| Untracked 
|  24|0x000000008ac00000, 0x000000008ac00000, 0x000000008ad00000|  0%| F|  |TAMS 0x000000008ac00000, 0x000000008ac00000| Untracked 
|  25|0x000000008ad00000, 0x000000008ad00000, 0x000000008ae00000|  0%| F|  |TAMS 0x000000008ad00000, 0x000000008ad00000| Untracked 
|  26|0x000000008ae00000, 0x000000008ae00000, 0x000000008af00000|  0%| F|  |TAMS 0x000000008ae00000, 0x000000008ae00000| Untracked 
|  27|0x000000008af00000, 0x000000008af00000, 0x000000008b000000|  0%| F|  |TAMS 0x000000008af00000, 0x000000008af00000| Untracked 
|  28|0x000000008b000000, 0x000000008b000000, 0x000000008b100000|  0%| F|  |TAMS 0x000000008b000000, 0x000000008b000000| Untracked 
|  29|0x000000008b100000, 0x000000008b100000, 0x000000008b200000|  0%| F|  |TAMS 0x000000008b100000, 0x000000008b100000| Untracked 
|  30|0x000000008b200000, 0x000000008b200000, 0x000000008b300000|  0%| F|  |TAMS 0x000000008b200000, 0x000000008b200000| Untracked 
|  31|0x000000008b300000, 0x000000008b300000, 0x000000008b400000|  0%| F|  |TAMS 0x000000008b300000, 0x000000008b300000| Untracked 
|  32|0x000000008b400000, 0x000000008b400000, 0x000000008b500000|  0%| F|  |TAMS 0x000000008b400000, 0x000000008b400000| Untracked 
|  33|0x000000008b500000, 0x000000008b500000, 0x000000008b600000|  0%| F|  |TAMS 0x000000008b500000, 0x000000008b500000| Untracked 
|  34|0x000000008b600000, 0x000000008b600000, 0x000000008b700000|  0%| F|  |TAMS 0x000000008b600000, 0x000000008b600000| Untracked 
|  35|0x000000008b700000, 0x000000008b700000, 0x000000008b800000|  0%| F|  |TAMS 0x000000008b700000, 0x000000008b700000| Untracked 
|  36|0x000000008b800000, 0x000000008b800000, 0x000000008b900000|  0%| F|  |TAMS 0x000000008b800000, 0x000000008b800000| Untracked 
|  37|0x000000008b900000, 0x000000008b900000, 0x000000008ba00000|  0%| F|  |TAMS 0x000000008b900000, 0x000000008b900000| Untracked 
|  38|0x000000008ba00000, 0x000000008ba00000, 0x000000008bb00000|  0%| F|  |TAMS 0x000000008ba00000, 0x000000008ba00000| Untracked 
|  39|0x000000008bb00000, 0x000000008bb00000, 0x000000008bc00000|  0%| F|  |TAMS 0x000000008bb00000, 0x000000008bb00000| Untracked 
|  40|0x000000008bc00000, 0x000000008bc00000, 0x000000008bd00000|  0%| F|  |TAMS 0x000000008bc00000, 0x000000008bc00000| Untracked 
|  41|0x000000008bd00000, 0x000000008bd00000, 0x000000008be00000|  0%| F|  |TAMS 0x000000008bd00000, 0x000000008bd00000| Untracked 
|  42|0x000000008be00000, 0x000000008be00000, 0x000000008bf00000|  0%| F|  |TAMS 0x000000008be00000, 0x000000008be00000| Untracked 
|  43|0x000000008bf00000, 0x000000008bf00000, 0x000000008c000000|  0%| F|  |TAMS 0x000000008bf00000, 0x000000008bf00000| Untracked 
|  44|0x000000008c000000, 0x000000008c000000, 0x000000008c100000|  0%| F|  |TAMS 0x000000008c000000, 0x000000008c000000| Untracked 
|  45|0x000000008c100000, 0x000000008c100000, 0x000000008c200000|  0%| F|  |TAMS 0x000000008c100000, 0x000000008c100000| Untracked 
|  46|0x000000008c200000, 0x000000008c200000, 0x000000008c300000|  0%| F|  |TAMS 0x000000008c200000, 0x000000008c200000| Untracked 
|  47|0x000000008c300000, 0x000000008c300000, 0x000000008c400000|  0%| F|  |TAMS 0x000000008c300000, 0x000000008c300000| Untracked 
|  48|0x000000008c400000, 0x000000008c400000, 0x000000008c500000|  0%| F|  |TAMS 0x000000008c400000, 0x000000008c400000| Untracked 
|  49|0x000000008c500000, 0x000000008c500000, 0x000000008c600000|  0%| F|  |TAMS 0x000000008c500000, 0x000000008c500000| Untracked 
|  50|0x000000008c600000, 0x000000008c600000, 0x000000008c700000|  0%| F|  |TAMS 0x000000008c600000, 0x000000008c600000| Untracked 
|  51|0x000000008c700000, 0x000000008c700000, 0x000000008c800000|  0%| F|  |TAMS 0x000000008c700000, 0x000000008c700000| Untracked 
|  52|0x000000008c800000, 0x000000008c800000, 0x000000008c900000|  0%| F|  |TAMS 0x000000008c800000, 0x000000008c800000| Untracked 
|  53|0x000000008c900000, 0x000000008c900000, 0x000000008ca00000|  0%| F|  |TAMS 0x000000008c900000, 0x000000008c900000| Untracked 
|  54|0x000000008ca00000, 0x000000008ca00000, 0x000000008cb00000|  0%| F|  |TAMS 0x000000008ca00000, 0x000000008ca00000| Untracked 
|  55|0x000000008cb00000, 0x000000008cb00000, 0x000000008cc00000|  0%| F|  |TAMS 0x000000008cb00000, 0x000000008cb00000| Untracked 
|  56|0x000000008cc00000, 0x000000008cc00000, 0x000000008cd00000|  0%| F|  |TAMS 0x000000008cc00000, 0x000000008cc00000| Untracked 
|  57|0x000000008cd00000, 0x000000008cd00000, 0x000000008ce00000|  0%| F|  |TAMS 0x000000008cd00000, 0x000000008cd00000| Untracked 
|  58|0x000000008ce00000, 0x000000008ce00000, 0x000000008cf00000|  0%| F|  |TAMS 0x000000008ce00000, 0x000000008ce00000| Untracked 
|  59|0x000000008cf00000, 0x000000008cf00000, 0x000000008d000000|  0%| F|  |TAMS 0x000000008cf00000, 0x000000008cf00000| Untracked 
|  60|0x000000008d000000, 0x000000008d000000, 0x000000008d100000|  0%| F|  |TAMS 0x000000008d000000, 0x000000008d000000| Untracked 
|  61|0x000000008d100000, 0x000000008d100000, 0x000000008d200000|  0%| F|  |TAMS 0x000000008d100000, 0x000000008d100000| Untracked 
|  62|0x000000008d200000, 0x000000008d200000, 0x000000008d300000|  0%| F|  |TAMS 0x000000008d200000, 0x000000008d200000| Untracked 
|  63|0x000000008d300000, 0x000000008d300000, 0x000000008d400000|  0%| F|  |TAMS 0x000000008d300000, 0x000000008d300000| Untracked 
|  64|0x000000008d400000, 0x000000008d400000, 0x000000008d500000|  0%| F|  |TAMS 0x000000008d400000, 0x000000008d400000| Untracked 
|  65|0x000000008d500000, 0x000000008d500000, 0x000000008d600000|  0%| F|  |TAMS 0x000000008d500000, 0x000000008d500000| Untracked 
|  66|0x000000008d600000, 0x000000008d600000, 0x000000008d700000|  0%| F|  |TAMS 0x000000008d600000, 0x000000008d600000| Untracked 
|  67|0x000000008d700000, 0x000000008d700000, 0x000000008d800000|  0%| F|  |TAMS 0x000000008d700000, 0x000000008d700000| Untracked 
|  68|0x000000008d800000, 0x000000008d800000, 0x000000008d900000|  0%| F|  |TAMS 0x000000008d800000, 0x000000008d800000| Untracked 
|  69|0x000000008d900000, 0x000000008d900000, 0x000000008da00000|  0%| F|  |TAMS 0x000000008d900000, 0x000000008d900000| Untracked 
|  70|0x000000008da00000, 0x000000008da00000, 0x000000008db00000|  0%| F|  |TAMS 0x000000008da00000, 0x000000008da00000| Untracked 
|  71|0x000000008db00000, 0x000000008db00000, 0x000000008dc00000|  0%| F|  |TAMS 0x000000008db00000, 0x000000008db00000| Untracked 
|  72|0x000000008dc00000, 0x000000008dc00000, 0x000000008dd00000|  0%| F|  |TAMS 0x000000008dc00000, 0x000000008dc00000| Untracked 
|  73|0x000000008dd00000, 0x000000008dd00000, 0x000000008de00000|  0%| F|  |TAMS 0x000000008dd00000, 0x000000008dd00000| Untracked 
|  74|0x000000008de00000, 0x000000008de00000, 0x000000008df00000|  0%| F|  |TAMS 0x000000008de00000, 0x000000008de00000| Untracked 
|  75|0x000000008df00000, 0x000000008df00000, 0x000000008e000000|  0%| F|  |TAMS 0x000000008df00000, 0x000000008df00000| Untracked 
|  76|0x000000008e000000, 0x000000008e000000, 0x000000008e100000|  0%| F|  |TAMS 0x000000008e000000, 0x000000008e000000| Untracked 
|  77|0x000000008e100000, 0x000000008e100000, 0x000000008e200000|  0%| F|  |TAMS 0x000000008e100000, 0x000000008e100000| Untracked 
|  78|0x000000008e200000, 0x000000008e200000, 0x000000008e300000|  0%| F|  |TAMS 0x000000008e200000, 0x000000008e200000| Untracked 
|  79|0x000000008e300000, 0x000000008e300000, 0x000000008e400000|  0%| F|  |TAMS 0x000000008e300000, 0x000000008e300000| Untracked 
|  80|0x000000008e400000, 0x000000008e400000, 0x000000008e500000|  0%| F|  |TAMS 0x000000008e400000, 0x000000008e400000| Untracked 
|  81|0x000000008e500000, 0x000000008e500000, 0x000000008e600000|  0%| F|  |TAMS 0x000000008e500000, 0x000000008e500000| Untracked 
|  82|0x000000008e600000, 0x000000008e600000, 0x000000008e700000|  0%| F|  |TAMS 0x000000008e600000, 0x000000008e600000| Untracked 
|  83|0x000000008e700000, 0x000000008e700000, 0x000000008e800000|  0%| F|  |TAMS 0x000000008e700000, 0x000000008e700000| Untracked 
|  84|0x000000008e800000, 0x000000008e800000, 0x000000008e900000|  0%| F|  |TAMS 0x000000008e800000, 0x000000008e800000| Untracked 
|  85|0x000000008e900000, 0x000000008e900000, 0x000000008ea00000|  0%| F|  |TAMS 0x000000008e900000, 0x000000008e900000| Untracked 
|  86|0x000000008ea00000, 0x000000008ea00000, 0x000000008eb00000|  0%| F|  |TAMS 0x000000008ea00000, 0x000000008ea00000| Untracked 
|  87|0x000000008eb00000, 0x000000008eb00000, 0x000000008ec00000|  0%| F|  |TAMS 0x000000008eb00000, 0x000000008eb00000| Untracked 
|  88|0x000000008ec00000, 0x000000008ec00000, 0x000000008ed00000|  0%| F|  |TAMS 0x000000008ec00000, 0x000000008ec00000| Untracked 
|  89|0x000000008ed00000, 0x000000008ed00000, 0x000000008ee00000|  0%| F|  |TAMS 0x000000008ed00000, 0x000000008ed00000| Untracked 
|  90|0x000000008ee00000, 0x000000008ee00000, 0x000000008ef00000|  0%| F|  |TAMS 0x000000008ee00000, 0x000000008ee00000| Untracked 
|  91|0x000000008ef00000, 0x000000008ef00000, 0x000000008f000000|  0%| F|  |TAMS 0x000000008ef00000, 0x000000008ef00000| Untracked 
|  92|0x000000008f000000, 0x000000008f000000, 0x000000008f100000|  0%| F|  |TAMS 0x000000008f000000, 0x000000008f000000| Untracked 
|  93|0x000000008f100000, 0x000000008f100000, 0x000000008f200000|  0%| F|  |TAMS 0x000000008f100000, 0x000000008f100000| Untracked 
|  94|0x000000008f200000, 0x000000008f200000, 0x000000008f300000|  0%| F|  |TAMS 0x000000008f200000, 0x000000008f200000| Untracked 
|  95|0x000000008f300000, 0x000000008f300000, 0x000000008f400000|  0%| F|  |TAMS 0x000000008f300000, 0x000000008f300000| Untracked 
|  96|0x000000008f400000, 0x000000008f400000, 0x000000008f500000|  0%| F|  |TAMS 0x000000008f400000, 0x000000008f400000| Untracked 
|  97|0x000000008f500000, 0x000000008f500000, 0x000000008f600000|  0%| F|  |TAMS 0x000000008f500000, 0x000000008f500000| Untracked 
|  98|0x000000008f600000, 0x000000008f600000, 0x000000008f700000|  0%| F|  |TAMS 0x000000008f600000, 0x000000008f600000| Untracked 
|  99|0x000000008f700000, 0x000000008f700000, 0x000000008f800000|  0%| F|  |TAMS 0x000000008f700000, 0x000000008f700000| Untracked 
| 100|0x000000008f800000, 0x000000008f800000, 0x000000008f900000|  0%| F|  |TAMS 0x000000008f800000, 0x000000008f800000| Untracked 
| 101|0x000000008f900000, 0x000000008f900000, 0x000000008fa00000|  0%| F|  |TAMS 0x000000008f900000, 0x000000008f900000| Untracked 
| 102|0x000000008fa00000, 0x000000008fa00000, 0x000000008fb00000|  0%| F|  |TAMS 0x000000008fa00000, 0x000000008fa00000| Untracked 
| 103|0x000000008fb00000, 0x000000008fb00000, 0x000000008fc00000|  0%| F|  |TAMS 0x000000008fb00000, 0x000000008fb00000| Untracked 
| 104|0x000000008fc00000, 0x000000008fc00000, 0x000000008fd00000|  0%| F|  |TAMS 0x000000008fc00000, 0x000000008fc00000| Untracked 
| 105|0x000000008fd00000, 0x000000008fd00000, 0x000000008fe00000|  0%| F|  |TAMS 0x000000008fd00000, 0x000000008fd00000| Untracked 
| 106|0x000000008fe00000, 0x000000008fe00000, 0x000000008ff00000|  0%| F|  |TAMS 0x000000008fe00000, 0x000000008fe00000| Untracked 
| 107|0x000000008ff00000, 0x000000008ff00000, 0x0000000090000000|  0%| F|  |TAMS 0x000000008ff00000, 0x000000008ff00000| Untracked 
| 108|0x0000000090000000, 0x0000000090000000, 0x0000000090100000|  0%| F|  |TAMS 0x0000000090000000, 0x0000000090000000| Untracked 
| 109|0x0000000090100000, 0x0000000090100000, 0x0000000090200000|  0%| F|  |TAMS 0x0000000090100000, 0x0000000090100000| Untracked 
| 110|0x0000000090200000, 0x0000000090200000, 0x0000000090300000|  0%| F|  |TAMS 0x0000000090200000, 0x0000000090200000| Untracked 
| 111|0x0000000090300000, 0x0000000090300000, 0x0000000090400000|  0%| F|  |TAMS 0x0000000090300000, 0x0000000090300000| Untracked 
| 112|0x0000000090400000, 0x00000000904ec088, 0x0000000090500000| 92%| E|  |TAMS 0x0000000090400000, 0x0000000090400000| Complete 
| 113|0x0000000090500000, 0x0000000090600000, 0x0000000090600000|100%| E|CS|TAMS 0x0000000090500000, 0x0000000090500000| Complete 
| 114|0x0000000090600000, 0x0000000090700000, 0x0000000090700000|100%| E|CS|TAMS 0x0000000090600000, 0x0000000090600000| Complete 
| 115|0x0000000090700000, 0x0000000090800000, 0x0000000090800000|100%| E|CS|TAMS 0x0000000090700000, 0x0000000090700000| Complete 
| 116|0x0000000090800000, 0x0000000090900000, 0x0000000090900000|100%| E|CS|TAMS 0x0000000090800000, 0x0000000090800000| Complete 
| 117|0x0000000090900000, 0x0000000090a00000, 0x0000000090a00000|100%| E|CS|TAMS 0x0000000090900000, 0x0000000090900000| Complete 
| 118|0x0000000090a00000, 0x0000000090b00000, 0x0000000090b00000|100%| E|CS|TAMS 0x0000000090a00000, 0x0000000090a00000| Complete 
| 119|0x0000000090b00000, 0x0000000090c00000, 0x0000000090c00000|100%| E|CS|TAMS 0x0000000090b00000, 0x0000000090b00000| Complete 

Card table byte_map: [0x000001be552d0000,0x000001be55690000] _byte_map_base: 0x000001be54e86000

Marking Bits (Prev, Next): (CMBitMap*) 0x000001be3dab45e0, (CMBitMap*) 0x000001be3dab4620
 Prev Bits: [0x000001be55a50000, 0x000001be57800000)
 Next Bits: [0x000001be57800000, 0x000001be595b0000)

Polling page: 0x000001be3d220000

Metaspace:

Usage:
  Non-class:      6.01 MB used.
      Class:    756.56 KB used.
       Both:      6.75 MB used.

Virtual space:
  Non-class space:       64.00 MB reserved,       6.06 MB (  9%) committed,  1 nodes.
      Class space:        1.00 GB reserved,     896.00 KB ( <1%) committed,  1 nodes.
             Both:        1.06 GB reserved,       6.94 MB ( <1%) committed. 

Chunk freelists:
   Non-Class:  1.00 MB
       Class:  3.11 MB
        Both:  4.11 MB

MaxMetaspaceSize: unlimited
CompressedClassSpaceSize: 1.00 GB
Initial GC threshold: 21.00 MB
Current GC threshold: 21.00 MB
CDS: on
MetaspaceReclaimPolicy: balanced
 - commit_granule_bytes: 65536.
 - commit_granule_words: 8192.
 - virtual_space_node_default_size: 8388608.
 - enlarge_chunks_in_place: 1.
 - new_chunks_are_fully_committed: 0.
 - uncommit_free_chunks: 1.
 - use_allocation_guard: 0.


Internal statistics:

num_allocs_failed_limit: 0.
num_arena_births: 142.
num_arena_deaths: 0.
num_vsnodes_births: 2.
num_vsnodes_deaths: 0.
num_space_committed: 111.
num_space_uncommitted: 0.
num_chunks_returned_to_freelist: 0.
num_chunks_taken_from_freelist: 157.
num_chunk_merges: 0.
num_chunk_splits: 105.
num_chunks_enlarged: 69.
num_inconsistent_stats: 0.

CodeHeap 'non-profiled nmethods': size=120000Kb used=234Kb max_used=234Kb free=119765Kb
 bounds [0x000001be4d490000, 0x000001be4d700000, 0x000001be549c0000]
CodeHeap 'profiled nmethods': size=120000Kb used=1103Kb max_used=1103Kb free=118896Kb
 bounds [0x000001be459c0000, 0x000001be45c30000, 0x000001be4cef0000]
CodeHeap 'non-nmethods': size=5760Kb used=1355Kb max_used=1358Kb free=4405Kb
 bounds [0x000001be4cef0000, 0x000001be4d160000, 0x000001be4d490000]
 total_blobs=1404 nmethods=808 adapters=507
 compilation: enabled
              stopped_count=0, restarted_count=0
 full_count=0

Compilation events (20 events):
Event: 5.136 Thread 0x000001be5c21d120  798       3       java.awt.Container$MouseEventTargetFilter::accept (66 bytes)
Event: 5.136 Thread 0x000001be5c21d120 nmethod 798 0x000001be45acfc90 code [0x000001be45acfe40, 0x000001be45ad0138]
Event: 5.164 Thread 0x000001be5c21d120  799       3       java.util.IdentityHashMap::get (60 bytes)
Event: 5.165 Thread 0x000001be5c21d120 nmethod 799 0x000001be45ad0210 code [0x000001be45ad0400, 0x000001be45ad0888]
Event: 5.199 Thread 0x000001be5c21d120  800       3       java.awt.GraphicsEnvironment::isHeadless (4 bytes)
Event: 5.200 Thread 0x000001be5c21d120 nmethod 800 0x000001be45ad0a90 code [0x000001be45ad0ca0, 0x000001be45ad1318]
Event: 5.200 Thread 0x000001be5c21d120  801       3       java.awt.GraphicsEnvironment::getHeadlessProperty (22 bytes)
Event: 5.200 Thread 0x000001be5c21d120 nmethod 801 0x000001be45ad1590 code [0x000001be45ad17a0, 0x000001be45ad1db8]
Event: 6.151 Thread 0x000001be5c21d120  802       1       java.awt.Component::isVisible_NoClientCode (5 bytes)
Event: 6.151 Thread 0x000001be5c21d120 nmethod 802 0x000001be4d4ca490 code [0x000001be4d4ca620, 0x000001be4d4ca6f8]
Event: 24.603 Thread 0x000001be5c21d120  803       3       java.util.ArrayList::toArray (57 bytes)
Event: 24.604 Thread 0x000001be5c21d120 nmethod 803 0x000001be45ad2010 code [0x000001be45ad2200, 0x000001be45ad2778]
Event: 27.283 Thread 0x000001be5c21d120  805       3       sun.java2d.d3d.D3DSurfaceData$D3DWindowSurfaceData::isDirty (18 bytes)
Event: 27.284 Thread 0x000001be5c21d120 nmethod 805 0x000001be45ad2890 code [0x000001be45ad2a40, 0x000001be45ad2c68]
Event: 27.284 Thread 0x000001be5c21d120  806       3       sun.java2d.StateTrackableDelegate$1::isCurrent (17 bytes)
Event: 27.284 Thread 0x000001be5c21d120 nmethod 806 0x000001be45ad2d10 code [0x000001be45ad2ea0, 0x000001be45ad3018]
Event: 32.057 Thread 0x000001be5c21d120  807   !   3       java.lang.Object::wait (50 bytes)
Event: 32.058 Thread 0x000001be5c21d120 nmethod 807 0x000001be45ad3110 code [0x000001be45ad3320, 0x000001be45ad38a8]
Event: 332.597 Thread 0x000001be5c21d120  808       3       java.lang.invoke.ConstantCallSite::getTarget (20 bytes)
Event: 332.597 Thread 0x000001be5c21d120 nmethod 808 0x000001be45ad3b10 code [0x000001be45ad3cc0, 0x000001be45ad3ec8]

GC Heap History (0 events):
No events

Dll operation events (8 events):
Event: 0.009 Loaded shared library C:\Program Files\Java\jdk-19\bin\java.dll
Event: 0.097 Loaded shared library C:\Program Files\Java\jdk-19\bin\jsvml.dll
Event: 0.179 Loaded shared library C:\Program Files\Java\jdk-19\bin\net.dll
Event: 0.182 Loaded shared library C:\Program Files\Java\jdk-19\bin\nio.dll
Event: 0.229 Loaded shared library C:\Program Files\Java\jdk-19\bin\jimage.dll
Event: 0.253 Loaded shared library C:\Program Files\Java\jdk-19\bin\awt.dll
Event: 0.663 Loaded shared library C:\Program Files\Java\jdk-19\bin\freetype.dll
Event: 0.664 Loaded shared library C:\Program Files\Java\jdk-19\bin\fontmanager.dll

Deoptimization events (8 events):
Event: 0.371 Thread 0x000001be3da56880 Uncommon trap: trap_request=0xffffff45 fr.pc=0x000001be4d49f914 relative=0x00000000000009f4
Event: 0.371 Thread 0x000001be3da56880 Uncommon trap: reason=unstable_if action=reinterpret pc=0x000001be4d49f914 method=java.util.HashMap.putVal(ILjava/lang/Object;Ljava/lang/Object;ZZ)Ljava/lang/Object; @ 236 c2
Event: 0.371 Thread 0x000001be3da56880 DEOPT PACKING pc=0x000001be4d49f914 sp=0x000000a69b6ff3d0
Event: 0.371 Thread 0x000001be3da56880 DEOPT UNPACKING pc=0x000001be4cf56da3 sp=0x000000a69b6ff388 mode 2
Event: 0.701 Thread 0x000001be5c225160 Uncommon trap: trap_request=0xffffff45 fr.pc=0x000001be4d4b6b7c relative=0x00000000000004bc
Event: 0.701 Thread 0x000001be5c225160 Uncommon trap: reason=unstable_if action=reinterpret pc=0x000001be4d4b6b7c method=java.lang.StringLatin1.replace([BCC)Ljava/lang/String; @ 19 c2
Event: 0.701 Thread 0x000001be5c225160 DEOPT PACKING pc=0x000001be4d4b6b7c sp=0x000000a69ccfe0b0
Event: 0.701 Thread 0x000001be5c225160 DEOPT UNPACKING pc=0x000001be4cf56da3 sp=0x000000a69ccfe030 mode 2

Classes loaded (20 events):
Event: 332.666 Loading class sun/awt/image/SunWritableRaster$DataStealer
Event: 332.666 Loading class sun/awt/image/SunWritableRaster$DataStealer done
Event: 332.666 Loading class java/awt/image/DataBuffer$1 done
Event: 332.666 Loading class sun/awt/image/SunWritableRaster
Event: 332.667 Loading class java/awt/image/WritableRaster
Event: 332.667 Loading class java/awt/image/WritableRaster done
Event: 332.667 Loading class sun/awt/image/SunWritableRaster done
Event: 332.667 Loading class java/awt/image/SinglePixelPackedSampleModel
Event: 332.667 Loading class java/awt/image/SampleModel
Event: 332.667 Loading class java/awt/image/SampleModel done
Event: 332.667 Loading class java/awt/image/SinglePixelPackedSampleModel done
Event: 332.668 Loading class sun/awt/image/IntegerInterleavedRaster
Event: 332.668 Loading class sun/awt/image/IntegerComponentRaster
Event: 332.668 Loading class sun/awt/image/IntegerComponentRaster done
Event: 332.668 Loading class sun/awt/image/IntegerInterleavedRaster done
Event: 332.678 Loading class java/awt/image/BufferedImage
Event: 332.679 Loading class java/awt/image/WritableRenderedImage
Event: 332.679 Loading class java/awt/image/RenderedImage
Event: 332.679 Loading class java/awt/image/RenderedImage done
Event: 332.679 Loading class java/awt/image/WritableRenderedImage done

Classes unloaded (0 events):
No events

Classes redefined (0 events):
No events

Internal exceptions (15 events):
Event: 0.185 Thread 0x000001be3da56880 Exception <a 'sun/nio/fs/WindowsException'{0x0000000090a44f50}> (0x0000000090a44f50) 
thrown [s\open\src\hotspot\share\prims\jni.cpp, line 517]
Event: 0.185 Thread 0x000001be3da56880 Exception <a 'sun/nio/fs/WindowsException'{0x0000000090a45460}> (0x0000000090a45460) 
thrown [s\open\src\hotspot\share\prims\jni.cpp, line 517]
Event: 0.188 Thread 0x000001be3da56880 Exception <a 'sun/nio/fs/WindowsException'{0x0000000090a47660}> (0x0000000090a47660) 
thrown [s\open\src\hotspot\share\prims\jni.cpp, line 517]
Event: 0.238 Thread 0x000001be3da56880 Exception <a 'java/lang/ClassNotFoundException'{0x000000009096eba0}: sun/awt/resources/spi/awtProvider> (0x000000009096eba0) 
thrown [s\open\src\hotspot\share\classfile\systemDictionary.cpp, line 255]
Event: 0.271 Thread 0x000001be3da56880 Exception <a 'java/io/FileNotFoundException'{0x00000000909c63c0}> (0x00000000909c63c0) 
thrown [s\open\src\hotspot\share\prims\jni.cpp, line 517]
Event: 0.281 Thread 0x000001be3da56880 Exception <a 'java/io/FileNotFoundException'{0x00000000909f2bb0}> (0x00000000909f2bb0) 
thrown [s\open\src\hotspot\share\prims\jni.cpp, line 517]
Event: 0.324 Thread 0x000001be3da56880 Exception <a 'java/lang/NoSuchMethodError'{0x00000000908268a8}: 'java.lang.Object java.lang.invoke.DirectMethodHandle$Holder.invokeStaticInit(java.lang.Object)'> (0x00000000908268a8) 
thrown [s\open\src\hotspot\share\interpreter\linkResolver.cpp, line 774]
Event: 0.522 Thread 0x000001be5c225160 Exception <a 'java/lang/NoSuchMethodError'{0x0000000090757a68}: 'void java.lang.invoke.DirectMethodHandle$Holder.invokeSpecial(java.lang.Object, java.lang.Object, java.lang.Object)'> (0x0000000090757a68) 
thrown [s\open\src\hotspot\share\interpreter\linkResolver.cpp, line 774]
Event: 0.538 Thread 0x000001be5c225160 Exception <a 'java/lang/NoSuchMethodError'{0x0000000090782940}: 'java.lang.Object java.lang.invoke.DirectMethodHandle$Holder.newInvokeSpecial(java.lang.Object, java.lang.Object, java.lang.Object, java.lang.Object, java.lang.Object)'> (0x0000000090782940) 
thrown [s\open\src\hotspot\share\interpreter\linkResolver.cpp, line 774]
Event: 0.551 Thread 0x000001be5c225160 Exception <a 'java/lang/NoSuchMethodError'{0x00000000907b4028}: 'java.lang.Object java.lang.invoke.DirectMethodHandle$Holder.invokeStatic(java.lang.Object, int, java.lang.Object)'> (0x00000000907b4028) 
thrown [s\open\src\hotspot\share\interpreter\linkResolver.cpp, line 774]
Event: 0.594 Thread 0x000001be5c225160 Exception <a 'java/lang/ClassNotFoundException'{0x000000009066fe68}: com/sun/swing/internal/plaf/metal/resources/spi/metalProvider> (0x000000009066fe68) 
thrown [s\open\src\hotspot\share\classfile\systemDictionary.cpp, line 255]
Event: 0.596 Thread 0x000001be5c225160 Exception <a 'java/lang/ClassNotFoundException'{0x0000000090673d98}: com/sun/swing/internal/plaf/basic/resources/spi/basicProvider> (0x0000000090673d98) 
thrown [s\open\src\hotspot\share\classfile\systemDictionary.cpp, line 255]
Event: 0.611 Thread 0x000001be5c225160 Exception <a 'java/lang/NoSuchMethodError'{0x0000000090693d88}: 'int java.lang.invoke.Invokers$Holder.invokeExact_MT(java.lang.Object, java.lang.Object)'> (0x0000000090693d88) 
thrown [s\open\src\hotspot\share\interpreter\linkResolver.cpp, line 774]
Event: 0.656 Thread 0x000001be5c225160 Exception <a 'java/lang/NoSuchMethodError'{0x00000000906c9190}: 'void java.lang.invoke.DirectMethodHandle$Holder.invokeStaticInit(java.lang.Object)'> (0x00000000906c9190) 
thrown [s\open\src\hotspot\share\interpreter\linkResolver.cpp, line 774]
Event: 0.738 Thread 0x000001be5c222c30 Exception <a 'java/lang/NoSuchMethodError'{0x00000000908fba90}: 'void java.lang.invoke.DirectMethodHandle$Holder.invokeVirtual(java.lang.Object, java.lang.Object)'> (0x00000000908fba90) 
thrown [s\open\src\hotspot\share\interpreter\linkResolver.cpp, line 774]

VM Operations (10 events):
Event: 0.190 Executing VM operation: HandshakeAllThreads
Event: 0.190 Executing VM operation: HandshakeAllThreads done
Event: 0.624 Executing VM operation: HandshakeAllThreads
Event: 0.625 Executing VM operation: HandshakeAllThreads done
Event: 1.624 Executing VM operation: Cleanup
Event: 1.624 Executing VM operation: Cleanup done
Event: 4.631 Executing VM operation: Cleanup
Event: 4.631 Executing VM operation: Cleanup done
Event: 5.645 Executing VM operation: Cleanup
Event: 5.645 Executing VM operation: Cleanup done

Events (19 events):
Event: 0.098 Thread 0x000001be3da56880 Thread added: 0x000001be3da56880
Event: 0.116 Thread 0x000001be5c204030 Thread added: 0x000001be5c204030
Event: 0.117 Thread 0x000001be5c204ac0 Thread added: 0x000001be5c204ac0
Event: 0.117 Thread 0x000001be5c209a30 Thread added: 0x000001be5c209a30
Event: 0.117 Thread 0x000001be5c20b370 Thread added: 0x000001be5c20b370
Event: 0.117 Thread 0x000001be5c20bca0 Thread added: 0x000001be5c20bca0
Event: 0.118 Thread 0x000001be5c2165f0 Thread added: 0x000001be5c2165f0
Event: 0.118 Thread 0x000001be5c21a9b0 Thread added: 0x000001be5c21a9b0
Event: 0.118 Thread 0x000001be5c21d120 Thread added: 0x000001be5c21d120
Event: 0.118 Thread 0x000001be5c2256b0 Thread added: 0x000001be5c2256b0
Event: 0.159 Thread 0x000001be5c224c10 Thread added: 0x000001be5c224c10
Event: 0.206 Thread 0x000001be5c2246c0 Thread added: 0x000001be5c2246c0
Event: 0.327 Thread 0x000001be5c224170 Thread added: 0x000001be5c224170
Event: 0.331 Thread 0x000001be5c225c00 Thread added: 0x000001be5c225c00
Event: 0.335 Thread 0x000001be5c222c30 Thread added: 0x000001be5c222c30
Event: 0.371 Thread 0x000001be5c225160 Thread added: 0x000001be5c225160
Event: 0.372 Thread 0x000001be3da56880 Thread exited: 0x000001be3da56880
Event: 0.372 Thread 0x000001be5c223c20 Thread added: 0x000001be5c223c20
Event: 0.767 Thread 0x000001be5c2236d0 Thread added: 0x000001be5c2236d0


Dynamic libraries:
0x00007ff65d530000 - 0x00007ff65d540000 	C:\Program Files\Java\jdk-19\bin\java.exe
0x00007ffc53410000 - 0x00007ffc53627000 	C:\WINDOWS\SYSTEM32\ntdll.dll
0x00007ffc51e60000 - 0x00007ffc51f24000 	C:\WINDOWS\System32\KERNEL32.DLL
0x00007ffc50b30000 - 0x00007ffc50ed7000 	C:\WINDOWS\System32\KERNELBASE.dll
0x00007ffc50940000 - 0x00007ffc50a51000 	C:\WINDOWS\System32\ucrtbase.dll
0x00007ffc2c4f0000 - 0x00007ffc2c508000 	C:\Program Files\Java\jdk-19\bin\jli.dll
0x00007ffc36640000 - 0x00007ffc3665b000 	C:\Program Files\Java\jdk-19\bin\VCRUNTIME140.dll
0x00007ffc52260000 - 0x00007ffc52310000 	C:\WINDOWS\System32\ADVAPI32.dll
0x00007ffc515e0000 - 0x00007ffc51687000 	C:\WINDOWS\System32\msvcrt.dll
0x00007ffc51f30000 - 0x00007ffc51fd6000 	C:\WINDOWS\System32\sechost.dll
0x00007ffc53100000 - 0x00007ffc53217000 	C:\WINDOWS\System32\RPCRT4.dll
0x00007ffc53220000 - 0x00007ffc533ce000 	C:\WINDOWS\System32\USER32.dll
0x00007ffc50a60000 - 0x00007ffc50a86000 	C:\WINDOWS\System32\win32u.dll
0x00007ffc515b0000 - 0x00007ffc515d9000 	C:\WINDOWS\System32\GDI32.dll
0x00007ffc51050000 - 0x00007ffc51169000 	C:\WINDOWS\System32\gdi32full.dll
0x00007ffc50a90000 - 0x00007ffc50b2a000 	C:\WINDOWS\System32\msvcp_win.dll
0x00007ffc3df20000 - 0x00007ffc3e1b3000 	C:\WINDOWS\WinSxS\amd64_microsoft.windows.common-controls_6595b64144ccf1df_6.0.22621.2506_none_270c5ae97388e100\COMCTL32.dll
0x00007ffc48030000 - 0x00007ffc4803a000 	C:\WINDOWS\SYSTEM32\VERSION.dll
0x00007ffc51db0000 - 0x00007ffc51de1000 	C:\WINDOWS\System32\IMM32.DLL
0x00007ffc39370000 - 0x00007ffc3937c000 	C:\Program Files\Java\jdk-19\bin\vcruntime140_1.dll
0x00007ffbdc690000 - 0x00007ffbdc71e000 	C:\Program Files\Java\jdk-19\bin\msvcp140.dll
0x00007ffbd7c50000 - 0x00007ffbd8910000 	C:\Program Files\Java\jdk-19\bin\server\jvm.dll
0x00007ffc493f0000 - 0x00007ffc49424000 	C:\WINDOWS\SYSTEM32\WINMM.dll
0x00007ffc39520000 - 0x00007ffc39529000 	C:\WINDOWS\SYSTEM32\WSOCK32.dll
0x00007ffc521e0000 - 0x00007ffc52251000 	C:\WINDOWS\System32\WS2_32.dll
0x00007ffc4f880000 - 0x00007ffc4f898000 	C:\WINDOWS\SYSTEM32\kernel.appcore.dll
0x00007ffc37120000 - 0x00007ffc3712a000 	C:\Program Files\Java\jdk-19\bin\jimage.dll
0x00007ffc45010000 - 0x00007ffc45243000 	C:\WINDOWS\SYSTEM32\DBGHELP.DLL
0x00007ffc519c0000 - 0x00007ffc51d49000 	C:\WINDOWS\System32\combase.dll
0x00007ffc51690000 - 0x00007ffc51767000 	C:\WINDOWS\System32\OLEAUT32.dll
0x00007ffc468c0000 - 0x00007ffc468f2000 	C:\WINDOWS\SYSTEM32\dbgcore.DLL
0x00007ffc508c0000 - 0x00007ffc5093a000 	C:\WINDOWS\System32\bcryptPrimitives.dll
0x00007ffc31ec0000 - 0x00007ffc31ee6000 	C:\Program Files\Java\jdk-19\bin\java.dll
0x00007ffbd7b70000 - 0x00007ffbd7c47000 	C:\Program Files\Java\jdk-19\bin\jsvml.dll
0x00007ffc52790000 - 0x00007ffc52fe9000 	C:\WINDOWS\System32\SHELL32.dll
0x00007ffc4e680000 - 0x00007ffc4ef74000 	C:\WINDOWS\SYSTEM32\windows.storage.dll
0x00007ffc4e530000 - 0x00007ffc4e66e000 	C:\WINDOWS\SYSTEM32\wintypes.dll
0x00007ffc52050000 - 0x00007ffc52143000 	C:\WINDOWS\System32\SHCORE.dll
0x00007ffc51d50000 - 0x00007ffc51dae000 	C:\WINDOWS\System32\shlwapi.dll
0x00007ffc506c0000 - 0x00007ffc506e6000 	C:\WINDOWS\SYSTEM32\profapi.dll
0x00007ffc31ea0000 - 0x00007ffc31eb3000 	C:\Program Files\Java\jdk-19\bin\net.dll
0x00007ffc4b4d0000 - 0x00007ffc4b607000 	C:\WINDOWS\SYSTEM32\WINHTTP.dll
0x00007ffc4fd00000 - 0x00007ffc4fd69000 	C:\WINDOWS\system32\mswsock.dll
0x00007ffc2f620000 - 0x00007ffc2f636000 	C:\Program Files\Java\jdk-19\bin\nio.dll
0x00007ffbd78b0000 - 0x00007ffbd7a41000 	C:\Program Files\Java\jdk-19\bin\awt.dll
0x00007ffc4da90000 - 0x00007ffc4db27000 	C:\WINDOWS\SYSTEM32\apphelp.dll
0x00007ffc4db90000 - 0x00007ffc4dc3b000 	C:\WINDOWS\system32\uxtheme.dll
0x00007ffc51870000 - 0x00007ffc519bf000 	C:\WINDOWS\System32\MSCTF.dll
0x00007ffc51340000 - 0x00007ffc514e0000 	C:\WINDOWS\System32\ole32.dll
0x00007ffc4de10000 - 0x00007ffc4de3b000 	C:\WINDOWS\system32\DWMAPI.DLL
0x00007ffbf5440000 - 0x00007ffbf5540000 	C:\WINDOWS\system32\opengl32.dll
0x00007ffbf4e60000 - 0x00007ffbf4e8d000 	C:\WINDOWS\SYSTEM32\GLU32.dll
0x00007ffc4de80000 - 0x00007ffc4deb6000 	C:\WINDOWS\SYSTEM32\dxcore.dll
0x00007ffbf62a0000 - 0x00007ffbf6449000 	C:\WINDOWS\system32\d3d9.dll
0x00007ffc48040000 - 0x00007ffc481fb000 	C:\WINDOWS\System32\DriverStore\FileRepository\u0382030.inf_amd64_c27c1f19988d7c7e\B381533\aticfx64.dll
0x00007ffc39630000 - 0x00007ffc39664000 	C:\WINDOWS\System32\DriverStore\FileRepository\u0382030.inf_amd64_c27c1f19988d7c7e\B381533\atiu9p64.dll
0x00007ffbd9e60000 - 0x00007ffbdabb5000 	C:\WINDOWS\System32\DriverStore\FileRepository\u0382030.inf_amd64_c27c1f19988d7c7e\B381533\atiumd64.dll
0x00000000621a0000 - 0x00000000630c6000 	C:\WINDOWS\System32\DriverStore\FileRepository\u0382030.inf_amd64_c27c1f19988d7c7e\B381533\atiumd6a.dll
0x00007ffc52310000 - 0x00007ffc52784000 	C:\WINDOWS\System32\SETUPAPI.dll
0x00007ffc4f5e0000 - 0x00007ffc4f62d000 	C:\WINDOWS\SYSTEM32\POWRPROF.dll
0x00007ffc4f5a0000 - 0x00007ffc4f5b3000 	C:\WINDOWS\SYSTEM32\UMPDC.dll
0x00007ffc47e40000 - 0x00007ffc47e75000 	C:\WINDOWS\SYSTEM32\amdihk64.dll
0x00007ffc4b480000 - 0x00007ffc4b4ca000 	C:\WINDOWS\SYSTEM32\directxdatabasehelper.dll
0x00007ffbd7820000 - 0x00007ffbd78a6000 	C:\Program Files\Java\jdk-19\bin\freetype.dll
0x00007ffbd7750000 - 0x00007ffbd7816000 	C:\Program Files\Java\jdk-19\bin\fontmanager.dll
0x00007ffc305d0000 - 0x00007ffc3071a000 	C:\WINDOWS\SYSTEM32\textinputframework.dll
0x00007ffc1b6b0000 - 0x00007ffc1baf5000 	C:\Windows\System32\uiautomationcore.dll
0x00007ffc2fce0000 - 0x00007ffc2fd49000 	C:\Windows\System32\OLEACC.dll
0x00007ffc514f0000 - 0x00007ffc515a0000 	C:\WINDOWS\System32\clbcatq.dll
0x00007ffc4d7b0000 - 0x00007ffc4d8e3000 	C:\WINDOWS\SYSTEM32\CoreMessaging.dll
0x00007ffc4a8b0000 - 0x00007ffc4ac1c000 	C:\WINDOWS\SYSTEM32\CoreUIComponents.dll
0x00007ffc4ff50000 - 0x00007ffc4ff5c000 	C:\WINDOWS\SYSTEM32\CRYPTBASE.DLL

dbghelp: loaded successfully - version: 4.0.5 - missing functions: none
symbol engine: initialized successfully - sym options: 0x614 - pdb path: .;C:\Program Files\Java\jdk-19\bin;C:\WINDOWS\SYSTEM32;C:\WINDOWS\WinSxS\amd64_microsoft.windows.common-controls_6595b64144ccf1df_6.0.22621.2506_none_270c5ae97388e100;C:\Program Files\Java\jdk-19\bin\server;C:\WINDOWS\System32\DriverStore\FileRepository\u0382030.inf_amd64_c27c1f19988d7c7e\B381533

VM Arguments:
jvm_args: -Dfile.encoding=UTF-8 --module-path=D:\OneDrive\Documents\NetBeansProjects\Wellness\build\classes 
java_command: wellness.Openpage
java_class_path (initial): D:\OneDrive\Documents\NetBeansProjects\Wellness\build\classes
Launcher Type: SUN_STANDARD

[Global flags]
     intx CICompilerCount                          = 4                                         {product} {ergonomic}
     uint ConcGCThreads                            = 3                                         {product} {ergonomic}
     uint G1ConcRefinementThreads                  = 10                                        {product} {ergonomic}
   size_t G1HeapRegionSize                         = 1048576                                   {product} {ergonomic}
    uintx GCDrainStackTargetSize                   = 64                                        {product} {ergonomic}
   size_t InitialHeapSize                          = 125829120                                 {product} {ergonomic}
   size_t MarkStackSize                            = 4194304                                   {product} {ergonomic}
   size_t MaxHeapSize                              = 1992294400                                {product} {ergonomic}
   size_t MaxNewSize                               = 1195376640                                {product} {ergonomic}
   size_t MinHeapDeltaBytes                        = 1048576                                   {product} {ergonomic}
   size_t MinHeapSize                              = 8388608                                   {product} {ergonomic}
    uintx NonNMethodCodeHeapSize                   = 5839372                                {pd product} {ergonomic}
    uintx NonProfiledCodeHeapSize                  = 122909434                              {pd product} {ergonomic}
    uintx ProfiledCodeHeapSize                     = 122909434                              {pd product} {ergonomic}
    uintx ReservedCodeCacheSize                    = 251658240                              {pd product} {ergonomic}
     bool SegmentedCodeCache                       = true                                      {product} {ergonomic}
   size_t SoftMaxHeapSize                          = 1992294400                             {manageable} {ergonomic}
     bool UseCompressedClassPointers               = true                           {product lp64_product} {ergonomic}
     bool UseCompressedOops                        = true                           {product lp64_product} {ergonomic}
     bool UseG1GC                                  = true                                      {product} {ergonomic}
     bool UseLargePagesIndividualAllocation        = false                                  {pd product} {ergonomic}

Logging:
Log output configuration:
 #0: stdout all=warning uptime,level,tags foldmultilines=false
 #1: stderr all=off uptime,level,tags foldmultilines=false

Environment Variables:
JAVA_HOME=C:\Program Files\Java\jdk-19
PATH=C:\Program Files\Java\jdk-19\bin;C:\Program Files\Common Files\Oracle\Java\javapath;D:\Scripts\;D:\;C:\Windows\system32;C:\Windows;C:\Windows\System32\Wbem;C:\Windows\System32\WindowsPowerShell\v1.0\;C:\Windows\System32\OpenSSH\;C:\Program Files (x86)\NVIDIA Corporation\PhysX\Common;C:\Program Files\NVIDIA Corporation\NVIDIA NvDLISR;C:\WINDOWS\system32;C:\WINDOWS;C:\WINDOWS\System32\Wbem;C:\WINDOWS\System32\WindowsPowerShell\v1.0\;C:\WINDOWS\System32\OpenSSH\;C:\Program Files\Git\cmd;C:\Program Files\MySQL\MySQL Shell 8.0\bin\;C:\Users\91630\AppData\Local\Microsoft\WindowsApps;C:\Program Files\JetBrains\IntelliJ IDEA Community Edition 2023.1.3\bin;;C:\Users\91630\AppData\Local\Programs\Microsoft VS Code\bin
USERNAME=91630
OS=Windows_NT
PROCESSOR_IDENTIFIER=AMD64 Family 23 Model 96 Stepping 1, AuthenticAMD
TMP=C:\Users\91630\AppData\Local\Temp
TEMP=C:\Users\91630\AppData\Local\Temp



---------------  S Y S T E M  ---------------

OS:
 Windows 11 , 64 bit Build 22621 (10.0.22621.2506)
OS uptime: 4 days 22:10 hours
Hyper-V role detected

CPU: total 12 (initial active 12) (12 cores per cpu, 2 threads per core) family 23 model 96 stepping 1 microcode 0x0, cx8, cmov, fxsr, ht, mmx, 3dnowpref, sse, sse2, sse3, ssse3, sse4a, sse4.1, sse4.2, popcnt, lzcnt, tsc, tscinvbit, avx, avx2, aes, clmul, bmi1, bmi2, adx, sha, fma, vzeroupper, clflush, clflushopt, hv, rdtscp, rdpid

Memory: 4k page, system-wide physical 7598M (965M free)
TotalPageFile size 15790M (AvailPageFile size 0M)
current process WorkingSet (physical memory assigned to process): 81M, peak: 81M
current process commit charge ("private bytes"): 252M, peak: 253M

vm_info: Java HotSpot(TM) 64-Bit Server VM (19.0.2+7-44) for windows-amd64 JRE (19.0.2+7-44), built on 2022-11-30T18:02:09Z by "mach5one" with MS VC++ 17.1 (VS2022)

END.
