#
# There is insufficient memory for the Java Runtime Environment to continue.
# Native memory allocation (mmap) failed to map 65536 bytes for Failed to commit metaspace.
# Possible reasons:
#   The system is out of physical RAM or swap space
#   The process is running with CompressedOops enabled, and the Java Heap may be blocking the growth of the native heap
# Possible solutions:
#   Reduce memory load on the system
#   Increase physical memory or swap space
#   Check if swap backing store is full
#   Decrease Java heap size (-Xmx/-Xms)
#   Decrease number of Java threads
#   Decrease Java thread stack sizes (-Xss)
#   Set larger code cache with -XX:ReservedCodeCacheSize=
#   JVM is running with Unscaled Compressed Oops mode in which the Java heap is
#     placed in the first 4GB address space. The Java Heap base address is the
#     maximum limit for the native heap growth. Please use -XX:HeapBaseMinAddress
#     to set the Java Heap base and to place the Java Heap above 4GB virtual address.
# This output file may be truncated or incomplete.
#
#  Out of Memory Error (virtualSpaceNode.cpp:110), pid=15824, tid=2852
#
# JRE version: Java(TM) SE Runtime Environment (19.0.2+7) (build 19.0.2+7-44)
# Java VM: Java HotSpot(TM) 64-Bit Server VM (19.0.2+7-44, mixed mode, sharing, tiered, compressed oops, compressed class ptrs, g1 gc, windows-amd64)
# No core dump will be written. Minidumps are not enabled by default on client versions of Windows
#

---------------  S U M M A R Y ------------

Command Line: -Dfile.encoding=UTF-8 --module-path=D:\OneDrive\Documents\NetBeansProjects\Wellness\build\classes wellness.Openpage

Host: AMD Ryzen 5 4600H with Radeon Graphics         , 12 cores, 7G,  Windows 11 , 64 bit Build 22621 (10.0.22621.2506)
Time: Mon Nov  6 13:21:49 2023 India Standard Time elapsed time: 0.561017 seconds (0d 0h 0m 0s)

---------------  T H R E A D  ---------------

Current thread (0x000001fad6f10f60):  JavaThread "AWT-EventQueue-0" [_thread_in_vm, id=2852, stack(0x000000385a000000,0x000000385a100000)]

Stack: [0x000000385a000000,0x000000385a100000]
Native frames: (J=compiled Java code, j=interpreted, Vv=VM code, C=native code)
V  [jvm.dll+0x6ee21a]
V  [jvm.dll+0x85765e]
V  [jvm.dll+0x85904e]
V  [jvm.dll+0x859703]
V  [jvm.dll+0x28298f]
V  [jvm.dll+0x8532db]
V  [jvm.dll+0x692cb6]
V  [jvm.dll+0x692d1a]
V  [jvm.dll+0x695613]
V  [jvm.dll+0x6954de]
V  [jvm.dll+0x6936de]
V  [jvm.dll+0x26e12f]
V  [jvm.dll+0x69dcc5]
V  [jvm.dll+0x21e072]
V  [jvm.dll+0x21e5a5]
V  [jvm.dll+0x21ef01]
V  [jvm.dll+0x2146a1]
V  [jvm.dll+0x5a9cb6]
V  [jvm.dll+0x2257aa]
V  [jvm.dll+0x7cc802]
V  [jvm.dll+0x7cdc4a]
V  [jvm.dll+0x7ce3cd]
V  [jvm.dll+0x21f315]
V  [jvm.dll+0x2146ba]
V  [jvm.dll+0x5a9cb6]
V  [jvm.dll+0x2257aa]
V  [jvm.dll+0x7cc802]
V  [jvm.dll+0x7cdc4a]
V  [jvm.dll+0x7cdf78]
V  [jvm.dll+0x271e1b]
V  [jvm.dll+0x3da25e]
C  0x000001fac379d31d

Java frames: (J=compiled Java code, j=interpreted, Vv=VM code)
j  javax.swing.plaf.basic.BasicHTML$BasicEditorKit.createDefaultDocument(Ljava/awt/Font;Ljava/awt/Color;)Ljavax/swing/text/Document;+20 java.desktop@19.0.2
j  javax.swing.plaf.basic.BasicHTML.createHTMLView(Ljavax/swing/JComponent;Ljava/lang/String;)Ljavax/swing/text/View;+13 java.desktop@19.0.2
j  javax.swing.plaf.basic.BasicHTML.updateRenderer(Ljavax/swing/JComponent;Ljava/lang/String;)V+40 java.desktop@19.0.2
j  javax.swing.plaf.basic.BasicButtonUI.installUI(Ljavax/swing/JComponent;)V+32 java.desktop@19.0.2
j  javax.swing.JComponent.setUI(Ljavax/swing/plaf/ComponentUI;)V+52 java.desktop@19.0.2
j  javax.swing.AbstractButton.setUI(Ljavax/swing/plaf/ButtonUI;)V+2 java.desktop@19.0.2
j  javax.swing.JCheckBox.updateUI()V+8 java.desktop@19.0.2
j  javax.swing.AbstractButton.init(Ljava/lang/String;Ljavax/swing/Icon;)V+19 java.desktop@19.0.2
j  javax.swing.JToggleButton.<init>(Ljava/lang/String;Ljavax/swing/Icon;Z)V+28 java.desktop@19.0.2
j  javax.swing.JCheckBox.<init>(Ljava/lang/String;Ljavax/swing/Icon;Z)V+4 java.desktop@19.0.2
j  javax.swing.JCheckBox.<init>(Ljava/lang/String;)V+4 java.desktop@19.0.2
j  wellness.Openpage.<init>()V+128
j  wellness.Openpage.lambda$main$0()V+4
j  wellness.Openpage$$Lambda$25+0x0000000801003138.run()V+0
j  java.awt.event.InvocationEvent.dispatch()V+47 java.desktop@19.0.2
j  java.awt.EventQueue.dispatchEventImpl(Ljava/awt/AWTEvent;Ljava/lang/Object;)V+21 java.desktop@19.0.2
j  java.awt.EventQueue$4.run()Ljava/lang/Void;+32 java.desktop@19.0.2
j  java.awt.EventQueue$4.run()Ljava/lang/Object;+1 java.desktop@19.0.2
j  java.security.AccessController.executePrivileged(Ljava/security/PrivilegedAction;Ljava/security/AccessControlContext;Ljava/lang/Class;)Ljava/lang/Object;+29 java.base@19.0.2
j  java.security.AccessController.doPrivileged(Ljava/security/PrivilegedAction;Ljava/security/AccessControlContext;)Ljava/lang/Object;+13 java.base@19.0.2
j  java.security.ProtectionDomain$JavaSecurityAccessImpl.doIntersectionPrivilege(Ljava/security/PrivilegedAction;Ljava/security/AccessControlContext;Ljava/security/AccessControlContext;)Ljava/lang/Object;+18 java.base@19.0.2
j  java.awt.EventQueue.dispatchEvent(Ljava/awt/AWTEvent;)V+46 java.desktop@19.0.2
j  java.awt.EventDispatchThread.pumpOneEventForFilters(I)V+81 java.desktop@19.0.2
j  java.awt.EventDispatchThread.pumpEventsForFilter(ILjava/awt/Conditional;Ljava/awt/EventFilter;)V+35 java.desktop@19.0.2
j  java.awt.EventDispatchThread.pumpEventsForHierarchy(ILjava/awt/Conditional;Ljava/awt/Component;)V+11 java.desktop@19.0.2
j  java.awt.EventDispatchThread.pumpEvents(ILjava/awt/Conditional;)V+4 java.desktop@19.0.2
j  java.awt.EventDispatchThread.pumpEvents(Ljava/awt/Conditional;)V+3 java.desktop@19.0.2
j  java.awt.EventDispatchThread.run()V+9 java.desktop@19.0.2
v  ~StubRoutines::call_stub 0x000001fac377100e

---------------  P R O C E S S  ---------------

Threads class SMR info:
_java_thread_list=0x000001fad6eeba50, length=16, elements={
0x000001fad2a72df0, 0x000001fad2a739e0, 0x000001fad2a79040, 0x000001fad2a7ac00,
0x000001fad2a7bcd0, 0x000001fad2a81630, 0x000001fad2a831d0, 0x000001fad2a87bf0,
0x000001fad2a8c190, 0x000001fad6c95b40, 0x000001fad6dd3620, 0x000001fad6eee0f0,
0x000001fad6ef6a50, 0x000001fad6f08010, 0x000001fad6f10f60, 0x000001fab42d63c0
}

Java Threads: ( => current thread )
  0x000001fad2a72df0 JavaThread "Reference Handler" daemon [_thread_blocked, id=19684, stack(0x0000003859100000,0x0000003859200000)]
  0x000001fad2a739e0 JavaThread "Finalizer" daemon [_thread_blocked, id=17304, stack(0x0000003859200000,0x0000003859300000)]
  0x000001fad2a79040 JavaThread "Signal Dispatcher" daemon [_thread_blocked, id=24140, stack(0x0000003859300000,0x0000003859400000)]
  0x000001fad2a7ac00 JavaThread "Attach Listener" daemon [_thread_blocked, id=19068, stack(0x0000003859400000,0x0000003859500000)]
  0x000001fad2a7bcd0 JavaThread "Service Thread" daemon [_thread_blocked, id=4952, stack(0x0000003859500000,0x0000003859600000)]
  0x000001fad2a81630 JavaThread "Monitor Deflation Thread" daemon [_thread_blocked, id=14344, stack(0x0000003859600000,0x0000003859700000)]
  0x000001fad2a831d0 JavaThread "C2 CompilerThread0" daemon [_thread_blocked, id=22680, stack(0x0000003859700000,0x0000003859800000)]
  0x000001fad2a87bf0 JavaThread "C1 CompilerThread0" daemon [_thread_in_vm, id=16532, stack(0x0000003859800000,0x0000003859900000)]
  0x000001fad2a8c190 JavaThread "Sweeper thread" daemon [_thread_blocked, id=14132, stack(0x0000003859900000,0x0000003859a00000)]
  0x000001fad6c95b40 JavaThread "Common-Cleaner" daemon [_thread_blocked, id=3336, stack(0x0000003859a00000,0x0000003859b00000)]
  0x000001fad6dd3620 JavaThread "Notification Thread" daemon [_thread_blocked, id=10252, stack(0x0000003859b00000,0x0000003859c00000)]
  0x000001fad6eee0f0 JavaThread "Java2D Disposer" daemon [_thread_blocked, id=1860, stack(0x0000003859d00000,0x0000003859e00000)]
  0x000001fad6ef6a50 JavaThread "AWT-Shutdown" [_thread_blocked, id=1688, stack(0x0000003859e00000,0x0000003859f00000)]
  0x000001fad6f08010 JavaThread "AWT-Windows" daemon [_thread_in_native, id=17552, stack(0x0000003859f00000,0x000000385a000000)]
=>0x000001fad6f10f60 JavaThread "AWT-EventQueue-0" [_thread_in_vm, id=2852, stack(0x000000385a000000,0x000000385a100000)]
  0x000001fab42d63c0 JavaThread "DestroyJavaVM" [_thread_blocked, id=18128, stack(0x0000003858a00000,0x0000003858b00000)]

Other Threads:
  0x000001fad2a59700 VMThread "VM Thread" [stack: 0x0000003859000000,0x0000003859100000] [id=7948]
  0x000001fad6d8a0c0 WatcherThread "VM Periodic Task Thread" [stack: 0x0000003859c00000,0x0000003859d00000] [id=8736]
  0x000001fab43321a0 WorkerThread "GC Thread#0" [stack: 0x0000003858b00000,0x0000003858c00000] [id=10600]
  0x000001fab4342020 ConcurrentGCThread "G1 Main Marker" [stack: 0x0000003858c00000,0x0000003858d00000] [id=12616]
  0x000001fab4344a60 WorkerThread "G1 Conc#0" [stack: 0x0000003858d00000,0x0000003858e00000] [id=24292]
  0x000001fad2910140 ConcurrentGCThread "G1 Refine#0" [stack: 0x0000003858e00000,0x0000003858f00000] [id=18004]
  0x000001fad29127a0 ConcurrentGCThread "G1 Service" [stack: 0x0000003858f00000,0x0000003859000000] [id=16624]

Threads with active compile tasks:
C1 CompilerThread0      602  607       3       javax.swing.text.html.CSSParser::nextToken (171 bytes)

VM state: not at safepoint (normal execution)

VM Mutex/Monitor currently owned by a thread:  ([mutex/lock_event])
[0x000001fab42d14d0] Metaspace_lock - owner thread: 0x000001fad6f10f60
[0x000001fab42d1eb0] MethodData_lock - owner thread: 0x000001fad2a87bf0

Heap address: 0x0000000089400000, size: 1900 MB, Compressed Oops mode: 32-bit

CDS archive(s) mapped at: [0x0000000800000000-0x0000000800c40000-0x0000000800c40000), size 12845056, SharedBaseAddress: 0x0000000800000000, ArchiveRelocationMode: 0.
Compressed class space mapped at: 0x0000000801000000-0x0000000841000000, reserved size: 1073741824
Narrow klass base: 0x0000000800000000, Narrow klass shift: 0, Narrow klass range: 0x100000000

GC Precious Log:
 CardTable entry size: 512
 Card Set container configuration: InlinePtr #cards 5 size 8 Array Of Cards #cards 12 size 40 Howl #buckets 4 coarsen threshold 1843 Howl Bitmap #cards 512 size 80 coarsen threshold 460 Card regions per heap region 1 cards per card region 2048
 CPUs: 12 total, 12 available
 Memory: 7598M
 Large Page Support: Disabled
 NUMA Support: Disabled
 Compressed Oops: Enabled (32-bit)
 Heap Region Size: 1M
 Heap Min Capacity: 8M
 Heap Initial Capacity: 120M
 Heap Max Capacity: 1900M
 Pre-touch: Disabled
 Parallel Workers: 10
 Concurrent Workers: 3
 Concurrent Refinement Workers: 10
 Periodic GC: Disabled

Heap:
 garbage-first heap   total 122880K, used 5120K [0x0000000089400000, 0x0000000100000000)
  region size 1024K, 6 young (6144K), 0 survivors (0K)
 Metaspace       used 5124K, committed 5312K, reserved 1114112K
  class space    used 564K, committed 704K, reserved 1048576K

Heap Regions: E=young(eden), S=young(survivor), O=old, HS=humongous(starts), HC=humongous(continues), CS=collection set, F=free, OA=open archive, CA=closed archive, TAMS=top-at-mark-start (previous, next)
|   0|0x0000000089400000, 0x0000000089400000, 0x0000000089500000|  0%| F|  |TAMS 0x0000000089400000, 0x0000000089400000| Untracked 
|   1|0x0000000089500000, 0x0000000089500000, 0x0000000089600000|  0%| F|  |TAMS 0x0000000089500000, 0x0000000089500000| Untracked 
|   2|0x0000000089600000, 0x0000000089600000, 0x0000000089700000|  0%| F|  |TAMS 0x0000000089600000, 0x0000000089600000| Untracked 
|   3|0x0000000089700000, 0x0000000089700000, 0x0000000089800000|  0%| F|  |TAMS 0x0000000089700000, 0x0000000089700000| Untracked 
|   4|0x0000000089800000, 0x0000000089800000, 0x0000000089900000|  0%| F|  |TAMS 0x0000000089800000, 0x0000000089800000| Untracked 
|   5|0x0000000089900000, 0x0000000089900000, 0x0000000089a00000|  0%| F|  |TAMS 0x0000000089900000, 0x0000000089900000| Untracked 
|   6|0x0000000089a00000, 0x0000000089a00000, 0x0000000089b00000|  0%| F|  |TAMS 0x0000000089a00000, 0x0000000089a00000| Untracked 
|   7|0x0000000089b00000, 0x0000000089b00000, 0x0000000089c00000|  0%| F|  |TAMS 0x0000000089b00000, 0x0000000089b00000| Untracked 
|   8|0x0000000089c00000, 0x0000000089c00000, 0x0000000089d00000|  0%| F|  |TAMS 0x0000000089c00000, 0x0000000089c00000| Untracked 
|   9|0x0000000089d00000, 0x0000000089d00000, 0x0000000089e00000|  0%| F|  |TAMS 0x0000000089d00000, 0x0000000089d00000| Untracked 
|  10|0x0000000089e00000, 0x0000000089e00000, 0x0000000089f00000|  0%| F|  |TAMS 0x0000000089e00000, 0x0000000089e00000| Untracked 
|  11|0x0000000089f00000, 0x0000000089f00000, 0x000000008a000000|  0%| F|  |TAMS 0x0000000089f00000, 0x0000000089f00000| Untracked 
|  12|0x000000008a000000, 0x000000008a000000, 0x000000008a100000|  0%| F|  |TAMS 0x000000008a000000, 0x000000008a000000| Untracked 
|  13|0x000000008a100000, 0x000000008a100000, 0x000000008a200000|  0%| F|  |TAMS 0x000000008a100000, 0x000000008a100000| Untracked 
|  14|0x000000008a200000, 0x000000008a200000, 0x000000008a300000|  0%| F|  |TAMS 0x000000008a200000, 0x000000008a200000| Untracked 
|  15|0x000000008a300000, 0x000000008a300000, 0x000000008a400000|  0%| F|  |TAMS 0x000000008a300000, 0x000000008a300000| Untracked 
|  16|0x000000008a400000, 0x000000008a400000, 0x000000008a500000|  0%| F|  |TAMS 0x000000008a400000, 0x000000008a400000| Untracked 
|  17|0x000000008a500000, 0x000000008a500000, 0x000000008a600000|  0%| F|  |TAMS 0x000000008a500000, 0x000000008a500000| Untracked 
|  18|0x000000008a600000, 0x000000008a600000, 0x000000008a700000|  0%| F|  |TAMS 0x000000008a600000, 0x000000008a600000| Untracked 
|  19|0x000000008a700000, 0x000000008a700000, 0x000000008a800000|  0%| F|  |TAMS 0x000000008a700000, 0x000000008a700000| Untracked 
|  20|0x000000008a800000, 0x000000008a800000, 0x000000008a900000|  0%| F|  |TAMS 0x000000008a800000, 0x000000008a800000| Untracked 
|  21|0x000000008a900000, 0x000000008a900000, 0x000000008aa00000|  0%| F|  |TAMS 0x000000008a900000, 0x000000008a900000| Untracked 
|  22|0x000000008aa00000, 0x000000008aa00000, 0x000000008ab00000|  0%| F|  |TAMS 0x000000008aa00000, 0x000000008aa00000| Untracked 
|  23|0x000000008ab00000, 0x000000008ab00000, 0x000000008ac00000|  0%| F|  |TAMS 0x000000008ab00000, 0x000000008ab00000| Untracked 
|  24|0x000000008ac00000, 0x000000008ac00000, 0x000000008ad00000|  0%| F|  |TAMS 0x000000008ac00000, 0x000000008ac00000| Untracked 
|  25|0x000000008ad00000, 0x000000008ad00000, 0x000000008ae00000|  0%| F|  |TAMS 0x000000008ad00000, 0x000000008ad00000| Untracked 
|  26|0x000000008ae00000, 0x000000008ae00000, 0x000000008af00000|  0%| F|  |TAMS 0x000000008ae00000, 0x000000008ae00000| Untracked 
|  27|0x000000008af00000, 0x000000008af00000, 0x000000008b000000|  0%| F|  |TAMS 0x000000008af00000, 0x000000008af00000| Untracked 
|  28|0x000000008b000000, 0x000000008b000000, 0x000000008b100000|  0%| F|  |TAMS 0x000000008b000000, 0x000000008b000000| Untracked 
|  29|0x000000008b100000, 0x000000008b100000, 0x000000008b200000|  0%| F|  |TAMS 0x000000008b100000, 0x000000008b100000| Untracked 
|  30|0x000000008b200000, 0x000000008b200000, 0x000000008b300000|  0%| F|  |TAMS 0x000000008b200000, 0x000000008b200000| Untracked 
|  31|0x000000008b300000, 0x000000008b300000, 0x000000008b400000|  0%| F|  |TAMS 0x000000008b300000, 0x000000008b300000| Untracked 
|  32|0x000000008b400000, 0x000000008b400000, 0x000000008b500000|  0%| F|  |TAMS 0x000000008b400000, 0x000000008b400000| Untracked 
|  33|0x000000008b500000, 0x000000008b500000, 0x000000008b600000|  0%| F|  |TAMS 0x000000008b500000, 0x000000008b500000| Untracked 
|  34|0x000000008b600000, 0x000000008b600000, 0x000000008b700000|  0%| F|  |TAMS 0x000000008b600000, 0x000000008b600000| Untracked 
|  35|0x000000008b700000, 0x000000008b700000, 0x000000008b800000|  0%| F|  |TAMS 0x000000008b700000, 0x000000008b700000| Untracked 
|  36|0x000000008b800000, 0x000000008b800000, 0x000000008b900000|  0%| F|  |TAMS 0x000000008b800000, 0x000000008b800000| Untracked 
|  37|0x000000008b900000, 0x000000008b900000, 0x000000008ba00000|  0%| F|  |TAMS 0x000000008b900000, 0x000000008b900000| Untracked 
|  38|0x000000008ba00000, 0x000000008ba00000, 0x000000008bb00000|  0%| F|  |TAMS 0x000000008ba00000, 0x000000008ba00000| Untracked 
|  39|0x000000008bb00000, 0x000000008bb00000, 0x000000008bc00000|  0%| F|  |TAMS 0x000000008bb00000, 0x000000008bb00000| Untracked 
|  40|0x000000008bc00000, 0x000000008bc00000, 0x000000008bd00000|  0%| F|  |TAMS 0x000000008bc00000, 0x000000008bc00000| Untracked 
|  41|0x000000008bd00000, 0x000000008bd00000, 0x000000008be00000|  0%| F|  |TAMS 0x000000008bd00000, 0x000000008bd00000| Untracked 
|  42|0x000000008be00000, 0x000000008be00000, 0x000000008bf00000|  0%| F|  |TAMS 0x000000008be00000, 0x000000008be00000| Untracked 
|  43|0x000000008bf00000, 0x000000008bf00000, 0x000000008c000000|  0%| F|  |TAMS 0x000000008bf00000, 0x000000008bf00000| Untracked 
|  44|0x000000008c000000, 0x000000008c000000, 0x000000008c100000|  0%| F|  |TAMS 0x000000008c000000, 0x000000008c000000| Untracked 
|  45|0x000000008c100000, 0x000000008c100000, 0x000000008c200000|  0%| F|  |TAMS 0x000000008c100000, 0x000000008c100000| Untracked 
|  46|0x000000008c200000, 0x000000008c200000, 0x000000008c300000|  0%| F|  |TAMS 0x000000008c200000, 0x000000008c200000| Untracked 
|  47|0x000000008c300000, 0x000000008c300000, 0x000000008c400000|  0%| F|  |TAMS 0x000000008c300000, 0x000000008c300000| Untracked 
|  48|0x000000008c400000, 0x000000008c400000, 0x000000008c500000|  0%| F|  |TAMS 0x000000008c400000, 0x000000008c400000| Untracked 
|  49|0x000000008c500000, 0x000000008c500000, 0x000000008c600000|  0%| F|  |TAMS 0x000000008c500000, 0x000000008c500000| Untracked 
|  50|0x000000008c600000, 0x000000008c600000, 0x000000008c700000|  0%| F|  |TAMS 0x000000008c600000, 0x000000008c600000| Untracked 
|  51|0x000000008c700000, 0x000000008c700000, 0x000000008c800000|  0%| F|  |TAMS 0x000000008c700000, 0x000000008c700000| Untracked 
|  52|0x000000008c800000, 0x000000008c800000, 0x000000008c900000|  0%| F|  |TAMS 0x000000008c800000, 0x000000008c800000| Untracked 
|  53|0x000000008c900000, 0x000000008c900000, 0x000000008ca00000|  0%| F|  |TAMS 0x000000008c900000, 0x000000008c900000| Untracked 
|  54|0x000000008ca00000, 0x000000008ca00000, 0x000000008cb00000|  0%| F|  |TAMS 0x000000008ca00000, 0x000000008ca00000| Untracked 
|  55|0x000000008cb00000, 0x000000008cb00000, 0x000000008cc00000|  0%| F|  |TAMS 0x000000008cb00000, 0x000000008cb00000| Untracked 
|  56|0x000000008cc00000, 0x000000008cc00000, 0x000000008cd00000|  0%| F|  |TAMS 0x000000008cc00000, 0x000000008cc00000| Untracked 
|  57|0x000000008cd00000, 0x000000008cd00000, 0x000000008ce00000|  0%| F|  |TAMS 0x000000008cd00000, 0x000000008cd00000| Untracked 
|  58|0x000000008ce00000, 0x000000008ce00000, 0x000000008cf00000|  0%| F|  |TAMS 0x000000008ce00000, 0x000000008ce00000| Untracked 
|  59|0x000000008cf00000, 0x000000008cf00000, 0x000000008d000000|  0%| F|  |TAMS 0x000000008cf00000, 0x000000008cf00000| Untracked 
|  60|0x000000008d000000, 0x000000008d000000, 0x000000008d100000|  0%| F|  |TAMS 0x000000008d000000, 0x000000008d000000| Untracked 
|  61|0x000000008d100000, 0x000000008d100000, 0x000000008d200000|  0%| F|  |TAMS 0x000000008d100000, 0x000000008d100000| Untracked 
|  62|0x000000008d200000, 0x000000008d200000, 0x000000008d300000|  0%| F|  |TAMS 0x000000008d200000, 0x000000008d200000| Untracked 
|  63|0x000000008d300000, 0x000000008d300000, 0x000000008d400000|  0%| F|  |TAMS 0x000000008d300000, 0x000000008d300000| Untracked 
|  64|0x000000008d400000, 0x000000008d400000, 0x000000008d500000|  0%| F|  |TAMS 0x000000008d400000, 0x000000008d400000| Untracked 
|  65|0x000000008d500000, 0x000000008d500000, 0x000000008d600000|  0%| F|  |TAMS 0x000000008d500000, 0x000000008d500000| Untracked 
|  66|0x000000008d600000, 0x000000008d600000, 0x000000008d700000|  0%| F|  |TAMS 0x000000008d600000, 0x000000008d600000| Untracked 
|  67|0x000000008d700000, 0x000000008d700000, 0x000000008d800000|  0%| F|  |TAMS 0x000000008d700000, 0x000000008d700000| Untracked 
|  68|0x000000008d800000, 0x000000008d800000, 0x000000008d900000|  0%| F|  |TAMS 0x000000008d800000, 0x000000008d800000| Untracked 
|  69|0x000000008d900000, 0x000000008d900000, 0x000000008da00000|  0%| F|  |TAMS 0x000000008d900000, 0x000000008d900000| Untracked 
|  70|0x000000008da00000, 0x000000008da00000, 0x000000008db00000|  0%| F|  |TAMS 0x000000008da00000, 0x000000008da00000| Untracked 
|  71|0x000000008db00000, 0x000000008db00000, 0x000000008dc00000|  0%| F|  |TAMS 0x000000008db00000, 0x000000008db00000| Untracked 
|  72|0x000000008dc00000, 0x000000008dc00000, 0x000000008dd00000|  0%| F|  |TAMS 0x000000008dc00000, 0x000000008dc00000| Untracked 
|  73|0x000000008dd00000, 0x000000008dd00000, 0x000000008de00000|  0%| F|  |TAMS 0x000000008dd00000, 0x000000008dd00000| Untracked 
|  74|0x000000008de00000, 0x000000008de00000, 0x000000008df00000|  0%| F|  |TAMS 0x000000008de00000, 0x000000008de00000| Untracked 
|  75|0x000000008df00000, 0x000000008df00000, 0x000000008e000000|  0%| F|  |TAMS 0x000000008df00000, 0x000000008df00000| Untracked 
|  76|0x000000008e000000, 0x000000008e000000, 0x000000008e100000|  0%| F|  |TAMS 0x000000008e000000, 0x000000008e000000| Untracked 
|  77|0x000000008e100000, 0x000000008e100000, 0x000000008e200000|  0%| F|  |TAMS 0x000000008e100000, 0x000000008e100000| Untracked 
|  78|0x000000008e200000, 0x000000008e200000, 0x000000008e300000|  0%| F|  |TAMS 0x000000008e200000, 0x000000008e200000| Untracked 
|  79|0x000000008e300000, 0x000000008e300000, 0x000000008e400000|  0%| F|  |TAMS 0x000000008e300000, 0x000000008e300000| Untracked 
|  80|0x000000008e400000, 0x000000008e400000, 0x000000008e500000|  0%| F|  |TAMS 0x000000008e400000, 0x000000008e400000| Untracked 
|  81|0x000000008e500000, 0x000000008e500000, 0x000000008e600000|  0%| F|  |TAMS 0x000000008e500000, 0x000000008e500000| Untracked 
|  82|0x000000008e600000, 0x000000008e600000, 0x000000008e700000|  0%| F|  |TAMS 0x000000008e600000, 0x000000008e600000| Untracked 
|  83|0x000000008e700000, 0x000000008e700000, 0x000000008e800000|  0%| F|  |TAMS 0x000000008e700000, 0x000000008e700000| Untracked 
|  84|0x000000008e800000, 0x000000008e800000, 0x000000008e900000|  0%| F|  |TAMS 0x000000008e800000, 0x000000008e800000| Untracked 
|  85|0x000000008e900000, 0x000000008e900000, 0x000000008ea00000|  0%| F|  |TAMS 0x000000008e900000, 0x000000008e900000| Untracked 
|  86|0x000000008ea00000, 0x000000008ea00000, 0x000000008eb00000|  0%| F|  |TAMS 0x000000008ea00000, 0x000000008ea00000| Untracked 
|  87|0x000000008eb00000, 0x000000008eb00000, 0x000000008ec00000|  0%| F|  |TAMS 0x000000008eb00000, 0x000000008eb00000| Untracked 
|  88|0x000000008ec00000, 0x000000008ec00000, 0x000000008ed00000|  0%| F|  |TAMS 0x000000008ec00000, 0x000000008ec00000| Untracked 
|  89|0x000000008ed00000, 0x000000008ed00000, 0x000000008ee00000|  0%| F|  |TAMS 0x000000008ed00000, 0x000000008ed00000| Untracked 
|  90|0x000000008ee00000, 0x000000008ee00000, 0x000000008ef00000|  0%| F|  |TAMS 0x000000008ee00000, 0x000000008ee00000| Untracked 
|  91|0x000000008ef00000, 0x000000008ef00000, 0x000000008f000000|  0%| F|  |TAMS 0x000000008ef00000, 0x000000008ef00000| Untracked 
|  92|0x000000008f000000, 0x000000008f000000, 0x000000008f100000|  0%| F|  |TAMS 0x000000008f000000, 0x000000008f000000| Untracked 
|  93|0x000000008f100000, 0x000000008f100000, 0x000000008f200000|  0%| F|  |TAMS 0x000000008f100000, 0x000000008f100000| Untracked 
|  94|0x000000008f200000, 0x000000008f200000, 0x000000008f300000|  0%| F|  |TAMS 0x000000008f200000, 0x000000008f200000| Untracked 
|  95|0x000000008f300000, 0x000000008f300000, 0x000000008f400000|  0%| F|  |TAMS 0x000000008f300000, 0x000000008f300000| Untracked 
|  96|0x000000008f400000, 0x000000008f400000, 0x000000008f500000|  0%| F|  |TAMS 0x000000008f400000, 0x000000008f400000| Untracked 
|  97|0x000000008f500000, 0x000000008f500000, 0x000000008f600000|  0%| F|  |TAMS 0x000000008f500000, 0x000000008f500000| Untracked 
|  98|0x000000008f600000, 0x000000008f600000, 0x000000008f700000|  0%| F|  |TAMS 0x000000008f600000, 0x000000008f600000| Untracked 
|  99|0x000000008f700000, 0x000000008f700000, 0x000000008f800000|  0%| F|  |TAMS 0x000000008f700000, 0x000000008f700000| Untracked 
| 100|0x000000008f800000, 0x000000008f800000, 0x000000008f900000|  0%| F|  |TAMS 0x000000008f800000, 0x000000008f800000| Untracked 
| 101|0x000000008f900000, 0x000000008f900000, 0x000000008fa00000|  0%| F|  |TAMS 0x000000008f900000, 0x000000008f900000| Untracked 
| 102|0x000000008fa00000, 0x000000008fa00000, 0x000000008fb00000|  0%| F|  |TAMS 0x000000008fa00000, 0x000000008fa00000| Untracked 
| 103|0x000000008fb00000, 0x000000008fb00000, 0x000000008fc00000|  0%| F|  |TAMS 0x000000008fb00000, 0x000000008fb00000| Untracked 
| 104|0x000000008fc00000, 0x000000008fc00000, 0x000000008fd00000|  0%| F|  |TAMS 0x000000008fc00000, 0x000000008fc00000| Untracked 
| 105|0x000000008fd00000, 0x000000008fd00000, 0x000000008fe00000|  0%| F|  |TAMS 0x000000008fd00000, 0x000000008fd00000| Untracked 
| 106|0x000000008fe00000, 0x000000008fe00000, 0x000000008ff00000|  0%| F|  |TAMS 0x000000008fe00000, 0x000000008fe00000| Untracked 
| 107|0x000000008ff00000, 0x000000008ff00000, 0x0000000090000000|  0%| F|  |TAMS 0x000000008ff00000, 0x000000008ff00000| Untracked 
| 108|0x0000000090000000, 0x0000000090000000, 0x0000000090100000|  0%| F|  |TAMS 0x0000000090000000, 0x0000000090000000| Untracked 
| 109|0x0000000090100000, 0x0000000090100000, 0x0000000090200000|  0%| F|  |TAMS 0x0000000090100000, 0x0000000090100000| Untracked 
| 110|0x0000000090200000, 0x0000000090200000, 0x0000000090300000|  0%| F|  |TAMS 0x0000000090200000, 0x0000000090200000| Untracked 
| 111|0x0000000090300000, 0x0000000090300000, 0x0000000090400000|  0%| F|  |TAMS 0x0000000090300000, 0x0000000090300000| Untracked 
| 112|0x0000000090400000, 0x0000000090400000, 0x0000000090500000|  0%| F|  |TAMS 0x0000000090400000, 0x0000000090400000| Untracked 
| 113|0x0000000090500000, 0x0000000090500000, 0x0000000090600000|  0%| F|  |TAMS 0x0000000090500000, 0x0000000090500000| Untracked 
| 114|0x0000000090600000, 0x00000000906ec108, 0x0000000090700000| 92%| E|  |TAMS 0x0000000090600000, 0x0000000090600000| Complete 
| 115|0x0000000090700000, 0x0000000090800000, 0x0000000090800000|100%| E|CS|TAMS 0x0000000090700000, 0x0000000090700000| Complete 
| 116|0x0000000090800000, 0x0000000090900000, 0x0000000090900000|100%| E|CS|TAMS 0x0000000090800000, 0x0000000090800000| Complete 
| 117|0x0000000090900000, 0x0000000090a00000, 0x0000000090a00000|100%| E|CS|TAMS 0x0000000090900000, 0x0000000090900000| Complete 
| 118|0x0000000090a00000, 0x0000000090b00000, 0x0000000090b00000|100%| E|CS|TAMS 0x0000000090a00000, 0x0000000090a00000| Complete 
| 119|0x0000000090b00000, 0x0000000090c00000, 0x0000000090c00000|100%| E|CS|TAMS 0x0000000090b00000, 0x0000000090b00000| Complete 

Card table byte_map: [0x000001facbb50000,0x000001facbf10000] _byte_map_base: 0x000001facb706000

Marking Bits (Prev, Next): (CMBitMap*) 0x000001fab43327d0, (CMBitMap*) 0x000001fab4332810
 Prev Bits: [0x000001facc2d0000, 0x000001face080000)
 Next Bits: [0x000001face080000, 0x000001facfe30000)

Polling page: 0x000001fab2220000

Metaspace:

Usage:
  Non-class:      4.45 MB used.
      Class:    564.07 KB used.
       Both:      5.00 MB used.

Virtual space:
  Non-class space:       64.00 MB reserved,       4.50 MB (  7%) committed,  1 nodes.
      Class space:        1.00 GB reserved,     704.00 KB ( <1%) committed,  1 nodes.
             Both:        1.06 GB reserved,       5.19 MB ( <1%) committed. 

Chunk freelists:
   Non-Class:  2.88 MB
       Class:  3.25 MB
        Both:  6.13 MB

MaxMetaspaceSize: unlimited
CompressedClassSpaceSize: 1.00 GB
Initial GC threshold: 21.00 MB
Current GC threshold: 21.00 MB
CDS: on
MetaspaceReclaimPolicy: balanced
 - commit_granule_bytes: 65536.
 - commit_granule_words: 8192.
 - virtual_space_node_default_size: 8388608.
 - enlarge_chunks_in_place: 1.
 - new_chunks_are_fully_committed: 0.
 - uncommit_free_chunks: 1.
 - use_allocation_guard: 0.


Internal statistics:

num_allocs_failed_limit: 0.
num_arena_births: 116.
num_arena_deaths: 0.
num_vsnodes_births: 2.
num_vsnodes_deaths: 0.
num_space_committed: 83.
num_space_uncommitted: 0.
num_chunks_returned_to_freelist: 0.
num_chunks_taken_from_freelist: 122.
num_chunk_merges: 0.
num_chunk_splits: 85.
num_chunks_enlarged: 56.
num_inconsistent_stats: 0.

CodeHeap 'non-profiled nmethods': size=120000Kb used=183Kb max_used=183Kb free=119816Kb
 bounds [0x000001fac3d10000, 0x000001fac3f80000, 0x000001facb240000]
CodeHeap 'profiled nmethods': size=120000Kb used=829Kb max_used=829Kb free=119170Kb
 bounds [0x000001fabc240000, 0x000001fabc4b0000, 0x000001fac3770000]
CodeHeap 'non-nmethods': size=5760Kb used=1284Kb max_used=1299Kb free=4475Kb
 bounds [0x000001fac3770000, 0x000001fac39e0000, 0x000001fac3d10000]
 total_blobs=1113 nmethods=606 adapters=418
 compilation: enabled
              stopped_count=0, restarted_count=0
 full_count=0

Compilation events (20 events):
Event: 0.543 Thread 0x000001fad2a87bf0  596  s    1       java.util.Vector::size (5 bytes)
Event: 0.543 Thread 0x000001fad2a87bf0 nmethod 596 0x000001fac3d3bf90 code [0x000001fac3d3c120, 0x000001fac3d3c298]
Event: 0.543 Thread 0x000001fad2a87bf0  595       1       javax.swing.text.StyleContext::getCompressionThreshold (3 bytes)
Event: 0.543 Thread 0x000001fad2a87bf0 nmethod 595 0x000001fac3d3c310 code [0x000001fac3d3c4a0, 0x000001fac3d3c578]
Event: 0.543 Thread 0x000001fad2a87bf0  600  s    3       java.lang.StringBuffer::setLength (11 bytes)
Event: 0.543 Thread 0x000001fad2a87bf0 nmethod 600 0x000001fabc30ac10 code [0x000001fabc30adc0, 0x000001fabc30afc8]
Event: 0.543 Thread 0x000001fad2a87bf0  597       1       javax.swing.text.html.StyleSheet$CssParser::handleProperty (6 bytes)
Event: 0.543 Thread 0x000001fad2a87bf0 nmethod 597 0x000001fac3d3c610 code [0x000001fac3d3c7a0, 0x000001fac3d3c8b8]
Event: 0.544 Thread 0x000001fad2a87bf0  601       3       java.util.LinkedHashMap$Entry::<init> (10 bytes)
Event: 0.544 Thread 0x000001fad2a87bf0 nmethod 601 0x000001fabc30b090 code [0x000001fabc30b240, 0x000001fabc30b518]
Event: 0.544 Thread 0x000001fad2a87bf0  602       3       java.util.WeakHashMap::maskNull (12 bytes)
Event: 0.544 Thread 0x000001fad2a87bf0 nmethod 602 0x000001fabc30b610 code [0x000001fabc30b7a0, 0x000001fabc30b8d8]
Event: 0.544 Thread 0x000001fad2a87bf0  605       3       javax.swing.text.html.CSSParser::getIdentifier (837 bytes)
Event: 0.544 Thread 0x000001fad2a831d0  606       4       java.util.HashMap::resize (356 bytes)
Event: 0.546 Thread 0x000001fad2a87bf0 nmethod 605 0x000001fabc30b990 code [0x000001fabc30bcc0, 0x000001fabc30de68]
Event: 0.546 Thread 0x000001fad2a87bf0  608       3       javax.swing.text.html.CSSParser::readWS (28 bytes)
Event: 0.546 Thread 0x000001fad2a87bf0 nmethod 608 0x000001fabc30e610 code [0x000001fabc30e800, 0x000001fabc30ed48]
Event: 0.546 Thread 0x000001fad2a87bf0  609       3       javax.swing.text.SimpleAttributeSet::getAttribute (32 bytes)
Event: 0.547 Thread 0x000001fad2a87bf0 nmethod 609 0x000001fabc30ef10 code [0x000001fabc30f100, 0x000001fabc30f5b8]
Event: 0.547 Thread 0x000001fad2a87bf0  607       3       javax.swing.text.html.CSSParser::nextToken (171 bytes)

GC Heap History (0 events):
No events

Dll operation events (6 events):
Event: 0.010 Loaded shared library C:\Program Files\Java\jdk-19\bin\java.dll
Event: 0.023 Loaded shared library C:\Program Files\Java\jdk-19\bin\jsvml.dll
Event: 0.103 Loaded shared library C:\Program Files\Java\jdk-19\bin\net.dll
Event: 0.105 Loaded shared library C:\Program Files\Java\jdk-19\bin\nio.dll
Event: 0.142 Loaded shared library C:\Program Files\Java\jdk-19\bin\jimage.dll
Event: 0.164 Loaded shared library C:\Program Files\Java\jdk-19\bin\awt.dll

Deoptimization events (4 events):
Event: 0.255 Thread 0x000001fab42d63c0 Uncommon trap: trap_request=0xffffff45 fr.pc=0x000001fac3d1f314 relative=0x00000000000009f4
Event: 0.255 Thread 0x000001fab42d63c0 Uncommon trap: reason=unstable_if action=reinterpret pc=0x000001fac3d1f314 method=java.util.HashMap.putVal(ILjava/lang/Object;Ljava/lang/Object;ZZ)Ljava/lang/Object; @ 236 c2
Event: 0.255 Thread 0x000001fab42d63c0 DEOPT PACKING pc=0x000001fac3d1f314 sp=0x0000003858aff360
Event: 0.255 Thread 0x000001fab42d63c0 DEOPT UNPACKING pc=0x000001fac37d6da3 sp=0x0000003858aff318 mode 2

Classes loaded (20 events):
Event: 0.529 Loading class javax/swing/text/html/StyleSheet$LargeConversionSet
Event: 0.529 Loading class javax/swing/text/html/StyleSheet$LargeConversionSet done
Event: 0.530 Loading class javax/swing/text/html/HTMLEditorKit$1
Event: 0.530 Loading class javax/swing/text/html/HTMLEditorKit$1 done
Event: 0.531 Loading class java/io/InputStreamReader
Event: 0.531 Loading class java/io/InputStreamReader done
Event: 0.531 Loading class sun/nio/cs/StreamDecoder
Event: 0.532 Loading class sun/nio/cs/StreamDecoder done
Event: 0.532 Loading class sun/nio/cs/ISO_8859_1$Decoder
Event: 0.532 Loading class sun/nio/cs/ISO_8859_1$Decoder done
Event: 0.532 Loading class java/io/BufferedReader
Event: 0.532 Loading class java/io/BufferedReader done
Event: 0.533 Loading class javax/swing/text/html/CSS$LengthUnit
Event: 0.533 Loading class javax/swing/text/html/CSS$LengthUnit done
Event: 0.533 Loading class jdk/internal/math/FloatingDecimal$ASCIIToBinaryBuffer
Event: 0.533 Loading class jdk/internal/math/FloatingDecimal$ASCIIToBinaryBuffer done
Event: 0.543 Loading class javax/swing/text/html/CSS$ShorthandMarginParser
Event: 0.543 Loading class javax/swing/text/html/CSS$ShorthandMarginParser done
Event: 0.545 Loading class javax/swing/plaf/basic/BasicHTML$BasicDocument
Event: 0.546 Loading class javax/swing/text/html/HTMLDocument

Classes unloaded (0 events):
No events

Classes redefined (0 events):
No events

Internal exceptions (13 events):
Event: 0.107 Thread 0x000001fab42d63c0 Exception <a 'sun/nio/fs/WindowsException'{0x0000000090a44f50}> (0x0000000090a44f50) 
thrown [s\open\src\hotspot\share\prims\jni.cpp, line 517]
Event: 0.107 Thread 0x000001fab42d63c0 Exception <a 'sun/nio/fs/WindowsException'{0x0000000090a45460}> (0x0000000090a45460) 
thrown [s\open\src\hotspot\share\prims\jni.cpp, line 517]
Event: 0.109 Thread 0x000001fab42d63c0 Exception <a 'sun/nio/fs/WindowsException'{0x0000000090a47660}> (0x0000000090a47660) 
thrown [s\open\src\hotspot\share\prims\jni.cpp, line 517]
Event: 0.151 Thread 0x000001fab42d63c0 Exception <a 'java/lang/ClassNotFoundException'{0x000000009096ebf0}: sun/awt/resources/spi/awtProvider> (0x000000009096ebf0) 
thrown [s\open\src\hotspot\share\classfile\systemDictionary.cpp, line 255]
Event: 0.180 Thread 0x000001fab42d63c0 Exception <a 'java/io/FileNotFoundException'{0x00000000909c6418}> (0x00000000909c6418) 
thrown [s\open\src\hotspot\share\prims\jni.cpp, line 517]
Event: 0.189 Thread 0x000001fab42d63c0 Exception <a 'java/io/FileNotFoundException'{0x00000000909f2be8}> (0x00000000909f2be8) 
thrown [s\open\src\hotspot\share\prims\jni.cpp, line 517]
Event: 0.228 Thread 0x000001fab42d63c0 Exception <a 'java/lang/NoSuchMethodError'{0x00000000908268a8}: 'java.lang.Object java.lang.invoke.DirectMethodHandle$Holder.invokeStaticInit(java.lang.Object)'> (0x00000000908268a8) 
thrown [s\open\src\hotspot\share\interpreter\linkResolver.cpp, line 774]
Event: 0.359 Thread 0x000001fad6f10f60 Exception <a 'java/lang/NoSuchMethodError'{0x0000000090756cd0}: 'void java.lang.invoke.DirectMethodHandle$Holder.invokeSpecial(java.lang.Object, java.lang.Object, java.lang.Object)'> (0x0000000090756cd0) 
thrown [s\open\src\hotspot\share\interpreter\linkResolver.cpp, line 774]
Event: 0.380 Thread 0x000001fad6f10f60 Exception <a 'java/lang/NoSuchMethodError'{0x0000000090781a38}: 'java.lang.Object java.lang.invoke.DirectMethodHandle$Holder.newInvokeSpecial(java.lang.Object, java.lang.Object, java.lang.Object, java.lang.Object, java.lang.Object)'> (0x0000000090781a38) 
thrown [s\open\src\hotspot\share\interpreter\linkResolver.cpp, line 774]
Event: 0.395 Thread 0x000001fad6f10f60 Exception <a 'java/lang/NoSuchMethodError'{0x00000000907b3120}: 'java.lang.Object java.lang.invoke.DirectMethodHandle$Holder.invokeStatic(java.lang.Object, int, java.lang.Object)'> (0x00000000907b3120) 
thrown [s\open\src\hotspot\share\interpreter\linkResolver.cpp, line 774]
Event: 0.450 Thread 0x000001fad6f10f60 Exception <a 'java/lang/ClassNotFoundException'{0x000000009066ee90}: com/sun/swing/internal/plaf/metal/resources/spi/metalProvider> (0x000000009066ee90) 
thrown [s\open\src\hotspot\share\classfile\systemDictionary.cpp, line 255]
Event: 0.477 Thread 0x000001fad6f10f60 Exception <a 'java/lang/ClassNotFoundException'{0x0000000090672dc0}: com/sun/swing/internal/plaf/basic/resources/spi/basicProvider> (0x0000000090672dc0) 
thrown [s\open\src\hotspot\share\classfile\systemDictionary.cpp, line 255]
Event: 0.497 Thread 0x000001fad6f10f60 Exception <a 'java/lang/NoSuchMethodError'{0x0000000090692c70}: 'int java.lang.invoke.Invokers$Holder.invokeExact_MT(java.lang.Object, java.lang.Object)'> (0x0000000090692c70) 
thrown [s\open\src\hotspot\share\interpreter\linkResolver.cpp, line 774]

VM Operations (4 events):
Event: 0.111 Executing VM operation: HandshakeAllThreads
Event: 0.111 Executing VM operation: HandshakeAllThreads done
Event: 0.199 Executing VM operation: HandshakeAllThreads
Event: 0.199 Executing VM operation: HandshakeAllThreads done

Events (18 events):
Event: 0.024 Thread 0x000001fab42d63c0 Thread added: 0x000001fab42d63c0
Event: 0.044 Thread 0x000001fad2a72df0 Thread added: 0x000001fad2a72df0
Event: 0.044 Thread 0x000001fad2a739e0 Thread added: 0x000001fad2a739e0
Event: 0.045 Thread 0x000001fad2a79040 Thread added: 0x000001fad2a79040
Event: 0.045 Thread 0x000001fad2a7ac00 Thread added: 0x000001fad2a7ac00
Event: 0.045 Thread 0x000001fad2a7bcd0 Thread added: 0x000001fad2a7bcd0
Event: 0.045 Thread 0x000001fad2a81630 Thread added: 0x000001fad2a81630
Event: 0.045 Thread 0x000001fad2a831d0 Thread added: 0x000001fad2a831d0
Event: 0.045 Thread 0x000001fad2a87bf0 Thread added: 0x000001fad2a87bf0
Event: 0.046 Thread 0x000001fad2a8c190 Thread added: 0x000001fad2a8c190
Event: 0.084 Thread 0x000001fad6c95b40 Thread added: 0x000001fad6c95b40
Event: 0.126 Thread 0x000001fad6dd3620 Thread added: 0x000001fad6dd3620
Event: 0.229 Thread 0x000001fad6eee0f0 Thread added: 0x000001fad6eee0f0
Event: 0.231 Thread 0x000001fad6ef6a50 Thread added: 0x000001fad6ef6a50
Event: 0.233 Thread 0x000001fad6f08010 Thread added: 0x000001fad6f08010
Event: 0.255 Thread 0x000001fad6f10f60 Thread added: 0x000001fad6f10f60
Event: 0.255 Thread 0x000001fab42d63c0 Thread exited: 0x000001fab42d63c0
Event: 0.255 Thread 0x000001fab42d63c0 Thread added: 0x000001fab42d63c0


Dynamic libraries:
0x00007ff65d530000 - 0x00007ff65d540000 	C:\Program Files\Java\jdk-19\bin\java.exe
0x00007ffc53410000 - 0x00007ffc53627000 	C:\WINDOWS\SYSTEM32\ntdll.dll
0x00007ffc51e60000 - 0x00007ffc51f24000 	C:\WINDOWS\System32\KERNEL32.DLL
0x00007ffc50b30000 - 0x00007ffc50ed7000 	C:\WINDOWS\System32\KERNELBASE.dll
0x00007ffc50940000 - 0x00007ffc50a51000 	C:\WINDOWS\System32\ucrtbase.dll
0x00007ffc36640000 - 0x00007ffc3665b000 	C:\Program Files\Java\jdk-19\bin\VCRUNTIME140.dll
0x00007ffc2c4f0000 - 0x00007ffc2c508000 	C:\Program Files\Java\jdk-19\bin\jli.dll
0x00007ffc52260000 - 0x00007ffc52310000 	C:\WINDOWS\System32\ADVAPI32.dll
0x00007ffc515e0000 - 0x00007ffc51687000 	C:\WINDOWS\System32\msvcrt.dll
0x00007ffc51f30000 - 0x00007ffc51fd6000 	C:\WINDOWS\System32\sechost.dll
0x00007ffc53100000 - 0x00007ffc53217000 	C:\WINDOWS\System32\RPCRT4.dll
0x00007ffc53220000 - 0x00007ffc533ce000 	C:\WINDOWS\System32\USER32.dll
0x00007ffc50a60000 - 0x00007ffc50a86000 	C:\WINDOWS\System32\win32u.dll
0x00007ffc3df20000 - 0x00007ffc3e1b3000 	C:\WINDOWS\WinSxS\amd64_microsoft.windows.common-controls_6595b64144ccf1df_6.0.22621.2506_none_270c5ae97388e100\COMCTL32.dll
0x00007ffc515b0000 - 0x00007ffc515d9000 	C:\WINDOWS\System32\GDI32.dll
0x00007ffc51050000 - 0x00007ffc51169000 	C:\WINDOWS\System32\gdi32full.dll
0x00007ffc50a90000 - 0x00007ffc50b2a000 	C:\WINDOWS\System32\msvcp_win.dll
0x00007ffc48030000 - 0x00007ffc4803a000 	C:\WINDOWS\SYSTEM32\VERSION.dll
0x00007ffc51db0000 - 0x00007ffc51de1000 	C:\WINDOWS\System32\IMM32.DLL
0x00007ffc39370000 - 0x00007ffc3937c000 	C:\Program Files\Java\jdk-19\bin\vcruntime140_1.dll
0x00007ffbdc690000 - 0x00007ffbdc71e000 	C:\Program Files\Java\jdk-19\bin\msvcp140.dll
0x00007ffbd7c50000 - 0x00007ffbd8910000 	C:\Program Files\Java\jdk-19\bin\server\jvm.dll
0x00007ffc39520000 - 0x00007ffc39529000 	C:\WINDOWS\SYSTEM32\WSOCK32.dll
0x00007ffc521e0000 - 0x00007ffc52251000 	C:\WINDOWS\System32\WS2_32.dll
0x00007ffc493f0000 - 0x00007ffc49424000 	C:\WINDOWS\SYSTEM32\WINMM.dll
0x00007ffc4f880000 - 0x00007ffc4f898000 	C:\WINDOWS\SYSTEM32\kernel.appcore.dll
0x00007ffc37120000 - 0x00007ffc3712a000 	C:\Program Files\Java\jdk-19\bin\jimage.dll
0x00007ffc45010000 - 0x00007ffc45243000 	C:\WINDOWS\SYSTEM32\DBGHELP.DLL
0x00007ffc519c0000 - 0x00007ffc51d49000 	C:\WINDOWS\System32\combase.dll
0x00007ffc51690000 - 0x00007ffc51767000 	C:\WINDOWS\System32\OLEAUT32.dll
0x00007ffc468c0000 - 0x00007ffc468f2000 	C:\WINDOWS\SYSTEM32\dbgcore.DLL
0x00007ffc508c0000 - 0x00007ffc5093a000 	C:\WINDOWS\System32\bcryptPrimitives.dll
0x00007ffc31ec0000 - 0x00007ffc31ee6000 	C:\Program Files\Java\jdk-19\bin\java.dll
0x00007ffbd7b70000 - 0x00007ffbd7c47000 	C:\Program Files\Java\jdk-19\bin\jsvml.dll
0x00007ffc52790000 - 0x00007ffc52fe9000 	C:\WINDOWS\System32\SHELL32.dll
0x00007ffc4e680000 - 0x00007ffc4ef74000 	C:\WINDOWS\SYSTEM32\windows.storage.dll
0x00007ffc4e530000 - 0x00007ffc4e66e000 	C:\WINDOWS\SYSTEM32\wintypes.dll
0x00007ffc52050000 - 0x00007ffc52143000 	C:\WINDOWS\System32\SHCORE.dll
0x00007ffc51d50000 - 0x00007ffc51dae000 	C:\WINDOWS\System32\shlwapi.dll
0x00007ffc506c0000 - 0x00007ffc506e6000 	C:\WINDOWS\SYSTEM32\profapi.dll
0x00007ffc31ea0000 - 0x00007ffc31eb3000 	C:\Program Files\Java\jdk-19\bin\net.dll
0x00007ffc4b4d0000 - 0x00007ffc4b607000 	C:\WINDOWS\SYSTEM32\WINHTTP.dll
0x00007ffc4fd00000 - 0x00007ffc4fd69000 	C:\WINDOWS\system32\mswsock.dll
0x00007ffc2f620000 - 0x00007ffc2f636000 	C:\Program Files\Java\jdk-19\bin\nio.dll
0x00007ffbd78b0000 - 0x00007ffbd7a41000 	C:\Program Files\Java\jdk-19\bin\awt.dll
0x00007ffc4da90000 - 0x00007ffc4db27000 	C:\WINDOWS\SYSTEM32\apphelp.dll
0x00007ffc4db90000 - 0x00007ffc4dc3b000 	C:\WINDOWS\system32\uxtheme.dll
0x00007ffc51870000 - 0x00007ffc519bf000 	C:\WINDOWS\System32\MSCTF.dll
0x00007ffc51340000 - 0x00007ffc514e0000 	C:\WINDOWS\System32\ole32.dll
0x00007ffc4de10000 - 0x00007ffc4de3b000 	C:\WINDOWS\system32\DWMAPI.DLL
0x00007ffbf5440000 - 0x00007ffbf5540000 	C:\WINDOWS\system32\opengl32.dll
0x00007ffbf4e60000 - 0x00007ffbf4e8d000 	C:\WINDOWS\SYSTEM32\GLU32.dll
0x00007ffc4de80000 - 0x00007ffc4deb6000 	C:\WINDOWS\SYSTEM32\dxcore.dll
0x00007ffbf62a0000 - 0x00007ffbf6449000 	C:\WINDOWS\system32\d3d9.dll
0x00007ffc48040000 - 0x00007ffc481fb000 	C:\WINDOWS\System32\DriverStore\FileRepository\u0382030.inf_amd64_c27c1f19988d7c7e\B381533\aticfx64.dll
0x00007ffc39630000 - 0x00007ffc39664000 	C:\WINDOWS\System32\DriverStore\FileRepository\u0382030.inf_amd64_c27c1f19988d7c7e\B381533\atiu9p64.dll
0x00007ffbd9e60000 - 0x00007ffbdabb5000 	C:\WINDOWS\System32\DriverStore\FileRepository\u0382030.inf_amd64_c27c1f19988d7c7e\B381533\atiumd64.dll
0x00000000621a0000 - 0x00000000630c6000 	C:\WINDOWS\System32\DriverStore\FileRepository\u0382030.inf_amd64_c27c1f19988d7c7e\B381533\atiumd6a.dll
0x00007ffc52310000 - 0x00007ffc52784000 	C:\WINDOWS\System32\SETUPAPI.dll
0x00007ffc4f5e0000 - 0x00007ffc4f62d000 	C:\WINDOWS\SYSTEM32\POWRPROF.dll
0x00007ffc4f5a0000 - 0x00007ffc4f5b3000 	C:\WINDOWS\SYSTEM32\UMPDC.dll
0x00007ffc47e40000 - 0x00007ffc47e75000 	C:\WINDOWS\SYSTEM32\amdihk64.dll
0x00007ffc4b480000 - 0x00007ffc4b4ca000 	C:\WINDOWS\SYSTEM32\directxdatabasehelper.dll

dbghelp: loaded successfully - version: 4.0.5 - missing functions: none
symbol engine: initialized successfully - sym options: 0x614 - pdb path: .;C:\Program Files\Java\jdk-19\bin;C:\WINDOWS\SYSTEM32;C:\WINDOWS\WinSxS\amd64_microsoft.windows.common-controls_6595b64144ccf1df_6.0.22621.2506_none_270c5ae97388e100;C:\Program Files\Java\jdk-19\bin\server;C:\WINDOWS\System32\DriverStore\FileRepository\u0382030.inf_amd64_c27c1f19988d7c7e\B381533

VM Arguments:
jvm_args: -Dfile.encoding=UTF-8 --module-path=D:\OneDrive\Documents\NetBeansProjects\Wellness\build\classes 
java_command: wellness.Openpage
java_class_path (initial): D:\OneDrive\Documents\NetBeansProjects\Wellness\build\classes
Launcher Type: SUN_STANDARD

[Global flags]
     intx CICompilerCount                          = 4                                         {product} {ergonomic}
     uint ConcGCThreads                            = 3                                         {product} {ergonomic}
     uint G1ConcRefinementThreads                  = 10                                        {product} {ergonomic}
   size_t G1HeapRegionSize                         = 1048576                                   {product} {ergonomic}
    uintx GCDrainStackTargetSize                   = 64                                        {product} {ergonomic}
   size_t InitialHeapSize                          = 125829120                                 {product} {ergonomic}
   size_t MarkStackSize                            = 4194304                                   {product} {ergonomic}
   size_t MaxHeapSize                              = 1992294400                                {product} {ergonomic}
   size_t MaxNewSize                               = 1195376640                                {product} {ergonomic}
   size_t MinHeapDeltaBytes                        = 1048576                                   {product} {ergonomic}
   size_t MinHeapSize                              = 8388608                                   {product} {ergonomic}
    uintx NonNMethodCodeHeapSize                   = 5839372                                {pd product} {ergonomic}
    uintx NonProfiledCodeHeapSize                  = 122909434                              {pd product} {ergonomic}
    uintx ProfiledCodeHeapSize                     = 122909434                              {pd product} {ergonomic}
    uintx ReservedCodeCacheSize                    = 251658240                              {pd product} {ergonomic}
     bool SegmentedCodeCache                       = true                                      {product} {ergonomic}
   size_t SoftMaxHeapSize                          = 1992294400                             {manageable} {ergonomic}
     bool UseCompressedClassPointers               = true                           {product lp64_product} {ergonomic}
     bool UseCompressedOops                        = true                           {product lp64_product} {ergonomic}
     bool UseG1GC                                  = true                                      {product} {ergonomic}
     bool UseLargePagesIndividualAllocation        = false                                  {pd product} {ergonomic}

Logging:
Log output configuration:
 #0: stdout all=warning uptime,level,tags foldmultilines=false
 #1: stderr all=off uptime,level,tags foldmultilines=false

Environment Variables:
JAVA_HOME=C:\Program Files\Java\jdk-19
PATH=C:\Program Files\Java\jdk-19\bin;C:\Program Files\Common Files\Oracle\Java\javapath;D:\Scripts\;D:\;C:\Windows\system32;C:\Windows;C:\Windows\System32\Wbem;C:\Windows\System32\WindowsPowerShell\v1.0\;C:\Windows\System32\OpenSSH\;C:\Program Files (x86)\NVIDIA Corporation\PhysX\Common;C:\Program Files\NVIDIA Corporation\NVIDIA NvDLISR;C:\WINDOWS\system32;C:\WINDOWS;C:\WINDOWS\System32\Wbem;C:\WINDOWS\System32\WindowsPowerShell\v1.0\;C:\WINDOWS\System32\OpenSSH\;C:\Program Files\Git\cmd;C:\Program Files\MySQL\MySQL Shell 8.0\bin\;C:\Users\91630\AppData\Local\Microsoft\WindowsApps;C:\Program Files\JetBrains\IntelliJ IDEA Community Edition 2023.1.3\bin;;C:\Users\91630\AppData\Local\Programs\Microsoft VS Code\bin
USERNAME=91630
OS=Windows_NT
PROCESSOR_IDENTIFIER=AMD64 Family 23 Model 96 Stepping 1, AuthenticAMD
TMP=C:\Users\91630\AppData\Local\Temp
TEMP=C:\Users\91630\AppData\Local\Temp



---------------  S Y S T E M  ---------------

OS:
 Windows 11 , 64 bit Build 22621 (10.0.22621.2506)
OS uptime: 4 days 22:09 hours
Hyper-V role detected

CPU: total 12 (initial active 12) (12 cores per cpu, 2 threads per core) family 23 model 96 stepping 1 microcode 0x0, cx8, cmov, fxsr, ht, mmx, 3dnowpref, sse, sse2, sse3, ssse3, sse4a, sse4.1, sse4.2, popcnt, lzcnt, tsc, tscinvbit, avx, avx2, aes, clmul, bmi1, bmi2, adx, sha, fma, vzeroupper, clflush, clflushopt, hv, rdtscp, rdpid

Memory: 4k page, system-wide physical 7598M (994M free)
TotalPageFile size 15790M (AvailPageFile size 2M)
current process WorkingSet (physical memory assigned to process): 53M, peak: 53M
current process commit charge ("private bytes"): 224M, peak: 225M

vm_info: Java HotSpot(TM) 64-Bit Server VM (19.0.2+7-44) for windows-amd64 JRE (19.0.2+7-44), built on 2022-11-30T18:02:09Z by "mach5one" with MS VC++ 17.1 (VS2022)

END.
