#
# There is insufficient memory for the Java Runtime Environment to continue.
# Native memory allocation (mmap) failed to map 65536 bytes for Failed to commit metaspace.
# Possible reasons:
#   The system is out of physical RAM or swap space
#   The process is running with CompressedOops enabled, and the Java Heap may be blocking the growth of the native heap
# Possible solutions:
#   Reduce memory load on the system
#   Increase physical memory or swap space
#   Check if swap backing store is full
#   Decrease Java heap size (-Xmx/-Xms)
#   Decrease number of Java threads
#   Decrease Java thread stack sizes (-Xss)
#   Set larger code cache with -XX:ReservedCodeCacheSize=
#   JVM is running with Unscaled Compressed Oops mode in which the Java heap is
#     placed in the first 4GB address space. The Java Heap base address is the
#     maximum limit for the native heap growth. Please use -XX:HeapBaseMinAddress
#     to set the Java Heap base and to place the Java Heap above 4GB virtual address.
# This output file may be truncated or incomplete.
#
#  Out of Memory Error (virtualSpaceNode.cpp:110), pid=24708, tid=5816
#
# JRE version: Java(TM) SE Runtime Environment (19.0.2+7) (build 19.0.2+7-44)
# Java VM: Java HotSpot(TM) 64-Bit Server VM (19.0.2+7-44, mixed mode, tiered, compressed oops, compressed class ptrs, g1 gc, windows-amd64)
# No core dump will be written. Minidumps are not enabled by default on client versions of Windows
#

---------------  S U M M A R Y ------------

Command Line: -Dfile.encoding=UTF-8 --module-path=D:\OneDrive\Documents\NetBeansProjects\Wellness\build\classes wellness.Heart

Host: AMD Ryzen 5 4600H with Radeon Graphics         , 12 cores, 7G,  Windows 11 , 64 bit Build 22621 (10.0.22621.2506)
Time: Tue Nov  7 21:45:45 2023 India Standard Time elapsed time: 0.233799 seconds (0d 0h 0m 0s)

---------------  T H R E A D  ---------------

Current thread (0x0000023258cf6c80):  JavaThread "main" [_thread_in_vm, id=5816, stack(0x0000004bed300000,0x0000004bed400000)]

Stack: [0x0000004bed300000,0x0000004bed400000]
Native frames: (J=compiled Java code, j=interpreted, Vv=VM code, C=native code)
V  [jvm.dll+0x6ee21a]
V  [jvm.dll+0x85765e]
V  [jvm.dll+0x85904e]
V  [jvm.dll+0x859703]
V  [jvm.dll+0x28298f]
V  [jvm.dll+0x8532db]
V  [jvm.dll+0x692cb6]
V  [jvm.dll+0x692d1a]
V  [jvm.dll+0x695613]
V  [jvm.dll+0x6954de]
V  [jvm.dll+0x6936de]
V  [jvm.dll+0x26f591]
V  [jvm.dll+0x21ea57]
V  [jvm.dll+0x2146a1]
V  [jvm.dll+0x5a9cb6]
V  [jvm.dll+0x2257aa]
V  [jvm.dll+0x7cc802]
V  [jvm.dll+0x7cdc4a]
V  [jvm.dll+0x7ce3cd]
V  [jvm.dll+0x21f315]
V  [jvm.dll+0x2146ba]
V  [jvm.dll+0x5a9cb6]
V  [jvm.dll+0x2257aa]
V  [jvm.dll+0x7cc802]
V  [jvm.dll+0x7cdc4a]
V  [jvm.dll+0x7ce3cd]
V  [jvm.dll+0x21f315]
V  [jvm.dll+0x2146ba]
V  [jvm.dll+0x5a9cb6]
V  [jvm.dll+0x2257aa]
V  [jvm.dll+0x7cc802]
V  [jvm.dll+0x7cdc4a]
V  [jvm.dll+0x7ce3cd]
V  [jvm.dll+0x21f315]
V  [jvm.dll+0x2146ba]
V  [jvm.dll+0x5a9cb6]
V  [jvm.dll+0x2257aa]
V  [jvm.dll+0x7cc802]
V  [jvm.dll+0x7cdc4a]
V  [jvm.dll+0x4711b6]
C  [java.dll+0x1a55]

Java frames: (J=compiled Java code, j=interpreted, Vv=VM code)
j  java.lang.ClassLoader.findBootstrapClass(Ljava/lang/String;)Ljava/lang/Class;+0 java.base@19.0.2
j  java.lang.ClassLoader.findBootstrapClassOrNull(Ljava/lang/String;)Ljava/lang/Class;+10 java.base@19.0.2
j  java.lang.System$2.findBootstrapClassOrNull(Ljava/lang/String;)Ljava/lang/Class;+1 java.base@19.0.2
j  jdk.internal.loader.ClassLoaders$BootClassLoader.loadClassOrNull(Ljava/lang/String;Z)Ljava/lang/Class;+4 java.base@19.0.2
j  jdk.internal.loader.BuiltinClassLoader.loadClassOrNull(Ljava/lang/String;)Ljava/lang/Class;+3 java.base@19.0.2
j  jdk.internal.loader.BuiltinClassLoader.loadClassOrNull(Ljava/lang/String;Z)Ljava/lang/Class;+66 java.base@19.0.2
j  jdk.internal.loader.BuiltinClassLoader.loadClass(Ljava/lang/String;Z)Ljava/lang/Class;+3 java.base@19.0.2
j  jdk.internal.loader.ClassLoaders$AppClassLoader.loadClass(Ljava/lang/String;Z)Ljava/lang/Class;+36 java.base@19.0.2
j  java.lang.ClassLoader.loadClass(Ljava/lang/String;)Ljava/lang/Class;+3 java.base@19.0.2
v  ~StubRoutines::call_stub 0x000002326819100e
j  java.lang.ClassLoader.defineClass1(Ljava/lang/ClassLoader;Ljava/lang/String;[BIILjava/security/ProtectionDomain;Ljava/lang/String;)Ljava/lang/Class;+0 java.base@19.0.2
j  java.lang.ClassLoader.defineClass(Ljava/lang/String;[BIILjava/security/ProtectionDomain;)Ljava/lang/Class;+27 java.base@19.0.2
j  java.security.SecureClassLoader.defineClass(Ljava/lang/String;[BIILjava/security/CodeSource;)Ljava/lang/Class;+12 java.base@19.0.2
j  jdk.internal.loader.BuiltinClassLoader.defineClass(Ljava/lang/String;Ljdk/internal/loader/Resource;)Ljava/lang/Class;+117 java.base@19.0.2
j  jdk.internal.loader.BuiltinClassLoader.findClassOnClassPathOrNull(Ljava/lang/String;)Ljava/lang/Class;+37 java.base@19.0.2
j  jdk.internal.loader.BuiltinClassLoader.loadClassOrNull(Ljava/lang/String;Z)Ljava/lang/Class;+111 java.base@19.0.2
j  jdk.internal.loader.BuiltinClassLoader.loadClass(Ljava/lang/String;Z)Ljava/lang/Class;+3 java.base@19.0.2
j  jdk.internal.loader.ClassLoaders$AppClassLoader.loadClass(Ljava/lang/String;Z)Ljava/lang/Class;+36 java.base@19.0.2
j  java.lang.ClassLoader.loadClass(Ljava/lang/String;)Ljava/lang/Class;+3 java.base@19.0.2
v  ~StubRoutines::call_stub 0x000002326819100e
j  java.lang.Class.forName0(Ljava/lang/String;ZLjava/lang/ClassLoader;Ljava/lang/Class;)Ljava/lang/Class;+0 java.base@19.0.2
j  java.lang.Class.forName(Ljava/lang/String;ZLjava/lang/ClassLoader;Ljava/lang/Class;)Ljava/lang/Class;+37 java.base@19.0.2
j  java.lang.Class.forName(Ljava/lang/String;ZLjava/lang/ClassLoader;)Ljava/lang/Class;+20 java.base@19.0.2
j  sun.launcher.LauncherHelper.loadMainClass(ILjava/lang/String;)Ljava/lang/Class;+95 java.base@19.0.2
j  sun.launcher.LauncherHelper.checkAndLoadMain(ZILjava/lang/String;)Ljava/lang/Class;+42 java.base@19.0.2
v  ~StubRoutines::call_stub 0x000002326819100e

---------------  P R O C E S S  ---------------

Threads class SMR info:
_java_thread_list=0x00000232042cac90, length=12, elements={
0x0000023258cf6c80, 0x0000023204067010, 0x0000023204067940, 0x0000023204050d30,
0x0000023204051660, 0x0000023204053150, 0x0000023204054220, 0x0000023204042cb0,
0x0000023204043640, 0x0000023204043bc0, 0x0000023277463a40, 0x00000232042f4350
}

Java Threads: ( => current thread )
=>0x0000023258cf6c80 JavaThread "main" [_thread_in_vm, id=5816, stack(0x0000004bed300000,0x0000004bed400000)]
  0x0000023204067010 JavaThread "Reference Handler" daemon [_thread_blocked, id=16296, stack(0x0000004beda00000,0x0000004bedb00000)]
  0x0000023204067940 JavaThread "Finalizer" daemon [_thread_blocked, id=9432, stack(0x0000004bedb00000,0x0000004bedc00000)]
  0x0000023204050d30 JavaThread "Signal Dispatcher" daemon [_thread_blocked, id=4068, stack(0x0000004bedc00000,0x0000004bedd00000)]
  0x0000023204051660 JavaThread "Attach Listener" daemon [_thread_blocked, id=14228, stack(0x0000004bedd00000,0x0000004bede00000)]
  0x0000023204053150 JavaThread "Service Thread" daemon [_thread_blocked, id=8084, stack(0x0000004bede00000,0x0000004bedf00000)]
  0x0000023204054220 JavaThread "Monitor Deflation Thread" daemon [_thread_blocked, id=23000, stack(0x0000004bedf00000,0x0000004bee000000)]
  0x0000023204042cb0 JavaThread "C2 CompilerThread0" daemon [_thread_blocked, id=800, stack(0x0000004bee000000,0x0000004bee100000)]
  0x0000023204043640 JavaThread "C1 CompilerThread0" daemon [_thread_blocked, id=6440, stack(0x0000004bee100000,0x0000004bee200000)]
  0x0000023204043bc0 JavaThread "Sweeper thread" daemon [_thread_blocked, id=7580, stack(0x0000004bee200000,0x0000004bee300000)]
  0x0000023277463a40 JavaThread "Common-Cleaner" daemon [_thread_blocked, id=15176, stack(0x0000004bee300000,0x0000004bee400000)]
  0x00000232042f4350 JavaThread "Notification Thread" daemon [_thread_blocked, id=14536, stack(0x0000004bee400000,0x0000004bee500000)]

Other Threads:
  0x0000023277480320 VMThread "VM Thread" [stack: 0x0000004bed900000,0x0000004beda00000] [id=1840]
  0x00000232042f6b90 WatcherThread "VM Periodic Task Thread" [stack: 0x0000004bee500000,0x0000004bee600000] [id=19104]
  0x0000023258d54290 WorkerThread "GC Thread#0" [stack: 0x0000004bed400000,0x0000004bed500000] [id=9356]
  0x0000023258d64110 ConcurrentGCThread "G1 Main Marker" [stack: 0x0000004bed500000,0x0000004bed600000] [id=13300]
  0x0000023258d652e0 WorkerThread "G1 Conc#0" [stack: 0x0000004bed600000,0x0000004bed700000] [id=20868]
  0x0000023258dbe8b0 ConcurrentGCThread "G1 Refine#0" [stack: 0x0000004bed700000,0x0000004bed800000] [id=7656]
  0x0000023277330690 ConcurrentGCThread "G1 Service" [stack: 0x0000004bed800000,0x0000004bed900000] [id=16848]

Threads with active compile tasks:

VM state: not at safepoint (normal execution)

VM Mutex/Monitor currently owned by a thread:  ([mutex/lock_event])
[0x0000023258cf0b40] Metaspace_lock - owner thread: 0x0000023258cf6c80

Heap address: 0x0000000089400000, size: 1900 MB, Compressed Oops mode: 32-bit

CDS archive(s) not mapped
Compressed class space mapped at: 0x0000000100000000-0x0000000140000000, reserved size: 1073741824
Narrow klass base: 0x0000000000000000, Narrow klass shift: 3, Narrow klass range: 0x140000000

GC Precious Log:
 CardTable entry size: 512
 Card Set container configuration: InlinePtr #cards 5 size 8 Array Of Cards #cards 12 size 40 Howl #buckets 4 coarsen threshold 1843 Howl Bitmap #cards 512 size 80 coarsen threshold 460 Card regions per heap region 1 cards per card region 2048
 CPUs: 12 total, 12 available
 Memory: 7598M
 Large Page Support: Disabled
 NUMA Support: Disabled
 Compressed Oops: Enabled (32-bit)
 Heap Region Size: 1M
 Heap Min Capacity: 8M
 Heap Initial Capacity: 120M
 Heap Max Capacity: 1900M
 Pre-touch: Disabled
 Parallel Workers: 10
 Concurrent Workers: 3
 Concurrent Refinement Workers: 10
 Periodic GC: Disabled

Heap:
 garbage-first heap   total 122880K, used 2048K [0x0000000089400000, 0x0000000100000000)
  region size 1024K, 3 young (3072K), 0 survivors (0K)
 Metaspace       used 6478K, committed 6592K, reserved 1114112K
  class space    used 524K, committed 576K, reserved 1048576K

Heap Regions: E=young(eden), S=young(survivor), O=old, HS=humongous(starts), HC=humongous(continues), CS=collection set, F=free, OA=open archive, CA=closed archive, TAMS=top-at-mark-start (previous, next)
|   0|0x0000000089400000, 0x0000000089400000, 0x0000000089500000|  0%| F|  |TAMS 0x0000000089400000, 0x0000000089400000| Untracked 
|   1|0x0000000089500000, 0x0000000089500000, 0x0000000089600000|  0%| F|  |TAMS 0x0000000089500000, 0x0000000089500000| Untracked 
|   2|0x0000000089600000, 0x0000000089600000, 0x0000000089700000|  0%| F|  |TAMS 0x0000000089600000, 0x0000000089600000| Untracked 
|   3|0x0000000089700000, 0x0000000089700000, 0x0000000089800000|  0%| F|  |TAMS 0x0000000089700000, 0x0000000089700000| Untracked 
|   4|0x0000000089800000, 0x0000000089800000, 0x0000000089900000|  0%| F|  |TAMS 0x0000000089800000, 0x0000000089800000| Untracked 
|   5|0x0000000089900000, 0x0000000089900000, 0x0000000089a00000|  0%| F|  |TAMS 0x0000000089900000, 0x0000000089900000| Untracked 
|   6|0x0000000089a00000, 0x0000000089a00000, 0x0000000089b00000|  0%| F|  |TAMS 0x0000000089a00000, 0x0000000089a00000| Untracked 
|   7|0x0000000089b00000, 0x0000000089b00000, 0x0000000089c00000|  0%| F|  |TAMS 0x0000000089b00000, 0x0000000089b00000| Untracked 
|   8|0x0000000089c00000, 0x0000000089c00000, 0x0000000089d00000|  0%| F|  |TAMS 0x0000000089c00000, 0x0000000089c00000| Untracked 
|   9|0x0000000089d00000, 0x0000000089d00000, 0x0000000089e00000|  0%| F|  |TAMS 0x0000000089d00000, 0x0000000089d00000| Untracked 
|  10|0x0000000089e00000, 0x0000000089e00000, 0x0000000089f00000|  0%| F|  |TAMS 0x0000000089e00000, 0x0000000089e00000| Untracked 
|  11|0x0000000089f00000, 0x0000000089f00000, 0x000000008a000000|  0%| F|  |TAMS 0x0000000089f00000, 0x0000000089f00000| Untracked 
|  12|0x000000008a000000, 0x000000008a000000, 0x000000008a100000|  0%| F|  |TAMS 0x000000008a000000, 0x000000008a000000| Untracked 
|  13|0x000000008a100000, 0x000000008a100000, 0x000000008a200000|  0%| F|  |TAMS 0x000000008a100000, 0x000000008a100000| Untracked 
|  14|0x000000008a200000, 0x000000008a200000, 0x000000008a300000|  0%| F|  |TAMS 0x000000008a200000, 0x000000008a200000| Untracked 
|  15|0x000000008a300000, 0x000000008a300000, 0x000000008a400000|  0%| F|  |TAMS 0x000000008a300000, 0x000000008a300000| Untracked 
|  16|0x000000008a400000, 0x000000008a400000, 0x000000008a500000|  0%| F|  |TAMS 0x000000008a400000, 0x000000008a400000| Untracked 
|  17|0x000000008a500000, 0x000000008a500000, 0x000000008a600000|  0%| F|  |TAMS 0x000000008a500000, 0x000000008a500000| Untracked 
|  18|0x000000008a600000, 0x000000008a600000, 0x000000008a700000|  0%| F|  |TAMS 0x000000008a600000, 0x000000008a600000| Untracked 
|  19|0x000000008a700000, 0x000000008a700000, 0x000000008a800000|  0%| F|  |TAMS 0x000000008a700000, 0x000000008a700000| Untracked 
|  20|0x000000008a800000, 0x000000008a800000, 0x000000008a900000|  0%| F|  |TAMS 0x000000008a800000, 0x000000008a800000| Untracked 
|  21|0x000000008a900000, 0x000000008a900000, 0x000000008aa00000|  0%| F|  |TAMS 0x000000008a900000, 0x000000008a900000| Untracked 
|  22|0x000000008aa00000, 0x000000008aa00000, 0x000000008ab00000|  0%| F|  |TAMS 0x000000008aa00000, 0x000000008aa00000| Untracked 
|  23|0x000000008ab00000, 0x000000008ab00000, 0x000000008ac00000|  0%| F|  |TAMS 0x000000008ab00000, 0x000000008ab00000| Untracked 
|  24|0x000000008ac00000, 0x000000008ac00000, 0x000000008ad00000|  0%| F|  |TAMS 0x000000008ac00000, 0x000000008ac00000| Untracked 
|  25|0x000000008ad00000, 0x000000008ad00000, 0x000000008ae00000|  0%| F|  |TAMS 0x000000008ad00000, 0x000000008ad00000| Untracked 
|  26|0x000000008ae00000, 0x000000008ae00000, 0x000000008af00000|  0%| F|  |TAMS 0x000000008ae00000, 0x000000008ae00000| Untracked 
|  27|0x000000008af00000, 0x000000008af00000, 0x000000008b000000|  0%| F|  |TAMS 0x000000008af00000, 0x000000008af00000| Untracked 
|  28|0x000000008b000000, 0x000000008b000000, 0x000000008b100000|  0%| F|  |TAMS 0x000000008b000000, 0x000000008b000000| Untracked 
|  29|0x000000008b100000, 0x000000008b100000, 0x000000008b200000|  0%| F|  |TAMS 0x000000008b100000, 0x000000008b100000| Untracked 
|  30|0x000000008b200000, 0x000000008b200000, 0x000000008b300000|  0%| F|  |TAMS 0x000000008b200000, 0x000000008b200000| Untracked 
|  31|0x000000008b300000, 0x000000008b300000, 0x000000008b400000|  0%| F|  |TAMS 0x000000008b300000, 0x000000008b300000| Untracked 
|  32|0x000000008b400000, 0x000000008b400000, 0x000000008b500000|  0%| F|  |TAMS 0x000000008b400000, 0x000000008b400000| Untracked 
|  33|0x000000008b500000, 0x000000008b500000, 0x000000008b600000|  0%| F|  |TAMS 0x000000008b500000, 0x000000008b500000| Untracked 
|  34|0x000000008b600000, 0x000000008b600000, 0x000000008b700000|  0%| F|  |TAMS 0x000000008b600000, 0x000000008b600000| Untracked 
|  35|0x000000008b700000, 0x000000008b700000, 0x000000008b800000|  0%| F|  |TAMS 0x000000008b700000, 0x000000008b700000| Untracked 
|  36|0x000000008b800000, 0x000000008b800000, 0x000000008b900000|  0%| F|  |TAMS 0x000000008b800000, 0x000000008b800000| Untracked 
|  37|0x000000008b900000, 0x000000008b900000, 0x000000008ba00000|  0%| F|  |TAMS 0x000000008b900000, 0x000000008b900000| Untracked 
|  38|0x000000008ba00000, 0x000000008ba00000, 0x000000008bb00000|  0%| F|  |TAMS 0x000000008ba00000, 0x000000008ba00000| Untracked 
|  39|0x000000008bb00000, 0x000000008bb00000, 0x000000008bc00000|  0%| F|  |TAMS 0x000000008bb00000, 0x000000008bb00000| Untracked 
|  40|0x000000008bc00000, 0x000000008bc00000, 0x000000008bd00000|  0%| F|  |TAMS 0x000000008bc00000, 0x000000008bc00000| Untracked 
|  41|0x000000008bd00000, 0x000000008bd00000, 0x000000008be00000|  0%| F|  |TAMS 0x000000008bd00000, 0x000000008bd00000| Untracked 
|  42|0x000000008be00000, 0x000000008be00000, 0x000000008bf00000|  0%| F|  |TAMS 0x000000008be00000, 0x000000008be00000| Untracked 
|  43|0x000000008bf00000, 0x000000008bf00000, 0x000000008c000000|  0%| F|  |TAMS 0x000000008bf00000, 0x000000008bf00000| Untracked 
|  44|0x000000008c000000, 0x000000008c000000, 0x000000008c100000|  0%| F|  |TAMS 0x000000008c000000, 0x000000008c000000| Untracked 
|  45|0x000000008c100000, 0x000000008c100000, 0x000000008c200000|  0%| F|  |TAMS 0x000000008c100000, 0x000000008c100000| Untracked 
|  46|0x000000008c200000, 0x000000008c200000, 0x000000008c300000|  0%| F|  |TAMS 0x000000008c200000, 0x000000008c200000| Untracked 
|  47|0x000000008c300000, 0x000000008c300000, 0x000000008c400000|  0%| F|  |TAMS 0x000000008c300000, 0x000000008c300000| Untracked 
|  48|0x000000008c400000, 0x000000008c400000, 0x000000008c500000|  0%| F|  |TAMS 0x000000008c400000, 0x000000008c400000| Untracked 
|  49|0x000000008c500000, 0x000000008c500000, 0x000000008c600000|  0%| F|  |TAMS 0x000000008c500000, 0x000000008c500000| Untracked 
|  50|0x000000008c600000, 0x000000008c600000, 0x000000008c700000|  0%| F|  |TAMS 0x000000008c600000, 0x000000008c600000| Untracked 
|  51|0x000000008c700000, 0x000000008c700000, 0x000000008c800000|  0%| F|  |TAMS 0x000000008c700000, 0x000000008c700000| Untracked 
|  52|0x000000008c800000, 0x000000008c800000, 0x000000008c900000|  0%| F|  |TAMS 0x000000008c800000, 0x000000008c800000| Untracked 
|  53|0x000000008c900000, 0x000000008c900000, 0x000000008ca00000|  0%| F|  |TAMS 0x000000008c900000, 0x000000008c900000| Untracked 
|  54|0x000000008ca00000, 0x000000008ca00000, 0x000000008cb00000|  0%| F|  |TAMS 0x000000008ca00000, 0x000000008ca00000| Untracked 
|  55|0x000000008cb00000, 0x000000008cb00000, 0x000000008cc00000|  0%| F|  |TAMS 0x000000008cb00000, 0x000000008cb00000| Untracked 
|  56|0x000000008cc00000, 0x000000008cc00000, 0x000000008cd00000|  0%| F|  |TAMS 0x000000008cc00000, 0x000000008cc00000| Untracked 
|  57|0x000000008cd00000, 0x000000008cd00000, 0x000000008ce00000|  0%| F|  |TAMS 0x000000008cd00000, 0x000000008cd00000| Untracked 
|  58|0x000000008ce00000, 0x000000008ce00000, 0x000000008cf00000|  0%| F|  |TAMS 0x000000008ce00000, 0x000000008ce00000| Untracked 
|  59|0x000000008cf00000, 0x000000008cf00000, 0x000000008d000000|  0%| F|  |TAMS 0x000000008cf00000, 0x000000008cf00000| Untracked 
|  60|0x000000008d000000, 0x000000008d000000, 0x000000008d100000|  0%| F|  |TAMS 0x000000008d000000, 0x000000008d000000| Untracked 
|  61|0x000000008d100000, 0x000000008d100000, 0x000000008d200000|  0%| F|  |TAMS 0x000000008d100000, 0x000000008d100000| Untracked 
|  62|0x000000008d200000, 0x000000008d200000, 0x000000008d300000|  0%| F|  |TAMS 0x000000008d200000, 0x000000008d200000| Untracked 
|  63|0x000000008d300000, 0x000000008d300000, 0x000000008d400000|  0%| F|  |TAMS 0x000000008d300000, 0x000000008d300000| Untracked 
|  64|0x000000008d400000, 0x000000008d400000, 0x000000008d500000|  0%| F|  |TAMS 0x000000008d400000, 0x000000008d400000| Untracked 
|  65|0x000000008d500000, 0x000000008d500000, 0x000000008d600000|  0%| F|  |TAMS 0x000000008d500000, 0x000000008d500000| Untracked 
|  66|0x000000008d600000, 0x000000008d600000, 0x000000008d700000|  0%| F|  |TAMS 0x000000008d600000, 0x000000008d600000| Untracked 
|  67|0x000000008d700000, 0x000000008d700000, 0x000000008d800000|  0%| F|  |TAMS 0x000000008d700000, 0x000000008d700000| Untracked 
|  68|0x000000008d800000, 0x000000008d800000, 0x000000008d900000|  0%| F|  |TAMS 0x000000008d800000, 0x000000008d800000| Untracked 
|  69|0x000000008d900000, 0x000000008d900000, 0x000000008da00000|  0%| F|  |TAMS 0x000000008d900000, 0x000000008d900000| Untracked 
|  70|0x000000008da00000, 0x000000008da00000, 0x000000008db00000|  0%| F|  |TAMS 0x000000008da00000, 0x000000008da00000| Untracked 
|  71|0x000000008db00000, 0x000000008db00000, 0x000000008dc00000|  0%| F|  |TAMS 0x000000008db00000, 0x000000008db00000| Untracked 
|  72|0x000000008dc00000, 0x000000008dc00000, 0x000000008dd00000|  0%| F|  |TAMS 0x000000008dc00000, 0x000000008dc00000| Untracked 
|  73|0x000000008dd00000, 0x000000008dd00000, 0x000000008de00000|  0%| F|  |TAMS 0x000000008dd00000, 0x000000008dd00000| Untracked 
|  74|0x000000008de00000, 0x000000008de00000, 0x000000008df00000|  0%| F|  |TAMS 0x000000008de00000, 0x000000008de00000| Untracked 
|  75|0x000000008df00000, 0x000000008df00000, 0x000000008e000000|  0%| F|  |TAMS 0x000000008df00000, 0x000000008df00000| Untracked 
|  76|0x000000008e000000, 0x000000008e000000, 0x000000008e100000|  0%| F|  |TAMS 0x000000008e000000, 0x000000008e000000| Untracked 
|  77|0x000000008e100000, 0x000000008e100000, 0x000000008e200000|  0%| F|  |TAMS 0x000000008e100000, 0x000000008e100000| Untracked 
|  78|0x000000008e200000, 0x000000008e200000, 0x000000008e300000|  0%| F|  |TAMS 0x000000008e200000, 0x000000008e200000| Untracked 
|  79|0x000000008e300000, 0x000000008e300000, 0x000000008e400000|  0%| F|  |TAMS 0x000000008e300000, 0x000000008e300000| Untracked 
|  80|0x000000008e400000, 0x000000008e400000, 0x000000008e500000|  0%| F|  |TAMS 0x000000008e400000, 0x000000008e400000| Untracked 
|  81|0x000000008e500000, 0x000000008e500000, 0x000000008e600000|  0%| F|  |TAMS 0x000000008e500000, 0x000000008e500000| Untracked 
|  82|0x000000008e600000, 0x000000008e600000, 0x000000008e700000|  0%| F|  |TAMS 0x000000008e600000, 0x000000008e600000| Untracked 
|  83|0x000000008e700000, 0x000000008e700000, 0x000000008e800000|  0%| F|  |TAMS 0x000000008e700000, 0x000000008e700000| Untracked 
|  84|0x000000008e800000, 0x000000008e800000, 0x000000008e900000|  0%| F|  |TAMS 0x000000008e800000, 0x000000008e800000| Untracked 
|  85|0x000000008e900000, 0x000000008e900000, 0x000000008ea00000|  0%| F|  |TAMS 0x000000008e900000, 0x000000008e900000| Untracked 
|  86|0x000000008ea00000, 0x000000008ea00000, 0x000000008eb00000|  0%| F|  |TAMS 0x000000008ea00000, 0x000000008ea00000| Untracked 
|  87|0x000000008eb00000, 0x000000008eb00000, 0x000000008ec00000|  0%| F|  |TAMS 0x000000008eb00000, 0x000000008eb00000| Untracked 
|  88|0x000000008ec00000, 0x000000008ec00000, 0x000000008ed00000|  0%| F|  |TAMS 0x000000008ec00000, 0x000000008ec00000| Untracked 
|  89|0x000000008ed00000, 0x000000008ed00000, 0x000000008ee00000|  0%| F|  |TAMS 0x000000008ed00000, 0x000000008ed00000| Untracked 
|  90|0x000000008ee00000, 0x000000008ee00000, 0x000000008ef00000|  0%| F|  |TAMS 0x000000008ee00000, 0x000000008ee00000| Untracked 
|  91|0x000000008ef00000, 0x000000008ef00000, 0x000000008f000000|  0%| F|  |TAMS 0x000000008ef00000, 0x000000008ef00000| Untracked 
|  92|0x000000008f000000, 0x000000008f000000, 0x000000008f100000|  0%| F|  |TAMS 0x000000008f000000, 0x000000008f000000| Untracked 
|  93|0x000000008f100000, 0x000000008f100000, 0x000000008f200000|  0%| F|  |TAMS 0x000000008f100000, 0x000000008f100000| Untracked 
|  94|0x000000008f200000, 0x000000008f200000, 0x000000008f300000|  0%| F|  |TAMS 0x000000008f200000, 0x000000008f200000| Untracked 
|  95|0x000000008f300000, 0x000000008f300000, 0x000000008f400000|  0%| F|  |TAMS 0x000000008f300000, 0x000000008f300000| Untracked 
|  96|0x000000008f400000, 0x000000008f400000, 0x000000008f500000|  0%| F|  |TAMS 0x000000008f400000, 0x000000008f400000| Untracked 
|  97|0x000000008f500000, 0x000000008f500000, 0x000000008f600000|  0%| F|  |TAMS 0x000000008f500000, 0x000000008f500000| Untracked 
|  98|0x000000008f600000, 0x000000008f600000, 0x000000008f700000|  0%| F|  |TAMS 0x000000008f600000, 0x000000008f600000| Untracked 
|  99|0x000000008f700000, 0x000000008f700000, 0x000000008f800000|  0%| F|  |TAMS 0x000000008f700000, 0x000000008f700000| Untracked 
| 100|0x000000008f800000, 0x000000008f800000, 0x000000008f900000|  0%| F|  |TAMS 0x000000008f800000, 0x000000008f800000| Untracked 
| 101|0x000000008f900000, 0x000000008f900000, 0x000000008fa00000|  0%| F|  |TAMS 0x000000008f900000, 0x000000008f900000| Untracked 
| 102|0x000000008fa00000, 0x000000008fa00000, 0x000000008fb00000|  0%| F|  |TAMS 0x000000008fa00000, 0x000000008fa00000| Untracked 
| 103|0x000000008fb00000, 0x000000008fb00000, 0x000000008fc00000|  0%| F|  |TAMS 0x000000008fb00000, 0x000000008fb00000| Untracked 
| 104|0x000000008fc00000, 0x000000008fc00000, 0x000000008fd00000|  0%| F|  |TAMS 0x000000008fc00000, 0x000000008fc00000| Untracked 
| 105|0x000000008fd00000, 0x000000008fd00000, 0x000000008fe00000|  0%| F|  |TAMS 0x000000008fd00000, 0x000000008fd00000| Untracked 
| 106|0x000000008fe00000, 0x000000008fe00000, 0x000000008ff00000|  0%| F|  |TAMS 0x000000008fe00000, 0x000000008fe00000| Untracked 
| 107|0x000000008ff00000, 0x000000008ff00000, 0x0000000090000000|  0%| F|  |TAMS 0x000000008ff00000, 0x000000008ff00000| Untracked 
| 108|0x0000000090000000, 0x0000000090000000, 0x0000000090100000|  0%| F|  |TAMS 0x0000000090000000, 0x0000000090000000| Untracked 
| 109|0x0000000090100000, 0x0000000090100000, 0x0000000090200000|  0%| F|  |TAMS 0x0000000090100000, 0x0000000090100000| Untracked 
| 110|0x0000000090200000, 0x0000000090200000, 0x0000000090300000|  0%| F|  |TAMS 0x0000000090200000, 0x0000000090200000| Untracked 
| 111|0x0000000090300000, 0x0000000090300000, 0x0000000090400000|  0%| F|  |TAMS 0x0000000090300000, 0x0000000090300000| Untracked 
| 112|0x0000000090400000, 0x0000000090400000, 0x0000000090500000|  0%| F|  |TAMS 0x0000000090400000, 0x0000000090400000| Untracked 
| 113|0x0000000090500000, 0x0000000090500000, 0x0000000090600000|  0%| F|  |TAMS 0x0000000090500000, 0x0000000090500000| Untracked 
| 114|0x0000000090600000, 0x0000000090600000, 0x0000000090700000|  0%| F|  |TAMS 0x0000000090600000, 0x0000000090600000| Untracked 
| 115|0x0000000090700000, 0x0000000090700000, 0x0000000090800000|  0%| F|  |TAMS 0x0000000090700000, 0x0000000090700000| Untracked 
| 116|0x0000000090800000, 0x0000000090800000, 0x0000000090900000|  0%| F|  |TAMS 0x0000000090800000, 0x0000000090800000| Untracked 
| 117|0x0000000090900000, 0x00000000909ecc60, 0x0000000090a00000| 92%| E|  |TAMS 0x0000000090900000, 0x0000000090900000| Complete 
| 118|0x0000000090a00000, 0x0000000090b00000, 0x0000000090b00000|100%| E|CS|TAMS 0x0000000090a00000, 0x0000000090a00000| Complete 
| 119|0x0000000090b00000, 0x0000000090c00000, 0x0000000090c00000|100%| E|CS|TAMS 0x0000000090b00000, 0x0000000090b00000| Complete 

Card table byte_map: [0x0000023270570000,0x0000023270930000] _byte_map_base: 0x0000023270126000

Marking Bits (Prev, Next): (CMBitMap*) 0x0000023258d548c0, (CMBitMap*) 0x0000023258d54900
 Prev Bits: [0x0000023270cf0000, 0x0000023272aa0000)
 Next Bits: [0x0000023272aa0000, 0x0000023274850000)

Polling page: 0x0000023256c60000

Metaspace:

Usage:
  Non-class:      5.81 MB used.
      Class:    524.09 KB used.
       Both:      6.33 MB used.

Virtual space:
  Non-class space:       64.00 MB reserved,       5.88 MB (  9%) committed,  1 nodes.
      Class space:        1.00 GB reserved,     576.00 KB ( <1%) committed,  1 nodes.
             Both:        1.06 GB reserved,       6.44 MB ( <1%) committed. 

Chunk freelists:
   Non-Class:  2.12 MB
       Class:  3.25 MB
        Both:  5.37 MB

MaxMetaspaceSize: unlimited
CompressedClassSpaceSize: 1.00 GB
Initial GC threshold: 21.00 MB
Current GC threshold: 21.00 MB
CDS: off
MetaspaceReclaimPolicy: balanced
 - commit_granule_bytes: 65536.
 - commit_granule_words: 8192.
 - virtual_space_node_default_size: 8388608.
 - enlarge_chunks_in_place: 1.
 - new_chunks_are_fully_committed: 0.
 - uncommit_free_chunks: 1.
 - use_allocation_guard: 0.


Internal statistics:

num_allocs_failed_limit: 0.
num_arena_births: 8.
num_arena_deaths: 0.
num_vsnodes_births: 2.
num_vsnodes_deaths: 0.
num_space_committed: 103.
num_space_uncommitted: 0.
num_chunks_returned_to_freelist: 0.
num_chunks_taken_from_freelist: 20.
num_chunk_merges: 0.
num_chunk_splits: 6.
num_chunks_enlarged: 2.
num_inconsistent_stats: 0.

CodeHeap 'non-profiled nmethods': size=120000Kb used=67Kb max_used=67Kb free=119932Kb
 bounds [0x0000023268730000, 0x00000232689a0000, 0x000002326fc60000]
CodeHeap 'profiled nmethods': size=120000Kb used=212Kb max_used=212Kb free=119788Kb
 bounds [0x0000023260c60000, 0x0000023260ed0000, 0x0000023268190000]
CodeHeap 'non-nmethods': size=5760Kb used=1185Kb max_used=1199Kb free=4574Kb
 bounds [0x0000023268190000, 0x0000023268400000, 0x0000023268730000]
 total_blobs=580 nmethods=201 adapters=290
 compilation: enabled
              stopped_count=0, restarted_count=0
 full_count=0

Compilation events (20 events):
Event: 0.219 Thread 0x0000023204043640 nmethod 196 0x0000023260c93d10 code [0x0000023260c93ec0, 0x0000023260c94018]
Event: 0.219 Thread 0x0000023204043640  195       1       java.lang.module.ModuleDescriptor::isOpen (5 bytes)
Event: 0.219 Thread 0x0000023204043640 nmethod 195 0x000002326873e290 code [0x000002326873e420, 0x000002326873e4f8]
Event: 0.219 Thread 0x0000023204043640  197       1       java.util.HashMap::size (5 bytes)
Event: 0.219 Thread 0x0000023204043640 nmethod 197 0x000002326873e590 code [0x000002326873e720, 0x000002326873e7d8]
Event: 0.219 Thread 0x0000023204043640  198       1       java.lang.module.ModuleDescriptor$Provides::service (5 bytes)
Event: 0.219 Thread 0x0000023204043640 nmethod 198 0x000002326873e890 code [0x000002326873ea20, 0x000002326873ead8]
Event: 0.225 Thread 0x0000023204042cb0 nmethod 176 0x000002326873eb90 code [0x000002326873eda0, 0x000002326873f8b0]
Event: 0.225 Thread 0x0000023204042cb0  149       4       java.util.HashMap::afterNodeInsertion (1 bytes)
Event: 0.225 Thread 0x0000023204042cb0 nmethod 149 0x0000023268740010 code [0x0000023268740180, 0x00000232687401f8]
Event: 0.225 Thread 0x0000023204042cb0  181       4       java.util.HashMap::newNode (13 bytes)
Event: 0.226 Thread 0x0000023204042cb0 nmethod 181 0x0000023268740310 code [0x00000232687404a0, 0x00000232687405b8]
Event: 0.226 Thread 0x0000023204042cb0  179       4       java.lang.String::equals (56 bytes)
Event: 0.226 Thread 0x0000023204042cb0 nmethod 179 0x0000023268740690 code [0x0000023268740820, 0x00000232687409f8]
Event: 0.228 Thread 0x0000023204042cb0  199       4       java.lang.String::charAt (25 bytes)
Event: 0.228 Thread 0x0000023204043640  200       3       java.lang.AbstractStringBuilder::append (77 bytes)
Event: 0.228 Thread 0x0000023204043640 nmethod 200 0x0000023260c94110 code [0x0000023260c94320, 0x0000023260c94a18]
Event: 0.229 Thread 0x0000023204042cb0 nmethod 199 0x0000023268740a90 code [0x0000023268740c20, 0x0000023268740d28]
Event: 0.231 Thread 0x0000023204043640  201       3       java.lang.StringBuilder::length (5 bytes)
Event: 0.231 Thread 0x0000023204043640 nmethod 201 0x0000023260c94c90 code [0x0000023260c94e20, 0x0000023260c94f38]

GC Heap History (0 events):
No events

Dll operation events (4 events):
Event: 0.006 Loaded shared library C:\Program Files\Java\jdk-19\bin\java.dll
Event: 0.048 Loaded shared library C:\Program Files\Java\jdk-19\bin\jsvml.dll
Event: 0.203 Loaded shared library C:\Program Files\Java\jdk-19\bin\net.dll
Event: 0.204 Loaded shared library C:\Program Files\Java\jdk-19\bin\nio.dll

Deoptimization events (0 events):
No events

Classes loaded (20 events):
Event: 0.231 Loading class sun/security/util/Debug
Event: 0.231 Loading class sun/security/util/Debug done
Event: 0.231 Loading class java/awt/event/ActionListener
Event: 0.231 Loading class java/util/EventListener
Event: 0.231 Loading class java/util/EventListener done
Event: 0.231 Loading class java/awt/event/ActionListener done
Event: 0.231 Loading class javax/swing/JFrame
Event: 0.231 Loading class javax/swing/WindowConstants
Event: 0.231 Loading class javax/swing/WindowConstants done
Event: 0.231 Loading class javax/accessibility/Accessible
Event: 0.231 Loading class javax/accessibility/Accessible done
Event: 0.231 Loading class javax/swing/RootPaneContainer
Event: 0.231 Loading class javax/swing/RootPaneContainer done
Event: 0.231 Loading class javax/swing/TransferHandler$HasGetTransferHandler
Event: 0.231 Loading class javax/swing/TransferHandler$HasGetTransferHandler done
Event: 0.231 Loading class java/awt/Frame
Event: 0.231 Loading class java/awt/MenuContainer
Event: 0.231 Loading class java/awt/MenuContainer done
Event: 0.232 Loading class java/awt/Window
Event: 0.232 Loading class java/awt/Container

Classes unloaded (0 events):
No events

Classes redefined (0 events):
No events

Internal exceptions (4 events):
Event: 0.206 Thread 0x0000023258cf6c80 Exception <a 'sun/nio/fs/WindowsException'{0x0000000090a5e6b0}> (0x0000000090a5e6b0) 
thrown [s\open\src\hotspot\share\prims\jni.cpp, line 517]
Event: 0.206 Thread 0x0000023258cf6c80 Exception <a 'sun/nio/fs/WindowsException'{0x0000000090a5ebc0}> (0x0000000090a5ebc0) 
thrown [s\open\src\hotspot\share\prims\jni.cpp, line 517]
Event: 0.208 Thread 0x0000023258cf6c80 Exception <a 'sun/nio/fs/WindowsException'{0x0000000090a60dc0}> (0x0000000090a60dc0) 
thrown [s\open\src\hotspot\share\prims\jni.cpp, line 517]
Event: 0.208 Thread 0x0000023258cf6c80 Exception <a 'sun/nio/fs/WindowsException'{0x0000000090a61810}> (0x0000000090a61810) 
thrown [s\open\src\hotspot\share\prims\jni.cpp, line 517]

VM Operations (2 events):
Event: 0.210 Executing VM operation: HandshakeAllThreads
Event: 0.210 Executing VM operation: HandshakeAllThreads done

Events (12 events):
Event: 0.048 Thread 0x0000023258cf6c80 Thread added: 0x0000023258cf6c80
Event: 0.088 Thread 0x0000023204067010 Thread added: 0x0000023204067010
Event: 0.088 Thread 0x0000023204067940 Thread added: 0x0000023204067940
Event: 0.090 Thread 0x0000023204050d30 Thread added: 0x0000023204050d30
Event: 0.090 Thread 0x0000023204051660 Thread added: 0x0000023204051660
Event: 0.090 Thread 0x0000023204053150 Thread added: 0x0000023204053150
Event: 0.090 Thread 0x0000023204054220 Thread added: 0x0000023204054220
Event: 0.090 Thread 0x0000023204042cb0 Thread added: 0x0000023204042cb0
Event: 0.090 Thread 0x0000023204043640 Thread added: 0x0000023204043640
Event: 0.091 Thread 0x0000023204043bc0 Thread added: 0x0000023204043bc0
Event: 0.176 Thread 0x0000023277463a40 Thread added: 0x0000023277463a40
Event: 0.221 Thread 0x00000232042f4350 Thread added: 0x00000232042f4350


Dynamic libraries:
0x00007ff7ba0c0000 - 0x00007ff7ba0d0000 	C:\Program Files\Java\jdk-19\bin\java.exe
0x00007ffc53410000 - 0x00007ffc53627000 	C:\WINDOWS\SYSTEM32\ntdll.dll
0x00007ffc51e60000 - 0x00007ffc51f24000 	C:\WINDOWS\System32\KERNEL32.DLL
0x00007ffc50b30000 - 0x00007ffc50ed7000 	C:\WINDOWS\System32\KERNELBASE.dll
0x00007ffc50940000 - 0x00007ffc50a51000 	C:\WINDOWS\System32\ucrtbase.dll
0x00007ffbfc330000 - 0x00007ffbfc348000 	C:\Program Files\Java\jdk-19\bin\jli.dll
0x00007ffc52260000 - 0x00007ffc52310000 	C:\WINDOWS\System32\ADVAPI32.dll
0x00007ffc317b0000 - 0x00007ffc317cb000 	C:\Program Files\Java\jdk-19\bin\VCRUNTIME140.dll
0x00007ffc515e0000 - 0x00007ffc51687000 	C:\WINDOWS\System32\msvcrt.dll
0x00007ffc51f30000 - 0x00007ffc51fd6000 	C:\WINDOWS\System32\sechost.dll
0x00007ffc53100000 - 0x00007ffc53217000 	C:\WINDOWS\System32\RPCRT4.dll
0x00007ffc53220000 - 0x00007ffc533ce000 	C:\WINDOWS\System32\USER32.dll
0x00007ffc50a60000 - 0x00007ffc50a86000 	C:\WINDOWS\System32\win32u.dll
0x00007ffc515b0000 - 0x00007ffc515d9000 	C:\WINDOWS\System32\GDI32.dll
0x00007ffc3df20000 - 0x00007ffc3e1b3000 	C:\WINDOWS\WinSxS\amd64_microsoft.windows.common-controls_6595b64144ccf1df_6.0.22621.2506_none_270c5ae97388e100\COMCTL32.dll
0x00007ffc51050000 - 0x00007ffc51169000 	C:\WINDOWS\System32\gdi32full.dll
0x00007ffc50a90000 - 0x00007ffc50b2a000 	C:\WINDOWS\System32\msvcp_win.dll
0x00007ffc48030000 - 0x00007ffc4803a000 	C:\WINDOWS\SYSTEM32\VERSION.dll
0x00007ffc51db0000 - 0x00007ffc51de1000 	C:\WINDOWS\System32\IMM32.DLL
0x00007ffc35100000 - 0x00007ffc3510c000 	C:\Program Files\Java\jdk-19\bin\vcruntime140_1.dll
0x00007ffbfc350000 - 0x00007ffbfc3de000 	C:\Program Files\Java\jdk-19\bin\msvcp140.dll
0x00007ffbcc710000 - 0x00007ffbcd3d0000 	C:\Program Files\Java\jdk-19\bin\server\jvm.dll
0x00007ffc37620000 - 0x00007ffc37629000 	C:\WINDOWS\SYSTEM32\WSOCK32.dll
0x00007ffc521e0000 - 0x00007ffc52251000 	C:\WINDOWS\System32\WS2_32.dll
0x00007ffc493f0000 - 0x00007ffc49424000 	C:\WINDOWS\SYSTEM32\WINMM.dll
0x00007ffc4f880000 - 0x00007ffc4f898000 	C:\WINDOWS\SYSTEM32\kernel.appcore.dll
0x00007ffc31730000 - 0x00007ffc3173a000 	C:\Program Files\Java\jdk-19\bin\jimage.dll
0x00007ffc45010000 - 0x00007ffc45243000 	C:\WINDOWS\SYSTEM32\DBGHELP.DLL
0x00007ffc519c0000 - 0x00007ffc51d49000 	C:\WINDOWS\System32\combase.dll
0x00007ffc51690000 - 0x00007ffc51767000 	C:\WINDOWS\System32\OLEAUT32.dll
0x00007ffc468c0000 - 0x00007ffc468f2000 	C:\WINDOWS\SYSTEM32\dbgcore.DLL
0x00007ffc508c0000 - 0x00007ffc5093a000 	C:\WINDOWS\System32\bcryptPrimitives.dll
0x00007ffc31740000 - 0x00007ffc31766000 	C:\Program Files\Java\jdk-19\bin\java.dll
0x00007ffc31650000 - 0x00007ffc31727000 	C:\Program Files\Java\jdk-19\bin\jsvml.dll
0x00007ffc52790000 - 0x00007ffc52fe9000 	C:\WINDOWS\System32\SHELL32.dll
0x00007ffc4e680000 - 0x00007ffc4ef74000 	C:\WINDOWS\SYSTEM32\windows.storage.dll
0x00007ffc4e530000 - 0x00007ffc4e66e000 	C:\WINDOWS\SYSTEM32\wintypes.dll
0x00007ffc52050000 - 0x00007ffc52143000 	C:\WINDOWS\System32\SHCORE.dll
0x00007ffc51d50000 - 0x00007ffc51dae000 	C:\WINDOWS\System32\shlwapi.dll
0x00007ffc506c0000 - 0x00007ffc506e6000 	C:\WINDOWS\SYSTEM32\profapi.dll
0x00007ffc31630000 - 0x00007ffc31643000 	C:\Program Files\Java\jdk-19\bin\net.dll
0x00007ffc4b4d0000 - 0x00007ffc4b607000 	C:\WINDOWS\SYSTEM32\WINHTTP.dll
0x00007ffc4fd00000 - 0x00007ffc4fd69000 	C:\WINDOWS\system32\mswsock.dll
0x00007ffc31610000 - 0x00007ffc31626000 	C:\Program Files\Java\jdk-19\bin\nio.dll

dbghelp: loaded successfully - version: 4.0.5 - missing functions: none
symbol engine: initialized successfully - sym options: 0x614 - pdb path: .;C:\Program Files\Java\jdk-19\bin;C:\WINDOWS\SYSTEM32;C:\WINDOWS\WinSxS\amd64_microsoft.windows.common-controls_6595b64144ccf1df_6.0.22621.2506_none_270c5ae97388e100;C:\Program Files\Java\jdk-19\bin\server

VM Arguments:
jvm_args: -Dfile.encoding=UTF-8 --module-path=D:\OneDrive\Documents\NetBeansProjects\Wellness\build\classes 
java_command: wellness.Heart
java_class_path (initial): D:\OneDrive\Documents\NetBeansProjects\Wellness\build\classes
Launcher Type: SUN_STANDARD

[Global flags]
     intx CICompilerCount                          = 4                                         {product} {ergonomic}
     uint ConcGCThreads                            = 3                                         {product} {ergonomic}
     uint G1ConcRefinementThreads                  = 10                                        {product} {ergonomic}
   size_t G1HeapRegionSize                         = 1048576                                   {product} {ergonomic}
    uintx GCDrainStackTargetSize                   = 64                                        {product} {ergonomic}
   size_t InitialHeapSize                          = 125829120                                 {product} {ergonomic}
   size_t MarkStackSize                            = 4194304                                   {product} {ergonomic}
   size_t MaxHeapSize                              = 1992294400                                {product} {ergonomic}
   size_t MaxNewSize                               = 1195376640                                {product} {ergonomic}
   size_t MinHeapDeltaBytes                        = 1048576                                   {product} {ergonomic}
   size_t MinHeapSize                              = 8388608                                   {product} {ergonomic}
    uintx NonNMethodCodeHeapSize                   = 5839372                                {pd product} {ergonomic}
    uintx NonProfiledCodeHeapSize                  = 122909434                              {pd product} {ergonomic}
    uintx ProfiledCodeHeapSize                     = 122909434                              {pd product} {ergonomic}
    uintx ReservedCodeCacheSize                    = 251658240                              {pd product} {ergonomic}
     bool SegmentedCodeCache                       = true                                      {product} {ergonomic}
   size_t SoftMaxHeapSize                          = 1992294400                             {manageable} {ergonomic}
     bool UseCompressedClassPointers               = true                           {product lp64_product} {ergonomic}
     bool UseCompressedOops                        = true                           {product lp64_product} {ergonomic}
     bool UseG1GC                                  = true                                      {product} {ergonomic}
     bool UseLargePagesIndividualAllocation        = false                                  {pd product} {ergonomic}

Logging:
Log output configuration:
 #0: stdout all=warning uptime,level,tags foldmultilines=false
 #1: stderr all=off uptime,level,tags foldmultilines=false

Environment Variables:
JAVA_HOME=C:\Program Files\Java\jdk-19
PATH=C:\Program Files\Java\jdk-19\bin;C:\Program Files\Common Files\Oracle\Java\javapath;D:\Scripts\;D:\;C:\Windows\system32;C:\Windows;C:\Windows\System32\Wbem;C:\Windows\System32\WindowsPowerShell\v1.0\;C:\Windows\System32\OpenSSH\;C:\Program Files (x86)\NVIDIA Corporation\PhysX\Common;C:\Program Files\NVIDIA Corporation\NVIDIA NvDLISR;C:\WINDOWS\system32;C:\WINDOWS;C:\WINDOWS\System32\Wbem;C:\WINDOWS\System32\WindowsPowerShell\v1.0\;C:\WINDOWS\System32\OpenSSH\;C:\Program Files\Git\cmd;C:\Program Files\MySQL\MySQL Shell 8.0\bin\;C:\Users\91630\AppData\Local\Microsoft\WindowsApps;C:\Program Files\JetBrains\IntelliJ IDEA Community Edition 2023.1.3\bin;;C:\Users\91630\AppData\Local\Programs\Microsoft VS Code\bin
USERNAME=91630
OS=Windows_NT
PROCESSOR_IDENTIFIER=AMD64 Family 23 Model 96 Stepping 1, AuthenticAMD
TMP=C:\Users\91630\AppData\Local\Temp
TEMP=C:\Users\91630\AppData\Local\Temp



---------------  S Y S T E M  ---------------

OS:
 Windows 11 , 64 bit Build 22621 (10.0.22621.2506)
OS uptime: 6 days 6:33 hours
Hyper-V role detected

CPU: total 12 (initial active 12) (12 cores per cpu, 2 threads per core) family 23 model 96 stepping 1 microcode 0x0, cx8, cmov, fxsr, ht, mmx, 3dnowpref, sse, sse2, sse3, ssse3, sse4a, sse4.1, sse4.2, popcnt, lzcnt, tsc, tscinvbit, avx, avx2, aes, clmul, bmi1, bmi2, adx, sha, fma, vzeroupper, clflush, clflushopt, hv, rdtscp, rdpid

Memory: 4k page, system-wide physical 7598M (452M free)
TotalPageFile size 15790M (AvailPageFile size 0M)
current process WorkingSet (physical memory assigned to process): 33M, peak: 33M
current process commit charge ("private bytes"): 202M, peak: 202M

vm_info: Java HotSpot(TM) 64-Bit Server VM (19.0.2+7-44) for windows-amd64 JRE (19.0.2+7-44), built on 2022-11-30T18:02:09Z by "mach5one" with MS VC++ 17.1 (VS2022)

END.
